<?xml version="1.0" encoding="UTF-8"?>
<!-- Generated by org.testng.reporters.JUnitXMLReporter -->
<testsuite hostname="Z100107" name="com.YouMagicPro.LKA_tests" tests="62" failures="6" timestamp="13 Nov 2012 12:15:18 GMT" time="4180.511" errors="0">
  <testcase name="buying804NumberCategoriesOfNumbers_C25622" time="64.917" classname="com.YouMagicPro.LKA_tests.Buying804NumberCategoriesOfNumbers">
    <failure type="org.openqa.selenium.WebDriverException" message="Element is not clickable at point (555, 381). Other element would receive the click: &amp;lt;img id=&amp;quot;1&amp;quot; class=&amp;quot;slideimage&amp;quot; src=&amp;quot;/sites/all/modules/contrib/umagicpro_instructions/images/home.png&amp;quot; data-title=&amp;quot;Благодарим вас за выбор YouMagic.Pro!&amp;quot;&amp;gt; (WARNING: The server did not provide any stacktrace information)
Command duration or timeout: 32 milliseconds
Build info: version: &amp;apos;2.26.0&amp;apos;, revision: &amp;apos;18040&amp;apos;, time: &amp;apos;2012-11-02 09:44:45&amp;apos;
System info: os.name: &amp;apos;Windows 7&amp;apos;, os.arch: &amp;apos;amd64&amp;apos;, os.version: &amp;apos;6.1&amp;apos;, java.version: &amp;apos;1.7.0_05&amp;apos;
Driver info: driver.version: RemoteWebDriver
Session ID: 6752d5fad075b76405e9a4ba98709f8e">
      <![CDATA[org.openqa.selenium.WebDriverException: Element is not clickable at point (555, 381). Other element would receive the click: <img id="1" class="slideimage" src="/sites/all/modules/contrib/umagicpro_instructions/images/home.png" data-title="Благодарим вас за выбор YouMagic.Pro!"> (WARNING: The server did not provide any stacktrace information)
Command duration or timeout: 32 milliseconds
Build info: version: '2.26.0', revision: '18040', time: '2012-11-02 09:44:45'
System info: os.name: 'Windows 7', os.arch: 'amd64', os.version: '6.1', java.version: '1.7.0_05'
Driver info: driver.version: RemoteWebDriver
Session ID: 6752d5fad075b76405e9a4ba98709f8e
	at sun.reflect.NativeConstructorAccessorImpl.newInstance0(Native Method)
	at sun.reflect.NativeConstructorAccessorImpl.newInstance(NativeConstructorAccessorImpl.java:57)
	at sun.reflect.DelegatingConstructorAccessorImpl.newInstance(DelegatingConstructorAccessorImpl.java:45)
	at java.lang.reflect.Constructor.newInstance(Constructor.java:525)
	at org.openqa.selenium.remote.ErrorHandler.createThrowable(ErrorHandler.java:188)
	at org.openqa.selenium.remote.ErrorHandler.throwIfResponseFailed(ErrorHandler.java:145)
	at org.openqa.selenium.remote.RemoteWebDriver.execute(RemoteWebDriver.java:531)
	at org.openqa.selenium.remote.RemoteWebElement.execute(RemoteWebElement.java:246)
	at org.openqa.selenium.remote.RemoteWebElement.click(RemoteWebElement.java:79)
	at com.YouMagicPro.LKA_tests.TestBase.waitAdminPageToLoad(TestBase.java:111)
	at com.YouMagicPro.LKA_tests.Buying804NumberCategoriesOfNumbers.buying804NumberCategoriesOfNumbers_C25622(Buying804NumberCategoriesOfNumbers.java:11)
	at sun.reflect.NativeMethodAccessorImpl.invoke0(Native Method)
	at sun.reflect.NativeMethodAccessorImpl.invoke(NativeMethodAccessorImpl.java:57)
	at sun.reflect.DelegatingMethodAccessorImpl.invoke(DelegatingMethodAccessorImpl.java:43)
	at java.lang.reflect.Method.invoke(Method.java:601)
	at org.testng.internal.MethodInvocationHelper.invokeMethod(MethodInvocationHelper.java:80)
	at org.testng.internal.Invoker.invokeMethod(Invoker.java:714)
	at org.testng.internal.Invoker.invokeTestMethod(Invoker.java:901)
	at org.testng.internal.Invoker.invokeTestMethods(Invoker.java:1231)
	at org.testng.internal.TestMethodWorker.invokeTestMethods(TestMethodWorker.java:127)
	at org.testng.internal.TestMethodWorker.run(TestMethodWorker.java:111)
	at org.testng.TestRunner.privateRun(TestRunner.java:767)
	at org.testng.TestRunner.run(TestRunner.java:617)
	at org.testng.SuiteRunner.runTest(SuiteRunner.java:334)
	at org.testng.SuiteRunner.runSequentially(SuiteRunner.java:329)
	at org.testng.SuiteRunner.privateRun(SuiteRunner.java:291)
	at org.testng.SuiteRunner.run(SuiteRunner.java:240)
	at org.testng.SuiteRunnerWorker.runSuite(SuiteRunnerWorker.java:52)
	at org.testng.SuiteRunnerWorker.run(SuiteRunnerWorker.java:86)
	at org.testng.TestNG.runSuitesSequentially(TestNG.java:1198)
	at org.testng.TestNG.runSuitesLocally(TestNG.java:1123)
	at org.testng.TestNG.run(TestNG.java:1031)
	at org.apache.maven.surefire.testng.TestNGExecutor.run(TestNGExecutor.java:122)
	at org.apache.maven.surefire.testng.TestNGXmlTestSuite.execute(TestNGXmlTestSuite.java:88)
	at org.apache.maven.surefire.testng.TestNGProvider.invoke(TestNGProvider.java:104)
	at sun.reflect.NativeMethodAccessorImpl.invoke0(Native Method)
	at sun.reflect.NativeMethodAccessorImpl.invoke(NativeMethodAccessorImpl.java:57)
	at sun.reflect.DelegatingMethodAccessorImpl.invoke(DelegatingMethodAccessorImpl.java:43)
	at java.lang.reflect.Method.invoke(Method.java:601)
	at org.apache.maven.surefire.booter.ProviderFactory$ClassLoaderProxy.invoke(ProviderFactory.java:103)
	at $Proxy0.invoke(Unknown Source)
	at org.apache.maven.surefire.booter.SurefireStarter.invokeProvider(SurefireStarter.java:150)
	at org.apache.maven.surefire.booter.SurefireStarter.runSuitesInProcess(SurefireStarter.java:91)
	at org.apache.maven.surefire.booter.ForkedBooter.main(ForkedBooter.java:69)
]]>
    </failure>
  </testcase> <!-- buying804NumberCategoriesOfNumbers_C25622 -->
  <testcase name="buying804NumberCostOfNumberTest_C25623" time="53.592" classname="com.YouMagicPro.LKA_tests.Buying804NumberCostOfNumberTest"/>
  <testcase name="buyingAdditionalInternalNumberCheckCost_C15113" time="65.251" classname="com.YouMagicPro.LKA_tests.BuyingAdditionalInternalNumberCheckCost"/>
  <testcase name="buyingAdditionalInternalNumberTextFieldTest_C15112" time="53.894" classname="com.YouMagicPro.LKA_tests.BuyingAdditionalInternalNumberTextFieldTest"/>
  <testcase name="buyingAdditionalNumberChooseCityFromList_C15103" time="31.317" classname="com.YouMagicPro.LKA_tests.BuyingAdditionalNumberChooseCityFromList"/>
  <testcase name="BuyingAdditionalNumberChooseNumberCategories_C15105" time="38.623" classname="com.YouMagicPro.LKA_tests.BuyingAdditionalNumberChooseNumberCategories"/>
  <testcase name="BuyingAdditionalNumberChooseNumbersFromList_C15106" time="20.546" classname="com.YouMagicPro.LKA_tests.BuyingAdditionalNumberChooseNumbersFromList"/>
  <testcase name="contractBankAccountLettersAndNumbersTest_C14496" time="93.709" classname="com.YouMagicPro.LKA_tests.ContractBankAccountLettersAndNumbersTest"/>
  <testcase name="contractBankAccountLettersInTextFieldTest_C14995" time="100.16" classname="com.YouMagicPro.LKA_tests.ContractBankAccountLettersInTextFieldTest"/>
  <testcase name="contractBankAccountOneInTextFieldTest_C14993" time="94.82" classname="com.YouMagicPro.LKA_tests.ContractBankAccountOneInTextFieldTest"/>
  <testcase name="contractBankAccountSymbolsInTextFieldTest_C14997" time="55.455" classname="com.YouMagicPro.LKA_tests.ContractBankAccountSymbolsInTextFieldTest"/>
  <testcase name="contractBankAccountTenInTextFieldTest_C14994" time="39.862" classname="com.YouMagicPro.LKA_tests.ContractBankAccountTenInTextFieldTest"/>
  <testcase name="contractBikTest1inTextField_C15022" time="24.148" classname="com.YouMagicPro.LKA_tests.ContractBik1inTextFieldTest"/>
  <testcase name="contractBikTest_C15025" time="20.654" classname="com.YouMagicPro.LKA_tests.ContractBikLettersAndNumbersInTextFieldTest"/>
  <testcase name="contractBikTestLettersInTextField_C15023" time="20.677" classname="com.YouMagicPro.LKA_tests.ContractBikLettersInTextFieldTest"/>
  <testcase name="contractBikSymbolsInTextFieldTest_C15026" time="21.217" classname="com.YouMagicPro.LKA_tests.ContractBikSymbolsInTextFieldTest"/>
  <testcase name="contractCheckDocumentTest_C14986" time="18.742" classname="com.YouMagicPro.LKA_tests.ContractCheckDocumentTest"/>
  <testcase name="contractCorAccount19NumbersTest_C15005" time="128.144" classname="com.YouMagicPro.LKA_tests.ContractCorAccount19NumbersTest"/>
  <testcase name="contractCorAccountTenInTextFieldTest_C15000" time="530.565" classname="com.YouMagicPro.LKA_tests.ContractCorAccountLettersAndNumbersTextFieldTest"/>
  <testcase name="contractCorAccountLettersInTextFieldTest_C15001" time="399.34" classname="com.YouMagicPro.LKA_tests.ContractCorAccountLettersInTextFieldTest">
    <failure type="org.openqa.selenium.WebDriverException" message="Element is not clickable at point (868.5, 44). Other element would receive the click: &amp;lt;div class=&amp;quot;sl_head&amp;quot;&amp;gt;...&amp;lt;/div&amp;gt; (WARNING: The server did not provide any stacktrace information)
Command duration or timeout: 79 milliseconds
Build info: version: &amp;apos;2.26.0&amp;apos;, revision: &amp;apos;18040&amp;apos;, time: &amp;apos;2012-11-02 09:44:45&amp;apos;
System info: os.name: &amp;apos;Windows 7&amp;apos;, os.arch: &amp;apos;amd64&amp;apos;, os.version: &amp;apos;6.1&amp;apos;, java.version: &amp;apos;1.7.0_05&amp;apos;
Driver info: driver.version: RemoteWebDriver
Session ID: 6dd90c403e997a1b72541fefc6729aeb">
      <![CDATA[org.openqa.selenium.WebDriverException: Element is not clickable at point (868.5, 44). Other element would receive the click: <div class="sl_head">...</div> (WARNING: The server did not provide any stacktrace information)
Command duration or timeout: 79 milliseconds
Build info: version: '2.26.0', revision: '18040', time: '2012-11-02 09:44:45'
System info: os.name: 'Windows 7', os.arch: 'amd64', os.version: '6.1', java.version: '1.7.0_05'
Driver info: driver.version: RemoteWebDriver
Session ID: 6dd90c403e997a1b72541fefc6729aeb
	at sun.reflect.NativeConstructorAccessorImpl.newInstance0(Native Method)
	at sun.reflect.NativeConstructorAccessorImpl.newInstance(NativeConstructorAccessorImpl.java:57)
	at sun.reflect.DelegatingConstructorAccessorImpl.newInstance(DelegatingConstructorAccessorImpl.java:45)
	at java.lang.reflect.Constructor.newInstance(Constructor.java:525)
	at org.openqa.selenium.remote.ErrorHandler.createThrowable(ErrorHandler.java:188)
	at org.openqa.selenium.remote.ErrorHandler.throwIfResponseFailed(ErrorHandler.java:145)
	at org.openqa.selenium.remote.RemoteWebDriver.execute(RemoteWebDriver.java:531)
	at org.openqa.selenium.remote.RemoteWebElement.execute(RemoteWebElement.java:246)
	at org.openqa.selenium.remote.RemoteWebElement.click(RemoteWebElement.java:79)
	at com.YouMagicPro.LKA_tests.TestBase.waitContractPageToLoad(TestBase.java:137)
	at com.YouMagicPro.LKA_tests.ContractCorAccountLettersInTextFieldTest.contractCorAccountLettersInTextFieldTest_C15001(ContractCorAccountLettersInTextFieldTest.java:8)
	at sun.reflect.NativeMethodAccessorImpl.invoke0(Native Method)
	at sun.reflect.NativeMethodAccessorImpl.invoke(NativeMethodAccessorImpl.java:57)
	at sun.reflect.DelegatingMethodAccessorImpl.invoke(DelegatingMethodAccessorImpl.java:43)
	at java.lang.reflect.Method.invoke(Method.java:601)
	at org.testng.internal.MethodInvocationHelper.invokeMethod(MethodInvocationHelper.java:80)
	at org.testng.internal.Invoker.invokeMethod(Invoker.java:714)
	at org.testng.internal.Invoker.invokeTestMethod(Invoker.java:901)
	at org.testng.internal.Invoker.invokeTestMethods(Invoker.java:1231)
	at org.testng.internal.TestMethodWorker.invokeTestMethods(TestMethodWorker.java:127)
	at org.testng.internal.TestMethodWorker.run(TestMethodWorker.java:111)
	at org.testng.TestRunner.privateRun(TestRunner.java:767)
	at org.testng.TestRunner.run(TestRunner.java:617)
	at org.testng.SuiteRunner.runTest(SuiteRunner.java:334)
	at org.testng.SuiteRunner.runSequentially(SuiteRunner.java:329)
	at org.testng.SuiteRunner.privateRun(SuiteRunner.java:291)
	at org.testng.SuiteRunner.run(SuiteRunner.java:240)
	at org.testng.SuiteRunnerWorker.runSuite(SuiteRunnerWorker.java:52)
	at org.testng.SuiteRunnerWorker.run(SuiteRunnerWorker.java:86)
	at org.testng.TestNG.runSuitesSequentially(TestNG.java:1198)
	at org.testng.TestNG.runSuitesLocally(TestNG.java:1123)
	at org.testng.TestNG.run(TestNG.java:1031)
	at org.apache.maven.surefire.testng.TestNGExecutor.run(TestNGExecutor.java:122)
	at org.apache.maven.surefire.testng.TestNGXmlTestSuite.execute(TestNGXmlTestSuite.java:88)
	at org.apache.maven.surefire.testng.TestNGProvider.invoke(TestNGProvider.java:104)
	at sun.reflect.NativeMethodAccessorImpl.invoke0(Native Method)
	at sun.reflect.NativeMethodAccessorImpl.invoke(NativeMethodAccessorImpl.java:57)
	at sun.reflect.DelegatingMethodAccessorImpl.invoke(DelegatingMethodAccessorImpl.java:43)
	at java.lang.reflect.Method.invoke(Method.java:601)
	at org.apache.maven.surefire.booter.ProviderFactory$ClassLoaderProxy.invoke(ProviderFactory.java:103)
	at $Proxy0.invoke(Unknown Source)
	at org.apache.maven.surefire.booter.SurefireStarter.invokeProvider(SurefireStarter.java:150)
	at org.apache.maven.surefire.booter.SurefireStarter.runSuitesInProcess(SurefireStarter.java:91)
	at org.apache.maven.surefire.booter.ForkedBooter.main(ForkedBooter.java:69)
]]>
    </failure>
  </testcase> <!-- contractCorAccountLettersInTextFieldTest_C15001 -->
  <testcase name="contractCorAccountOneInTextFieldTest_C14499" time="73.974" classname="com.YouMagicPro.LKA_tests.ContractCorAccountOneInTextFieldTest"/>
  <testcase name="contractCorAccountSymbolsInTextFieldTest_C15003" time="19.343" classname="com.YouMagicPro.LKA_tests.ContractCorAccountSymbolsInTextFieldTest">
    <failure type="org.openqa.selenium.WebDriverException" message="Element is not clickable at point (750.5, 645.5). Other element would receive the click: &amp;lt;div id=&amp;quot;instructionBackdrop&amp;quot; style=&amp;quot;z-index: 1110; position: absolute; left: 0px; margin: 0px; background-color: rgb(255, 255, 255); opacity: 0.55; top: 0px; height: 2510px; width: 977px; background-position: initial initial; background-repeat: initial initial;&amp;quot;&amp;gt;&amp;lt;/div&amp;gt; (WARNING: The server did not provide any stacktrace information)
Command duration or timeout: 47 milliseconds
Build info: version: &amp;apos;2.26.0&amp;apos;, revision: &amp;apos;18040&amp;apos;, time: &amp;apos;2012-11-02 09:44:45&amp;apos;
System info: os.name: &amp;apos;Windows 7&amp;apos;, os.arch: &amp;apos;amd64&amp;apos;, os.version: &amp;apos;6.1&amp;apos;, java.version: &amp;apos;1.7.0_05&amp;apos;
Driver info: driver.version: RemoteWebDriver
Session ID: 053d130924a2ef8cf5d8e23415fd3f59">
      <![CDATA[org.openqa.selenium.WebDriverException: Element is not clickable at point (750.5, 645.5). Other element would receive the click: <div id="instructionBackdrop" style="z-index: 1110; position: absolute; left: 0px; margin: 0px; background-color: rgb(255, 255, 255); opacity: 0.55; top: 0px; height: 2510px; width: 977px; background-position: initial initial; background-repeat: initial initial;"></div> (WARNING: The server did not provide any stacktrace information)
Command duration or timeout: 47 milliseconds
Build info: version: '2.26.0', revision: '18040', time: '2012-11-02 09:44:45'
System info: os.name: 'Windows 7', os.arch: 'amd64', os.version: '6.1', java.version: '1.7.0_05'
Driver info: driver.version: RemoteWebDriver
Session ID: 053d130924a2ef8cf5d8e23415fd3f59
	at sun.reflect.NativeConstructorAccessorImpl.newInstance0(Native Method)
	at sun.reflect.NativeConstructorAccessorImpl.newInstance(NativeConstructorAccessorImpl.java:57)
	at sun.reflect.DelegatingConstructorAccessorImpl.newInstance(DelegatingConstructorAccessorImpl.java:45)
	at java.lang.reflect.Constructor.newInstance(Constructor.java:525)
	at org.openqa.selenium.remote.ErrorHandler.createThrowable(ErrorHandler.java:188)
	at org.openqa.selenium.remote.ErrorHandler.throwIfResponseFailed(ErrorHandler.java:145)
	at org.openqa.selenium.remote.RemoteWebDriver.execute(RemoteWebDriver.java:531)
	at org.openqa.selenium.remote.RemoteWebElement.execute(RemoteWebElement.java:246)
	at org.openqa.selenium.remote.RemoteWebElement.click(RemoteWebElement.java:79)
	at com.YouMagicPro.LKA_tests.TestBase.sendKeysAndAssert_cor(TestBase.java:67)
	at com.YouMagicPro.LKA_tests.ContractCorAccountSymbolsInTextFieldTest.contractCorAccountSymbolsInTextFieldTest_C15003(ContractCorAccountSymbolsInTextFieldTest.java:10)
	at sun.reflect.NativeMethodAccessorImpl.invoke0(Native Method)
	at sun.reflect.NativeMethodAccessorImpl.invoke(NativeMethodAccessorImpl.java:57)
	at sun.reflect.DelegatingMethodAccessorImpl.invoke(DelegatingMethodAccessorImpl.java:43)
	at java.lang.reflect.Method.invoke(Method.java:601)
	at org.testng.internal.MethodInvocationHelper.invokeMethod(MethodInvocationHelper.java:80)
	at org.testng.internal.Invoker.invokeMethod(Invoker.java:714)
	at org.testng.internal.Invoker.invokeTestMethod(Invoker.java:901)
	at org.testng.internal.Invoker.invokeTestMethods(Invoker.java:1231)
	at org.testng.internal.TestMethodWorker.invokeTestMethods(TestMethodWorker.java:127)
	at org.testng.internal.TestMethodWorker.run(TestMethodWorker.java:111)
	at org.testng.TestRunner.privateRun(TestRunner.java:767)
	at org.testng.TestRunner.run(TestRunner.java:617)
	at org.testng.SuiteRunner.runTest(SuiteRunner.java:334)
	at org.testng.SuiteRunner.runSequentially(SuiteRunner.java:329)
	at org.testng.SuiteRunner.privateRun(SuiteRunner.java:291)
	at org.testng.SuiteRunner.run(SuiteRunner.java:240)
	at org.testng.SuiteRunnerWorker.runSuite(SuiteRunnerWorker.java:52)
	at org.testng.SuiteRunnerWorker.run(SuiteRunnerWorker.java:86)
	at org.testng.TestNG.runSuitesSequentially(TestNG.java:1198)
	at org.testng.TestNG.runSuitesLocally(TestNG.java:1123)
	at org.testng.TestNG.run(TestNG.java:1031)
	at org.apache.maven.surefire.testng.TestNGExecutor.run(TestNGExecutor.java:122)
	at org.apache.maven.surefire.testng.TestNGXmlTestSuite.execute(TestNGXmlTestSuite.java:88)
	at org.apache.maven.surefire.testng.TestNGProvider.invoke(TestNGProvider.java:104)
	at sun.reflect.NativeMethodAccessorImpl.invoke0(Native Method)
	at sun.reflect.NativeMethodAccessorImpl.invoke(NativeMethodAccessorImpl.java:57)
	at sun.reflect.DelegatingMethodAccessorImpl.invoke(DelegatingMethodAccessorImpl.java:43)
	at java.lang.reflect.Method.invoke(Method.java:601)
	at org.apache.maven.surefire.booter.ProviderFactory$ClassLoaderProxy.invoke(ProviderFactory.java:103)
	at $Proxy0.invoke(Unknown Source)
	at org.apache.maven.surefire.booter.SurefireStarter.invokeProvider(SurefireStarter.java:150)
	at org.apache.maven.surefire.booter.SurefireStarter.runSuitesInProcess(SurefireStarter.java:91)
	at org.apache.maven.surefire.booter.ForkedBooter.main(ForkedBooter.java:69)
]]>
    </failure>
  </testcase> <!-- contractCorAccountSymbolsInTextFieldTest_C15003 -->
  <testcase name="contractCorAccountTenInTextFieldTest_C15000" time="23.918" classname="com.YouMagicPro.LKA_tests.ContractCorAccountTenInTextFieldTest"/>
  <testcase name="contractEndOfPageDataTest_C15062" time="104.124" classname="com.YouMagicPro.LKA_tests.ContractEndOfPageDataTest"/>
  <testcase name="fillInContractDataTest" time="79.665" classname="com.YouMagicPro.LKA_tests.ContractFillInDataTest"/>
  <testcase name="contractInn6NumbersInTextFieldTest_C15029" time="36.647" classname="com.YouMagicPro.LKA_tests.ContractInn6NumbersInTextFieldTest"/>
  <testcase name="contractInnChooseForm_C15047" time="203.506" classname="com.YouMagicPro.LKA_tests.ContractInnChooseFormTest"/>
  <testcase name="contractInnLettersInTextFieldTest_C15030" time="447.818" classname="com.YouMagicPro.LKA_tests.ContractInnLettersInTextFieldTest"/>
  <testcase name="contractInnOneInTextFieldTest_C15028" time="458.766" classname="com.YouMagicPro.LKA_tests.ContractInnOneInTextFieldTest">
    <failure type="org.openqa.selenium.WebDriverException" message="Element is not clickable at point (555, 381). Other element would receive the click: &amp;lt;img id=&amp;quot;1&amp;quot; class=&amp;quot;slideimage&amp;quot; src=&amp;quot;/sites/all/modules/contrib/umagicpro_instructions/images/home.png&amp;quot; data-title=&amp;quot;Благодарим вас за выбор YouMagic.Pro!&amp;quot;&amp;gt; (WARNING: The server did not provide any stacktrace information)
Command duration or timeout: 33 milliseconds
Build info: version: &amp;apos;2.26.0&amp;apos;, revision: &amp;apos;18040&amp;apos;, time: &amp;apos;2012-11-02 09:44:45&amp;apos;
System info: os.name: &amp;apos;Windows 7&amp;apos;, os.arch: &amp;apos;amd64&amp;apos;, os.version: &amp;apos;6.1&amp;apos;, java.version: &amp;apos;1.7.0_05&amp;apos;
Driver info: driver.version: RemoteWebDriver
Session ID: aab41033625dc2508e332250dcfabb57">
      <![CDATA[org.openqa.selenium.WebDriverException: Element is not clickable at point (555, 381). Other element would receive the click: <img id="1" class="slideimage" src="/sites/all/modules/contrib/umagicpro_instructions/images/home.png" data-title="Благодарим вас за выбор YouMagic.Pro!"> (WARNING: The server did not provide any stacktrace information)
Command duration or timeout: 33 milliseconds
Build info: version: '2.26.0', revision: '18040', time: '2012-11-02 09:44:45'
System info: os.name: 'Windows 7', os.arch: 'amd64', os.version: '6.1', java.version: '1.7.0_05'
Driver info: driver.version: RemoteWebDriver
Session ID: aab41033625dc2508e332250dcfabb57
	at sun.reflect.NativeConstructorAccessorImpl.newInstance0(Native Method)
	at sun.reflect.NativeConstructorAccessorImpl.newInstance(NativeConstructorAccessorImpl.java:57)
	at sun.reflect.DelegatingConstructorAccessorImpl.newInstance(DelegatingConstructorAccessorImpl.java:45)
	at java.lang.reflect.Constructor.newInstance(Constructor.java:525)
	at org.openqa.selenium.remote.ErrorHandler.createThrowable(ErrorHandler.java:188)
	at org.openqa.selenium.remote.ErrorHandler.throwIfResponseFailed(ErrorHandler.java:145)
	at org.openqa.selenium.remote.RemoteWebDriver.execute(RemoteWebDriver.java:531)
	at org.openqa.selenium.remote.RemoteWebElement.execute(RemoteWebElement.java:246)
	at org.openqa.selenium.remote.RemoteWebElement.click(RemoteWebElement.java:79)
	at com.YouMagicPro.LKA_tests.TestBase.waitContractPageToLoad(TestBase.java:138)
	at com.YouMagicPro.LKA_tests.ContractInnOneInTextFieldTest.contractInnOneInTextFieldTest_C15028(ContractInnOneInTextFieldTest.java:8)
	at sun.reflect.NativeMethodAccessorImpl.invoke0(Native Method)
	at sun.reflect.NativeMethodAccessorImpl.invoke(NativeMethodAccessorImpl.java:57)
	at sun.reflect.DelegatingMethodAccessorImpl.invoke(DelegatingMethodAccessorImpl.java:43)
	at java.lang.reflect.Method.invoke(Method.java:601)
	at org.testng.internal.MethodInvocationHelper.invokeMethod(MethodInvocationHelper.java:80)
	at org.testng.internal.Invoker.invokeMethod(Invoker.java:714)
	at org.testng.internal.Invoker.invokeTestMethod(Invoker.java:901)
	at org.testng.internal.Invoker.invokeTestMethods(Invoker.java:1231)
	at org.testng.internal.TestMethodWorker.invokeTestMethods(TestMethodWorker.java:127)
	at org.testng.internal.TestMethodWorker.run(TestMethodWorker.java:111)
	at org.testng.TestRunner.privateRun(TestRunner.java:767)
	at org.testng.TestRunner.run(TestRunner.java:617)
	at org.testng.SuiteRunner.runTest(SuiteRunner.java:334)
	at org.testng.SuiteRunner.runSequentially(SuiteRunner.java:329)
	at org.testng.SuiteRunner.privateRun(SuiteRunner.java:291)
	at org.testng.SuiteRunner.run(SuiteRunner.java:240)
	at org.testng.SuiteRunnerWorker.runSuite(SuiteRunnerWorker.java:52)
	at org.testng.SuiteRunnerWorker.run(SuiteRunnerWorker.java:86)
	at org.testng.TestNG.runSuitesSequentially(TestNG.java:1198)
	at org.testng.TestNG.runSuitesLocally(TestNG.java:1123)
	at org.testng.TestNG.run(TestNG.java:1031)
	at org.apache.maven.surefire.testng.TestNGExecutor.run(TestNGExecutor.java:122)
	at org.apache.maven.surefire.testng.TestNGXmlTestSuite.execute(TestNGXmlTestSuite.java:88)
	at org.apache.maven.surefire.testng.TestNGProvider.invoke(TestNGProvider.java:104)
	at sun.reflect.NativeMethodAccessorImpl.invoke0(Native Method)
	at sun.reflect.NativeMethodAccessorImpl.invoke(NativeMethodAccessorImpl.java:57)
	at sun.reflect.DelegatingMethodAccessorImpl.invoke(DelegatingMethodAccessorImpl.java:43)
	at java.lang.reflect.Method.invoke(Method.java:601)
	at org.apache.maven.surefire.booter.ProviderFactory$ClassLoaderProxy.invoke(ProviderFactory.java:103)
	at $Proxy0.invoke(Unknown Source)
	at org.apache.maven.surefire.booter.SurefireStarter.invokeProvider(SurefireStarter.java:150)
	at org.apache.maven.surefire.booter.SurefireStarter.runSuitesInProcess(SurefireStarter.java:91)
	at org.apache.maven.surefire.booter.ForkedBooter.main(ForkedBooter.java:69)
]]>
    </failure>
  </testcase> <!-- contractInnOneInTextFieldTest_C15028 -->
  <testcase name="contractInnLettersInTextFieldTest_C15030" time="193.587" classname="com.YouMagicPro.LKA_tests.ContractInnSymbolsInTextFieldTest"/>
  <testcase name="contractKppTest_C15049" time="29.627" classname="com.YouMagicPro.LKA_tests.ContractKpp6NumbersInTextFieldTest"/>
  <testcase name="contractKppTest_C15054" time="22.475" classname="com.YouMagicPro.LKA_tests.ContractKppLettersAndNumbersTest"/>
  <testcase name="contractKppTest_C15050" time="21.326" classname="com.YouMagicPro.LKA_tests.ContractKppLettersTest"/>
  <testcase name="contractKppTest_C15048" time="24.492" classname="com.YouMagicPro.LKA_tests.ContractKppOneNumberInTextFieldTest"/>
  <testcase name="contractKppTest_C15051" time="21.147" classname="com.YouMagicPro.LKA_tests.ContractKppSymbolsTest"/>
  <testcase name="contractOgrn6NumbersInTextFieldTest_C15055" time="23.396" classname="com.YouMagicPro.LKA_tests.ContractOgrn6NumbersInTextFieldTest"/>
  <testcase name="contractOgrnLettersAndNumbersInTextFieldTest_C15057" time="22.506" classname="com.YouMagicPro.LKA_tests.ContractOgrnLettersAndNumbersInTextFieldTest"/>
  <testcase name="contractOgrnLettersInTextFieldTest_C15056" time="20.791" classname="com.YouMagicPro.LKA_tests.ContractOgrnLettersInTextFieldTest"/>
  <testcase name="contractOgrnOneNumberInTextFieldTest_C15053" time="21.488" classname="com.YouMagicPro.LKA_tests.ContractOgrnOneNumberInTextFieldTest"/>
  <testcase name="contractFillBankAccountTest" time="22.597" classname="com.YouMagicPro.LKA_tests.ContractOgrnSymbolsTest"/>
  <testcase name="expenseStructureTest" time="9.317" classname="com.YouMagicPro.LKA_tests.DiscSpaceTest"/>
  <testcase name="expenseStructureAdditionalNumbersFeeTest_C15096" time="8.922" classname="com.YouMagicPro.LKA_tests.ExpenseStructureAdditionalNumbersFeeTest"/>
  <testcase name="expenseStructureChooseAdditionalNumbersTest_C15100" time="10.503" classname="com.YouMagicPro.LKA_tests.ExpenseStructureChooseAdditionalNumbersTest"/>
  <testcase name="expenseStructureChooseIntNumbersPageTest_C15102" time="16.959" classname="com.YouMagicPro.LKA_tests.ExpenseStructureChooseIntNumbersPageTest"/>
  <testcase name="expenseStructureInternalNumbersFeeTest_C15101" time="8.965" classname="com.YouMagicPro.LKA_tests.ExpenseStructureInternalNumbersFeeTest"/>
  <testcase name="expenseStructureRentalFeeTest_C15096" time="8.819" classname="com.YouMagicPro.LKA_tests.ExpenseStructureRentalFeeTest"/>
  <testcase name="groupsTest" time="14.811" classname="com.YouMagicPro.LKA_tests.GroupsOneInNumberTest">
    <failure type="org.openqa.selenium.WebDriverException" message="Element is not clickable at point (118.5, 428). Other element would receive the click: &amp;lt;img id=&amp;quot;1&amp;quot; class=&amp;quot;slideimage&amp;quot; src=&amp;quot;/sites/all/modules/contrib/umagicpro_instructions/images/home.png&amp;quot; data-title=&amp;quot;Благодарим вас за выбор YouMagic.Pro!&amp;quot;&amp;gt; (WARNING: The server did not provide any stacktrace information)
Command duration or timeout: 29 milliseconds
Build info: version: &amp;apos;2.26.0&amp;apos;, revision: &amp;apos;18040&amp;apos;, time: &amp;apos;2012-11-02 09:44:45&amp;apos;
System info: os.name: &amp;apos;Windows 7&amp;apos;, os.arch: &amp;apos;amd64&amp;apos;, os.version: &amp;apos;6.1&amp;apos;, java.version: &amp;apos;1.7.0_05&amp;apos;
Driver info: driver.version: RemoteWebDriver
Session ID: 460f878ee1baea9663f9ca6cf8170f91">
      <![CDATA[org.openqa.selenium.WebDriverException: Element is not clickable at point (118.5, 428). Other element would receive the click: <img id="1" class="slideimage" src="/sites/all/modules/contrib/umagicpro_instructions/images/home.png" data-title="Благодарим вас за выбор YouMagic.Pro!"> (WARNING: The server did not provide any stacktrace information)
Command duration or timeout: 29 milliseconds
Build info: version: '2.26.0', revision: '18040', time: '2012-11-02 09:44:45'
System info: os.name: 'Windows 7', os.arch: 'amd64', os.version: '6.1', java.version: '1.7.0_05'
Driver info: driver.version: RemoteWebDriver
Session ID: 460f878ee1baea9663f9ca6cf8170f91
	at sun.reflect.NativeConstructorAccessorImpl.newInstance0(Native Method)
	at sun.reflect.NativeConstructorAccessorImpl.newInstance(NativeConstructorAccessorImpl.java:57)
	at sun.reflect.DelegatingConstructorAccessorImpl.newInstance(DelegatingConstructorAccessorImpl.java:45)
	at java.lang.reflect.Constructor.newInstance(Constructor.java:525)
	at org.openqa.selenium.remote.ErrorHandler.createThrowable(ErrorHandler.java:188)
	at org.openqa.selenium.remote.ErrorHandler.throwIfResponseFailed(ErrorHandler.java:145)
	at org.openqa.selenium.remote.RemoteWebDriver.execute(RemoteWebDriver.java:531)
	at org.openqa.selenium.remote.RemoteWebElement.execute(RemoteWebElement.java:246)
	at org.openqa.selenium.remote.RemoteWebElement.click(RemoteWebElement.java:79)
	at com.YouMagicPro.LKA_tests.GroupsOneInNumberTest.groupsTest(GroupsOneInNumberTest.java:16)
	at sun.reflect.NativeMethodAccessorImpl.invoke0(Native Method)
	at sun.reflect.NativeMethodAccessorImpl.invoke(NativeMethodAccessorImpl.java:57)
	at sun.reflect.DelegatingMethodAccessorImpl.invoke(DelegatingMethodAccessorImpl.java:43)
	at java.lang.reflect.Method.invoke(Method.java:601)
	at org.testng.internal.MethodInvocationHelper.invokeMethod(MethodInvocationHelper.java:80)
	at org.testng.internal.Invoker.invokeMethod(Invoker.java:714)
	at org.testng.internal.Invoker.invokeTestMethod(Invoker.java:901)
	at org.testng.internal.Invoker.invokeTestMethods(Invoker.java:1231)
	at org.testng.internal.TestMethodWorker.invokeTestMethods(TestMethodWorker.java:127)
	at org.testng.internal.TestMethodWorker.run(TestMethodWorker.java:111)
	at org.testng.TestRunner.privateRun(TestRunner.java:767)
	at org.testng.TestRunner.run(TestRunner.java:617)
	at org.testng.SuiteRunner.runTest(SuiteRunner.java:334)
	at org.testng.SuiteRunner.runSequentially(SuiteRunner.java:329)
	at org.testng.SuiteRunner.privateRun(SuiteRunner.java:291)
	at org.testng.SuiteRunner.run(SuiteRunner.java:240)
	at org.testng.SuiteRunnerWorker.runSuite(SuiteRunnerWorker.java:52)
	at org.testng.SuiteRunnerWorker.run(SuiteRunnerWorker.java:86)
	at org.testng.TestNG.runSuitesSequentially(TestNG.java:1198)
	at org.testng.TestNG.runSuitesLocally(TestNG.java:1123)
	at org.testng.TestNG.run(TestNG.java:1031)
	at org.apache.maven.surefire.testng.TestNGExecutor.run(TestNGExecutor.java:122)
	at org.apache.maven.surefire.testng.TestNGXmlTestSuite.execute(TestNGXmlTestSuite.java:88)
	at org.apache.maven.surefire.testng.TestNGProvider.invoke(TestNGProvider.java:104)
	at sun.reflect.NativeMethodAccessorImpl.invoke0(Native Method)
	at sun.reflect.NativeMethodAccessorImpl.invoke(NativeMethodAccessorImpl.java:57)
	at sun.reflect.DelegatingMethodAccessorImpl.invoke(DelegatingMethodAccessorImpl.java:43)
	at java.lang.reflect.Method.invoke(Method.java:601)
	at org.apache.maven.surefire.booter.ProviderFactory$ClassLoaderProxy.invoke(ProviderFactory.java:103)
	at $Proxy0.invoke(Unknown Source)
	at org.apache.maven.surefire.booter.SurefireStarter.invokeProvider(SurefireStarter.java:150)
	at org.apache.maven.surefire.booter.SurefireStarter.runSuitesInProcess(SurefireStarter.java:91)
	at org.apache.maven.surefire.booter.ForkedBooter.main(ForkedBooter.java:69)
]]>
    </failure>
  </testcase> <!-- groupsTest -->
  <testcase name="groupsThreeInNumberTest_C15189" time="9.031" classname="com.YouMagicPro.LKA_tests.GroupsThreeInNumberTest">
    <failure type="org.openqa.selenium.WebDriverException" message="Element is not clickable at point (555, 381). Other element would receive the click: &amp;lt;img id=&amp;quot;1&amp;quot; class=&amp;quot;slideimage&amp;quot; src=&amp;quot;/sites/all/modules/contrib/umagicpro_instructions/images/home.png&amp;quot; data-title=&amp;quot;Благодарим вас за выбор YouMagic.Pro!&amp;quot;&amp;gt; (WARNING: The server did not provide any stacktrace information)
Command duration or timeout: 30 milliseconds
Build info: version: &amp;apos;2.26.0&amp;apos;, revision: &amp;apos;18040&amp;apos;, time: &amp;apos;2012-11-02 09:44:45&amp;apos;
System info: os.name: &amp;apos;Windows 7&amp;apos;, os.arch: &amp;apos;amd64&amp;apos;, os.version: &amp;apos;6.1&amp;apos;, java.version: &amp;apos;1.7.0_05&amp;apos;
Driver info: driver.version: RemoteWebDriver
Session ID: 5773a3f3b8f3eb48ee45d9f6f4314d5a">
      <![CDATA[org.openqa.selenium.WebDriverException: Element is not clickable at point (555, 381). Other element would receive the click: <img id="1" class="slideimage" src="/sites/all/modules/contrib/umagicpro_instructions/images/home.png" data-title="Благодарим вас за выбор YouMagic.Pro!"> (WARNING: The server did not provide any stacktrace information)
Command duration or timeout: 30 milliseconds
Build info: version: '2.26.0', revision: '18040', time: '2012-11-02 09:44:45'
System info: os.name: 'Windows 7', os.arch: 'amd64', os.version: '6.1', java.version: '1.7.0_05'
Driver info: driver.version: RemoteWebDriver
Session ID: 5773a3f3b8f3eb48ee45d9f6f4314d5a
	at sun.reflect.NativeConstructorAccessorImpl.newInstance0(Native Method)
	at sun.reflect.NativeConstructorAccessorImpl.newInstance(NativeConstructorAccessorImpl.java:57)
	at sun.reflect.DelegatingConstructorAccessorImpl.newInstance(DelegatingConstructorAccessorImpl.java:45)
	at java.lang.reflect.Constructor.newInstance(Constructor.java:525)
	at org.openqa.selenium.remote.ErrorHandler.createThrowable(ErrorHandler.java:188)
	at org.openqa.selenium.remote.ErrorHandler.throwIfResponseFailed(ErrorHandler.java:145)
	at org.openqa.selenium.remote.RemoteWebDriver.execute(RemoteWebDriver.java:531)
	at org.openqa.selenium.remote.RemoteWebElement.execute(RemoteWebElement.java:246)
	at org.openqa.selenium.remote.RemoteWebElement.click(RemoteWebElement.java:79)
	at com.YouMagicPro.LKA_tests.TestBase.waitAdminPageToLoad(TestBase.java:111)
	at com.YouMagicPro.LKA_tests.GroupsThreeInNumberTest.groupsThreeInNumberTest_C15189(GroupsThreeInNumberTest.java:11)
	at sun.reflect.NativeMethodAccessorImpl.invoke0(Native Method)
	at sun.reflect.NativeMethodAccessorImpl.invoke(NativeMethodAccessorImpl.java:57)
	at sun.reflect.DelegatingMethodAccessorImpl.invoke(DelegatingMethodAccessorImpl.java:43)
	at java.lang.reflect.Method.invoke(Method.java:601)
	at org.testng.internal.MethodInvocationHelper.invokeMethod(MethodInvocationHelper.java:80)
	at org.testng.internal.Invoker.invokeMethod(Invoker.java:714)
	at org.testng.internal.Invoker.invokeTestMethod(Invoker.java:901)
	at org.testng.internal.Invoker.invokeTestMethods(Invoker.java:1231)
	at org.testng.internal.TestMethodWorker.invokeTestMethods(TestMethodWorker.java:127)
	at org.testng.internal.TestMethodWorker.run(TestMethodWorker.java:111)
	at org.testng.TestRunner.privateRun(TestRunner.java:767)
	at org.testng.TestRunner.run(TestRunner.java:617)
	at org.testng.SuiteRunner.runTest(SuiteRunner.java:334)
	at org.testng.SuiteRunner.runSequentially(SuiteRunner.java:329)
	at org.testng.SuiteRunner.privateRun(SuiteRunner.java:291)
	at org.testng.SuiteRunner.run(SuiteRunner.java:240)
	at org.testng.SuiteRunnerWorker.runSuite(SuiteRunnerWorker.java:52)
	at org.testng.SuiteRunnerWorker.run(SuiteRunnerWorker.java:86)
	at org.testng.TestNG.runSuitesSequentially(TestNG.java:1198)
	at org.testng.TestNG.runSuitesLocally(TestNG.java:1123)
	at org.testng.TestNG.run(TestNG.java:1031)
	at org.apache.maven.surefire.testng.TestNGExecutor.run(TestNGExecutor.java:122)
	at org.apache.maven.surefire.testng.TestNGXmlTestSuite.execute(TestNGXmlTestSuite.java:88)
	at org.apache.maven.surefire.testng.TestNGProvider.invoke(TestNGProvider.java:104)
	at sun.reflect.NativeMethodAccessorImpl.invoke0(Native Method)
	at sun.reflect.NativeMethodAccessorImpl.invoke(NativeMethodAccessorImpl.java:57)
	at sun.reflect.DelegatingMethodAccessorImpl.invoke(DelegatingMethodAccessorImpl.java:43)
	at java.lang.reflect.Method.invoke(Method.java:601)
	at org.apache.maven.surefire.booter.ProviderFactory$ClassLoaderProxy.invoke(ProviderFactory.java:103)
	at $Proxy0.invoke(Unknown Source)
	at org.apache.maven.surefire.booter.SurefireStarter.invokeProvider(SurefireStarter.java:150)
	at org.apache.maven.surefire.booter.SurefireStarter.runSuitesInProcess(SurefireStarter.java:91)
	at org.apache.maven.surefire.booter.ForkedBooter.main(ForkedBooter.java:69)
]]>
    </failure>
  </testcase> <!-- groupsThreeInNumberTest_C15189 -->
  <testcase name="orderByEmailCancelButtonTest_C15141" time="22.17" classname="com.YouMagicPro.LKA_tests.OrderByEmailCancelButtonTest"/>
  <testcase name="orderByEmailChangeEmailTest_C25653" time="17.054" classname="com.YouMagicPro.LKA_tests.OrderByEmailChangeEmailTest"/>
  <testcase name="orderByEmailChangeNameTest_C25671" time="23.627" classname="com.YouMagicPro.LKA_tests.OrderByEmailChangeNameTest"/>
  <testcase name="orderByEmailOrderWithoutDocTypeCheckedTest_C25656" time="19.06" classname="com.YouMagicPro.LKA_tests.OrderByEmailOrderWithoutDocTypeCheckedTest"/>
  <testcase name="orderByPickUpCancelButtonTest_C25664" time="19.135" classname="com.YouMagicPro.LKA_tests.OrderByPickUpCancelButtonTest"/>
  <testcase name="orderByPickUpChangeNameTest_C25668" time="19.52" classname="com.YouMagicPro.LKA_tests.OrderByPickUpChangeNameTest"/>
  <testcase name="OrderByPickUpChangePhoneTest_C25666" time="16.917" classname="com.YouMagicPro.LKA_tests.OrderByPickUpChangePhoneTest"/>
  <testcase name="orderByPickUpOrderWithoutDocTypeCheckedTest_C25663" time="21.174" classname="com.YouMagicPro.LKA_tests.OrderByPickUpOrderWithoutDocTypeCheckedTest"/>
  <testcase name="expenseStructureTest" time="16.437" classname="com.YouMagicPro.LKA_tests.OrderDeliveryOfContractCancelButtonTest"/>
  <testcase name="expenseStructureTest" time="19.73" classname="com.YouMagicPro.LKA_tests.OrderDeliveryOfContractDropdownListTest"/>
  <testcase name="orderToAdressCancelButtonClickTest_C25675" time="19.272" classname="com.YouMagicPro.LKA_tests.OrderToAdressCancelButtonClickTest"/>
  <testcase name="orderToAdressChangeNameTest_C25672" time="18.099" classname="com.YouMagicPro.LKA_tests.OrderToAdressChangeNameTest"/>
  <testcase name="orderToAdressChangePhoneTest_C25677" time="17.091" classname="com.YouMagicPro.LKA_tests.OrderToAdressChangePhoneTest"/>
  <testcase name="OrderToAdressNoTextFieldFilledTest_C25679" time="22.616" classname="com.YouMagicPro.LKA_tests.OrderToAdressNoTextFieldFilledTest"/>
</testsuite> <!-- com.YouMagicPro.LKA_tests -->
