<?xml version="1.0" encoding="UTF-8"?>
<!-- Generated by org.testng.reporters.JUnitXMLReporter -->
<testsuite hostname="RnD_CI_Windows" name="Default test" tests="1" failures="1" timestamp="6 Dec 2012 09:01:10 GMT" time="14.833" errors="0">
  <testcase name="contractBankAccountTenInTextFieldTest_C14994" time="10.44" classname="com.YouMagicPro.LKA_tests.ContractBankAccountTenInTextFieldTest">
    <failure type="org.openqa.selenium.WebDriverException" message="Script execution failed. Script: logged_in = getCookie(&amp;quot;umagicpro_logged_in&amp;quot;);if (logged_in == 0) {$(&amp;apos;.gradient_back, .gradient_back_two, .div_abs_for_ifr&amp;apos;).css({&amp;apos;display&amp;apos;: &amp;apos;block&amp;apos;});var atr_adm = $(&amp;apos;.administrator&amp;apos;).attr(&amp;quot;href&amp;quot;); $(&amp;quot;.iframe_rega&amp;quot;).attr({ src: atr_adm}).css({display: &amp;quot;none&amp;quot; });$(&amp;quot;.iframe_rega&amp;quot;).load(function () { $(&amp;apos;.bLoginFormWrap_kn&amp;apos;).css({&amp;apos;display&amp;apos;: &amp;apos;block&amp;apos;}); $(this).css({  visibility: &amp;quot;visible&amp;quot;, display: &amp;quot;block&amp;quot;}); }); } else {loginAction(); };
 getCookie is not defined (WARNING: The server did not provide any stacktrace information)
Command duration or timeout: 16 milliseconds
Build info: version: &amp;apos;2.25.0&amp;apos;, revision: &amp;apos;17482&amp;apos;, time: &amp;apos;2012-07-18 21:09:54&amp;apos;
System info: os.name: &amp;apos;Windows 7&amp;apos;, os.arch: &amp;apos;amd64&amp;apos;, os.version: &amp;apos;6.1&amp;apos;, java.version: &amp;apos;1.7.0_09&amp;apos;
Driver info: driver.version: RemoteWebDriver
Session ID: 988052c565879301efe290df8260c90a">
      <![CDATA[org.openqa.selenium.WebDriverException: Script execution failed. Script: logged_in = getCookie("umagicpro_logged_in");if (logged_in == 0) {$('.gradient_back, .gradient_back_two, .div_abs_for_ifr').css({'display': 'block'});var atr_adm = $('.administrator').attr("href"); $(".iframe_rega").attr({ src: atr_adm}).css({display: "none" });$(".iframe_rega").load(function () { $('.bLoginFormWrap_kn').css({'display': 'block'}); $(this).css({  visibility: "visible", display: "block"}); }); } else {loginAction(); };
 getCookie is not defined (WARNING: The server did not provide any stacktrace information)
Command duration or timeout: 16 milliseconds
Build info: version: '2.25.0', revision: '17482', time: '2012-07-18 21:09:54'
System info: os.name: 'Windows 7', os.arch: 'amd64', os.version: '6.1', java.version: '1.7.0_09'
Driver info: driver.version: RemoteWebDriver
Session ID: 988052c565879301efe290df8260c90a
	at sun.reflect.NativeConstructorAccessorImpl.newInstance0(Native Method)
	at sun.reflect.NativeConstructorAccessorImpl.newInstance(Unknown Source)
	at sun.reflect.DelegatingConstructorAccessorImpl.newInstance(Unknown Source)
	at java.lang.reflect.Constructor.newInstance(Unknown Source)
	at org.openqa.selenium.remote.ErrorHandler.createThrowable(ErrorHandler.java:188)
	at org.openqa.selenium.remote.ErrorHandler.throwIfResponseFailed(ErrorHandler.java:145)
	at org.openqa.selenium.remote.RemoteWebDriver.execute(RemoteWebDriver.java:498)
	at org.openqa.selenium.remote.RemoteWebDriver.executeScript(RemoteWebDriver.java:407)
	at com.YouMagicPro.LKA_tests.TestBase.waitContractPageToLoad(TestBase.java:238)
	at com.YouMagicPro.LKA_tests.ContractBankAccountTenInTextFieldTest.contractBankAccountTenInTextFieldTest_C14994(ContractBankAccountTenInTextFieldTest.java:11)
	at sun.reflect.NativeMethodAccessorImpl.invoke0(Native Method)
	at sun.reflect.NativeMethodAccessorImpl.invoke(Unknown Source)
	at sun.reflect.DelegatingMethodAccessorImpl.invoke(Unknown Source)
	at java.lang.reflect.Method.invoke(Unknown Source)
	at org.testng.internal.MethodInvocationHelper.invokeMethod(MethodInvocationHelper.java:80)
	at org.testng.internal.Invoker.invokeMethod(Invoker.java:714)
	at org.testng.internal.Invoker.invokeTestMethod(Invoker.java:901)
	at org.testng.internal.Invoker.invokeTestMethods(Invoker.java:1231)
	at org.testng.internal.TestMethodWorker.invokeTestMethods(TestMethodWorker.java:128)
	at org.testng.internal.TestMethodWorker.run(TestMethodWorker.java:111)
	at org.testng.TestRunner.privateRun(TestRunner.java:767)
	at org.testng.TestRunner.run(TestRunner.java:617)
	at org.testng.SuiteRunner.runTest(SuiteRunner.java:334)
	at org.testng.SuiteRunner.runSequentially(SuiteRunner.java:329)
	at org.testng.SuiteRunner.privateRun(SuiteRunner.java:291)
	at org.testng.SuiteRunner.run(SuiteRunner.java:240)
	at org.testng.SuiteRunnerWorker.runSuite(SuiteRunnerWorker.java:52)
	at org.testng.SuiteRunnerWorker.run(SuiteRunnerWorker.java:86)
	at org.testng.TestNG.runSuitesSequentially(TestNG.java:1203)
	at org.testng.TestNG.runSuitesLocally(TestNG.java:1128)
	at org.testng.TestNG.run(TestNG.java:1036)
	at org.testng.remote.RemoteTestNG.run(RemoteTestNG.java:111)
	at org.testng.remote.RemoteTestNG.initAndRun(RemoteTestNG.java:204)
	at org.testng.remote.RemoteTestNG.main(RemoteTestNG.java:175)
]]>
    </failure>
  </testcase> <!-- contractBankAccountTenInTextFieldTest_C14994 -->
</testsuite> <!-- Default test -->
