<?xml version="1.0" encoding="UTF-8"?>
<!-- Generated by org.testng.reporters.JUnitReportReporter -->
<testsuite hostname="RnD_CI_Windows" name="com.YouMagicPro.LKA_tests.ContractOgrnOneNumberInTextFieldTest" tests="1" failures="1" timestamp="6 Dec 2012 08:34:45 GMT" time="0.558" errors="0">
  <testcase name="contractOgrnOneNumberInTextFieldTest_C15053" time="0.558" classname="com.YouMagicPro.LKA_tests.ContractOgrnOneNumberInTextFieldTest">
    <failure type="org.openqa.selenium.WebDriverException" message="Script execution failed. Script: $(&#039;.gradient_back, .gradient_back_two, .div_abs_for_ifr&#039;).css({ &#039;display&#039;: &#039;block&#039;  }); var atr_adm = $(&#039;.administrator&#039;).attr(&quot;href&quot;); $(&quot;.iframe_rega&quot;).attr({src: atr_adm}).css({ display: &quot;none&quot;});$(&quot;.iframe_rega&quot;).load(function () {$(&#039;.bLoginFormWrap_kn&#039;).css({&#039;display&#039;: &#039;block&#039;});$(this).css({ visibility: &quot;visible&quot;, display:&quot;block&quot; });});;
 $ is not defined (WARNING: The server did not provide any stacktrace information)
Command duration or timeout: 26 milliseconds
Build info: version: &#039;2.25.0&#039;, revision: &#039;17482&#039;, time: &#039;2012-07-18 21:09:54&#039;
System info: os.name: &#039;Windows 7&#039;, os.arch: &#039;amd64&#039;, os.version: &#039;6.1&#039;, java.version: &#039;1.7.0_09&#039;
Driver info: driver.version: RemoteWebDriver
Session ID: 3dde977ec5f2fe4bc5e1dc586e18684a">
      <![CDATA[org.openqa.selenium.WebDriverException: Script execution failed. Script: $('.gradient_back, .gradient_back_two, .div_abs_for_ifr').css({ 'display': 'block'  }); var atr_adm = $('.administrator').attr("href"); $(".iframe_rega").attr({src: atr_adm}).css({ display: "none"});$(".iframe_rega").load(function () {$('.bLoginFormWrap_kn').css({'display': 'block'});$(this).css({ visibility: "visible", display:"block" });});;
 $ is not defined (WARNING: The server did not provide any stacktrace information)
Command duration or timeout: 26 milliseconds
Build info: version: '2.25.0', revision: '17482', time: '2012-07-18 21:09:54'
System info: os.name: 'Windows 7', os.arch: 'amd64', os.version: '6.1', java.version: '1.7.0_09'
Driver info: driver.version: RemoteWebDriver
Session ID: 3dde977ec5f2fe4bc5e1dc586e18684a
	at sun.reflect.NativeConstructorAccessorImpl.newInstance0(Native Method)
	at sun.reflect.NativeConstructorAccessorImpl.newInstance(Unknown Source)
	at sun.reflect.DelegatingConstructorAccessorImpl.newInstance(Unknown Source)
	at java.lang.reflect.Constructor.newInstance(Unknown Source)
	at org.openqa.selenium.remote.ErrorHandler.createThrowable(ErrorHandler.java:188)
	at org.openqa.selenium.remote.ErrorHandler.throwIfResponseFailed(ErrorHandler.java:145)
	at org.openqa.selenium.remote.RemoteWebDriver.execute(RemoteWebDriver.java:498)
	at org.openqa.selenium.remote.RemoteWebDriver.executeScript(RemoteWebDriver.java:407)
	at com.YouMagicPro.LKA_tests.TestBase.waitContractPageToLoad(TestBase.java:233)
	at com.YouMagicPro.LKA_tests.ContractOgrnOneNumberInTextFieldTest.contractOgrnOneNumberInTextFieldTest_C15053(ContractOgrnOneNumberInTextFieldTest.java:8)
	at sun.reflect.NativeMethodAccessorImpl.invoke0(Native Method)
	at sun.reflect.NativeMethodAccessorImpl.invoke(Unknown Source)
	at sun.reflect.DelegatingMethodAccessorImpl.invoke(Unknown Source)
	at java.lang.reflect.Method.invoke(Unknown Source)
	at org.testng.internal.MethodInvocationHelper.invokeMethod(MethodInvocationHelper.java:80)
	at org.testng.internal.Invoker.invokeMethod(Invoker.java:714)
	at org.testng.internal.Invoker.invokeTestMethod(Invoker.java:901)
	at org.testng.internal.Invoker.invokeTestMethods(Invoker.java:1231)
	at org.testng.internal.TestMethodWorker.invokeTestMethods(TestMethodWorker.java:128)
	at org.testng.internal.TestMethodWorker.run(TestMethodWorker.java:111)
	at org.testng.TestRunner.privateRun(TestRunner.java:767)
	at org.testng.TestRunner.run(TestRunner.java:617)
	at org.testng.SuiteRunner.runTest(SuiteRunner.java:334)
	at org.testng.SuiteRunner.runSequentially(SuiteRunner.java:329)
	at org.testng.SuiteRunner.privateRun(SuiteRunner.java:291)
	at org.testng.SuiteRunner.run(SuiteRunner.java:240)
	at org.testng.SuiteRunnerWorker.runSuite(SuiteRunnerWorker.java:52)
	at org.testng.SuiteRunnerWorker.run(SuiteRunnerWorker.java:86)
	at org.testng.TestNG.runSuitesSequentially(TestNG.java:1203)
	at org.testng.TestNG.runSuitesLocally(TestNG.java:1128)
	at org.testng.TestNG.run(TestNG.java:1036)
	at org.testng.remote.RemoteTestNG.run(RemoteTestNG.java:111)
	at org.testng.remote.RemoteTestNG.initAndRun(RemoteTestNG.java:204)
	at org.testng.remote.RemoteTestNG.main(RemoteTestNG.java:175)
]]>
    </failure>
  </testcase> <!-- contractOgrnOneNumberInTextFieldTest_C15053 -->
</testsuite> <!-- com.YouMagicPro.LKA_tests.ContractOgrnOneNumberInTextFieldTest -->
