<?xml version="1.0" encoding="UTF-8"?>
<!-- Generated by org.testng.reporters.JUnitReportReporter -->
<testsuite hostname="RnD_CI_Windows" name="com.YouMagicPro.LKA_tests.ContractBankAccountTenInTextFieldTest" tests="1" failures="1" timestamp="6 Dec 2012 09:01:10 GMT" time="10.440" errors="0">
  <testcase name="contractBankAccountTenInTextFieldTest_C14994" time="10.440" classname="com.YouMagicPro.LKA_tests.ContractBankAccountTenInTextFieldTest">
    <failure type="org.openqa.selenium.WebDriverException" message="Script execution failed. Script: logged_in = getCookie(&quot;umagicpro_logged_in&quot;);if (logged_in == 0) {$(&#039;.gradient_back, .gradient_back_two, .div_abs_for_ifr&#039;).css({&#039;display&#039;: &#039;block&#039;});var atr_adm = $(&#039;.administrator&#039;).attr(&quot;href&quot;); $(&quot;.iframe_rega&quot;).attr({ src: atr_adm}).css({display: &quot;none&quot; });$(&quot;.iframe_rega&quot;).load(function () { $(&#039;.bLoginFormWrap_kn&#039;).css({&#039;display&#039;: &#039;block&#039;}); $(this).css({  visibility: &quot;visible&quot;, display: &quot;block&quot;}); }); } else {loginAction(); };
 getCookie is not defined (WARNING: The server did not provide any stacktrace information)
Command duration or timeout: 16 milliseconds
Build info: version: &#039;2.25.0&#039;, revision: &#039;17482&#039;, time: &#039;2012-07-18 21:09:54&#039;
System info: os.name: &#039;Windows 7&#039;, os.arch: &#039;amd64&#039;, os.version: &#039;6.1&#039;, java.version: &#039;1.7.0_09&#039;
Driver info: driver.version: RemoteWebDriver
Session ID: 988052c565879301efe290df8260c90a">
      <![CDATA[org.openqa.selenium.WebDriverException: Script execution failed. Script: logged_in = getCookie("umagicpro_logged_in");if (logged_in == 0) {$('.gradient_back, .gradient_back_two, .div_abs_for_ifr').css({'display': 'block'});var atr_adm = $('.administrator').attr("href"); $(".iframe_rega").attr({ src: atr_adm}).css({display: "none" });$(".iframe_rega").load(function () { $('.bLoginFormWrap_kn').css({'display': 'block'}); $(this).css({  visibility: "visible", display: "block"}); }); } else {loginAction(); };
 getCookie is not defined (WARNING: The server did not provide any stacktrace information)
Command duration or timeout: 16 milliseconds
Build info: version: '2.25.0', revision: '17482', time: '2012-07-18 21:09:54'
System info: os.name: 'Windows 7', os.arch: 'amd64', os.version: '6.1', java.version: '1.7.0_09'
Driver info: driver.version: RemoteWebDriver
Session ID: 988052c565879301efe290df8260c90a
	at sun.reflect.NativeConstructorAccessorImpl.newInstance0(Native Method)
	at sun.reflect.NativeConstructorAccessorImpl.newInstance(Unknown Source)
	at sun.reflect.DelegatingConstructorAccessorImpl.newInstance(Unknown Source)
	at java.lang.reflect.Constructor.newInstance(Unknown Source)
	at org.openqa.selenium.remote.ErrorHandler.createThrowable(ErrorHandler.java:188)
	at org.openqa.selenium.remote.ErrorHandler.throwIfResponseFailed(ErrorHandler.java:145)
	at org.openqa.selenium.remote.RemoteWebDriver.execute(RemoteWebDriver.java:498)
	at org.openqa.selenium.remote.RemoteWebDriver.executeScript(RemoteWebDriver.java:407)
	at com.YouMagicPro.LKA_tests.TestBase.waitContractPageToLoad(TestBase.java:238)
	at com.YouMagicPro.LKA_tests.ContractBankAccountTenInTextFieldTest.contractBankAccountTenInTextFieldTest_C14994(ContractBankAccountTenInTextFieldTest.java:11)
	at sun.reflect.NativeMethodAccessorImpl.invoke0(Native Method)
	at sun.reflect.NativeMethodAccessorImpl.invoke(Unknown Source)
	at sun.reflect.DelegatingMethodAccessorImpl.invoke(Unknown Source)
	at java.lang.reflect.Method.invoke(Unknown Source)
	at org.testng.internal.MethodInvocationHelper.invokeMethod(MethodInvocationHelper.java:80)
	at org.testng.internal.Invoker.invokeMethod(Invoker.java:714)
	at org.testng.internal.Invoker.invokeTestMethod(Invoker.java:901)
	at org.testng.internal.Invoker.invokeTestMethods(Invoker.java:1231)
	at org.testng.internal.TestMethodWorker.invokeTestMethods(TestMethodWorker.java:128)
	at org.testng.internal.TestMethodWorker.run(TestMethodWorker.java:111)
	at org.testng.TestRunner.privateRun(TestRunner.java:767)
	at org.testng.TestRunner.run(TestRunner.java:617)
	at org.testng.SuiteRunner.runTest(SuiteRunner.java:334)
	at org.testng.SuiteRunner.runSequentially(SuiteRunner.java:329)
	at org.testng.SuiteRunner.privateRun(SuiteRunner.java:291)
	at org.testng.SuiteRunner.run(SuiteRunner.java:240)
	at org.testng.SuiteRunnerWorker.runSuite(SuiteRunnerWorker.java:52)
	at org.testng.SuiteRunnerWorker.run(SuiteRunnerWorker.java:86)
	at org.testng.TestNG.runSuitesSequentially(TestNG.java:1203)
	at org.testng.TestNG.runSuitesLocally(TestNG.java:1128)
	at org.testng.TestNG.run(TestNG.java:1036)
	at org.testng.remote.RemoteTestNG.run(RemoteTestNG.java:111)
	at org.testng.remote.RemoteTestNG.initAndRun(RemoteTestNG.java:204)
	at org.testng.remote.RemoteTestNG.main(RemoteTestNG.java:175)
]]>
    </failure>
  </testcase> <!-- contractBankAccountTenInTextFieldTest_C14994 -->
</testsuite> <!-- com.YouMagicPro.LKA_tests.ContractBankAccountTenInTextFieldTest -->
