<?xml version="1.0" encoding="UTF-8"?>
<!-- Generated by org.testng.reporters.JUnitReportReporter -->
<testsuite hostname="Z100107" name="com.YouMagicPro.LKA_tests.ContractInnOneInTextFieldTest" tests="1" failures="1" timestamp="24 Dec 2012 13:16:50 GMT" time="8.958" errors="0">
  <testcase name="contractInnOneInTextFieldTest_C15028" time="8.958" classname="com.YouMagicPro.LKA_tests.ContractInnOneInTextFieldTest">
    <failure type="org.openqa.selenium.WebDriverException" message="Element is not clickable at point (515.5, 895). Other element would receive the click: &lt;div id=&quot;instructionBackdrop&quot; style=&quot;z-index: 1110; position: absolute; left: 0px; margin: 0px; background-color: rgb(255, 255, 255); opacity: 0.55; top: 0px; height: 2428px; width: 960px; background-position: initial initial; background-repeat: initial initial;&quot;&gt;&lt;/div&gt; (WARNING: The server did not provide any stacktrace information)
Command duration or timeout: 57 milliseconds
Build info: version: &#039;2.26.0&#039;, revision: &#039;18040&#039;, time: &#039;2012-11-02 09:44:45&#039;
System info: os.name: &#039;Windows 7&#039;, os.arch: &#039;amd64&#039;, os.version: &#039;6.1&#039;, java.version: &#039;1.7.0_05&#039;
Driver info: driver.version: RemoteWebDriver
Session ID: 59f2cf09356d1f2c456ef8acfef2699f">
      <![CDATA[org.openqa.selenium.WebDriverException: Element is not clickable at point (515.5, 895). Other element would receive the click: <div id="instructionBackdrop" style="z-index: 1110; position: absolute; left: 0px; margin: 0px; background-color: rgb(255, 255, 255); opacity: 0.55; top: 0px; height: 2428px; width: 960px; background-position: initial initial; background-repeat: initial initial;"></div> (WARNING: The server did not provide any stacktrace information)
Command duration or timeout: 57 milliseconds
Build info: version: '2.26.0', revision: '18040', time: '2012-11-02 09:44:45'
System info: os.name: 'Windows 7', os.arch: 'amd64', os.version: '6.1', java.version: '1.7.0_05'
Driver info: driver.version: RemoteWebDriver
Session ID: 59f2cf09356d1f2c456ef8acfef2699f
	at sun.reflect.NativeConstructorAccessorImpl.newInstance0(Native Method)
	at sun.reflect.NativeConstructorAccessorImpl.newInstance(Unknown Source)
	at sun.reflect.DelegatingConstructorAccessorImpl.newInstance(Unknown Source)
	at java.lang.reflect.Constructor.newInstance(Unknown Source)
	at org.openqa.selenium.remote.ErrorHandler.createThrowable(ErrorHandler.java:188)
	at org.openqa.selenium.remote.ErrorHandler.throwIfResponseFailed(ErrorHandler.java:145)
	at org.openqa.selenium.remote.RemoteWebDriver.execute(RemoteWebDriver.java:531)
	at org.openqa.selenium.remote.RemoteWebElement.execute(RemoteWebElement.java:246)
	at org.openqa.selenium.remote.RemoteWebElement.click(RemoteWebElement.java:79)
	at com.YouMagicPro.LKA_tests.TestBase.sendKeysAndAssert_inn(TestBase.java:130)
	at com.YouMagicPro.LKA_tests.ContractInnOneInTextFieldTest.contractInnOneInTextFieldTest_C15028(ContractInnOneInTextFieldTest.java:10)
	at sun.reflect.NativeMethodAccessorImpl.invoke0(Native Method)
	at sun.reflect.NativeMethodAccessorImpl.invoke(Unknown Source)
	at sun.reflect.DelegatingMethodAccessorImpl.invoke(Unknown Source)
	at java.lang.reflect.Method.invoke(Unknown Source)
	at org.testng.internal.MethodInvocationHelper.invokeMethod(MethodInvocationHelper.java:80)
	at org.testng.internal.Invoker.invokeMethod(Invoker.java:714)
	at org.testng.internal.Invoker.invokeTestMethod(Invoker.java:901)
	at org.testng.internal.Invoker.invokeTestMethods(Invoker.java:1231)
	at org.testng.internal.TestMethodWorker.invokeTestMethods(TestMethodWorker.java:127)
	at org.testng.internal.TestMethodWorker.run(TestMethodWorker.java:111)
	at org.testng.TestRunner.privateRun(TestRunner.java:767)
	at org.testng.TestRunner.run(TestRunner.java:617)
	at org.testng.SuiteRunner.runTest(SuiteRunner.java:334)
	at org.testng.SuiteRunner.runSequentially(SuiteRunner.java:329)
	at org.testng.SuiteRunner.privateRun(SuiteRunner.java:291)
	at org.testng.SuiteRunner.run(SuiteRunner.java:240)
	at org.testng.SuiteRunnerWorker.runSuite(SuiteRunnerWorker.java:52)
	at org.testng.SuiteRunnerWorker.run(SuiteRunnerWorker.java:86)
	at org.testng.TestNG.runSuitesSequentially(TestNG.java:1197)
	at org.testng.TestNG.runSuitesLocally(TestNG.java:1122)
	at org.testng.TestNG.run(TestNG.java:1030)
	at org.testng.remote.RemoteTestNG.run(RemoteTestNG.java:111)
	at org.testng.remote.RemoteTestNG.initAndRun(RemoteTestNG.java:204)
	at org.testng.remote.RemoteTestNG.main(RemoteTestNG.java:175)
]]>
    </failure>
  </testcase> <!-- contractInnOneInTextFieldTest_C15028 -->
</testsuite> <!-- com.YouMagicPro.LKA_tests.ContractInnOneInTextFieldTest -->
