<?xml version="1.0" encoding="UTF-8"?>
<!-- Generated by org.testng.reporters.JUnitReportReporter -->
<testsuite hostname="Z100107" name="com.YouMagicPro.LKA_tests.ContractInnSymbolsInTextFieldTest" tests="1" failures="0" timestamp="13 Nov 2012 05:46:59 GMT" time="18.952" errors="1">
  <testcase name="contractInnLettersInTextFieldTest_C15030" time="18.952" classname="com.YouMagicPro.LKA_tests.ContractInnSymbolsInTextFieldTest">
    <error type="java.lang.AssertionError" message="expected [ИНН должен состоять из 10 или 12 символов.] but found [ИНН может содержать только цифры.]">
      <![CDATA[java.lang.AssertionError: expected [ИНН должен состоять из 10 или 12 символов.] but found [ИНН может содержать только цифры.]
	at org.testng.Assert.fail(Assert.java:89)
	at org.testng.Assert.failNotEquals(Assert.java:489)
	at org.testng.Assert.assertEquals(Assert.java:118)
	at org.testng.Assert.assertEquals(Assert.java:160)
	at com.YouMagicPro.LKA_tests.TestBase.assertEquals(TestBase.java:45)
	at com.YouMagicPro.LKA_tests.TestBase.sendKeysAndAssert_inn(TestBase.java:99)
	at com.YouMagicPro.LKA_tests.ContractInnSymbolsInTextFieldTest.contractInnLettersInTextFieldTest_C15030(ContractInnSymbolsInTextFieldTest.java:10)
	at sun.reflect.NativeMethodAccessorImpl.invoke0(Native Method)
	at sun.reflect.NativeMethodAccessorImpl.invoke(Unknown Source)
	at sun.reflect.DelegatingMethodAccessorImpl.invoke(Unknown Source)
	at java.lang.reflect.Method.invoke(Unknown Source)
	at org.testng.internal.MethodInvocationHelper.invokeMethod(MethodInvocationHelper.java:80)
	at org.testng.internal.Invoker.invokeMethod(Invoker.java:714)
	at org.testng.internal.Invoker.invokeTestMethod(Invoker.java:901)
	at org.testng.internal.Invoker.invokeTestMethods(Invoker.java:1231)
	at org.testng.internal.TestMethodWorker.invokeTestMethods(TestMethodWorker.java:127)
	at org.testng.internal.TestMethodWorker.run(TestMethodWorker.java:111)
	at org.testng.TestRunner.privateRun(TestRunner.java:767)
	at org.testng.TestRunner.run(TestRunner.java:617)
	at org.testng.SuiteRunner.runTest(SuiteRunner.java:334)
	at org.testng.SuiteRunner.runSequentially(SuiteRunner.java:329)
	at org.testng.SuiteRunner.privateRun(SuiteRunner.java:291)
	at org.testng.SuiteRunner.run(SuiteRunner.java:240)
	at org.testng.SuiteRunnerWorker.runSuite(SuiteRunnerWorker.java:52)
	at org.testng.SuiteRunnerWorker.run(SuiteRunnerWorker.java:86)
	at org.testng.TestNG.runSuitesSequentially(TestNG.java:1197)
	at org.testng.TestNG.runSuitesLocally(TestNG.java:1122)
	at org.testng.TestNG.run(TestNG.java:1030)
	at org.testng.remote.RemoteTestNG.run(RemoteTestNG.java:111)
	at org.testng.remote.RemoteTestNG.initAndRun(RemoteTestNG.java:204)
	at org.testng.remote.RemoteTestNG.main(RemoteTestNG.java:175)
]]>
    </error>
  </testcase> <!-- contractInnLettersInTextFieldTest_C15030 -->
</testsuite> <!-- com.YouMagicPro.LKA_tests.ContractInnSymbolsInTextFieldTest -->
