<?xml version="1.0" encoding="UTF-8"?>
<!-- Generated by org.testng.reporters.JUnitReportReporter -->
<testsuite hostname="RnD_CI_Windows" name="com.YouMagicPro.LKA_tests.ContractOgrn6NumbersInTextFieldTest" tests="1" failures="1" timestamp="6 Dec 2012 13:23:56 GMT" time="12.865" errors="0">
  <testcase name="contractOgrn6NumbersInTextFieldTest_C15055" time="12.865" classname="com.YouMagicPro.LKA_tests.ContractOgrn6NumbersInTextFieldTest">
    <failure type="org.openqa.selenium.WebDriverException" message="Script execution failed. Script: logged_in = getCookie(&quot;umagicpro_logged_in&quot;);if (logged_in == 0) {$(&#039;.gradient_back, .gradient_back_two, .div_abs_for_ifr&#039;).css({&#039;display&#039;: &#039;block&#039;});var atr_adm = $(&#039;.administrator&#039;).attr(&quot;href&quot;); $(&quot;.iframe_rega&quot;).attr({ src: atr_adm}).css({display: &quot;none&quot; });$(&quot;.iframe_rega&quot;).load(function () { $(&#039;.bLoginFormWrap_kn&#039;).css({&#039;display&#039;: &#039;block&#039;}); $(this).css({  visibility: &quot;visible&quot;, display: &quot;block&quot;}); }); } else {loginAction(); };
 getCookie is not defined (WARNING: The server did not provide any stacktrace information)
Command duration or timeout: 17 milliseconds
Build info: version: &#039;2.26.0&#039;, revision: &#039;18040&#039;, time: &#039;2012-11-02 09:44:45&#039;
System info: os.name: &#039;Windows 7&#039;, os.arch: &#039;amd64&#039;, os.version: &#039;6.1&#039;, java.version: &#039;1.7.0_09&#039;
Driver info: driver.version: RemoteWebDriver
Session ID: 7276cc8ec2b86cb7699143908556fbcf">
      <![CDATA[org.openqa.selenium.WebDriverException: Script execution failed. Script: logged_in = getCookie("umagicpro_logged_in");if (logged_in == 0) {$('.gradient_back, .gradient_back_two, .div_abs_for_ifr').css({'display': 'block'});var atr_adm = $('.administrator').attr("href"); $(".iframe_rega").attr({ src: atr_adm}).css({display: "none" });$(".iframe_rega").load(function () { $('.bLoginFormWrap_kn').css({'display': 'block'}); $(this).css({  visibility: "visible", display: "block"}); }); } else {loginAction(); };
 getCookie is not defined (WARNING: The server did not provide any stacktrace information)
Command duration or timeout: 17 milliseconds
Build info: version: '2.26.0', revision: '18040', time: '2012-11-02 09:44:45'
System info: os.name: 'Windows 7', os.arch: 'amd64', os.version: '6.1', java.version: '1.7.0_09'
Driver info: driver.version: RemoteWebDriver
Session ID: 7276cc8ec2b86cb7699143908556fbcf
	at sun.reflect.GeneratedConstructorAccessor14.newInstance(Unknown Source)
	at sun.reflect.DelegatingConstructorAccessorImpl.newInstance(DelegatingConstructorAccessorImpl.java:45)
	at java.lang.reflect.Constructor.newInstance(Constructor.java:525)
	at org.openqa.selenium.remote.ErrorHandler.createThrowable(ErrorHandler.java:188)
	at org.openqa.selenium.remote.ErrorHandler.throwIfResponseFailed(ErrorHandler.java:145)
	at org.openqa.selenium.remote.RemoteWebDriver.execute(RemoteWebDriver.java:531)
	at org.openqa.selenium.remote.RemoteWebDriver.executeScript(RemoteWebDriver.java:440)
	at com.YouMagicPro.LKA_tests.TestBase.waitContractPageToLoad(TestBase.java:238)
	at com.YouMagicPro.LKA_tests.ContractOgrn6NumbersInTextFieldTest.contractOgrn6NumbersInTextFieldTest_C15055(ContractOgrn6NumbersInTextFieldTest.java:9)
	at sun.reflect.NativeMethodAccessorImpl.invoke0(Native Method)
	at sun.reflect.NativeMethodAccessorImpl.invoke(NativeMethodAccessorImpl.java:57)
	at sun.reflect.DelegatingMethodAccessorImpl.invoke(DelegatingMethodAccessorImpl.java:43)
	at java.lang.reflect.Method.invoke(Method.java:601)
	at org.testng.internal.MethodInvocationHelper.invokeMethod(MethodInvocationHelper.java:80)
	at org.testng.internal.Invoker.invokeMethod(Invoker.java:714)
	at org.testng.internal.Invoker.invokeTestMethod(Invoker.java:901)
	at org.testng.internal.Invoker.invokeTestMethods(Invoker.java:1231)
	at org.testng.internal.TestMethodWorker.invokeTestMethods(TestMethodWorker.java:127)
	at org.testng.internal.TestMethodWorker.run(TestMethodWorker.java:111)
	at org.testng.TestRunner.privateRun(TestRunner.java:767)
	at org.testng.TestRunner.run(TestRunner.java:617)
	at org.testng.SuiteRunner.runTest(SuiteRunner.java:334)
	at org.testng.SuiteRunner.runSequentially(SuiteRunner.java:329)
	at org.testng.SuiteRunner.privateRun(SuiteRunner.java:291)
	at org.testng.SuiteRunner.run(SuiteRunner.java:240)
	at org.testng.SuiteRunnerWorker.runSuite(SuiteRunnerWorker.java:52)
	at org.testng.SuiteRunnerWorker.run(SuiteRunnerWorker.java:86)
	at org.testng.TestNG.runSuitesSequentially(TestNG.java:1198)
	at org.testng.TestNG.runSuitesLocally(TestNG.java:1123)
	at org.testng.TestNG.run(TestNG.java:1031)
	at org.apache.maven.surefire.testng.TestNGExecutor.run(TestNGExecutor.java:122)
	at org.apache.maven.surefire.testng.TestNGXmlTestSuite.execute(TestNGXmlTestSuite.java:88)
	at org.apache.maven.surefire.testng.TestNGProvider.invoke(TestNGProvider.java:104)
	at sun.reflect.NativeMethodAccessorImpl.invoke0(Native Method)
	at sun.reflect.NativeMethodAccessorImpl.invoke(NativeMethodAccessorImpl.java:57)
	at sun.reflect.DelegatingMethodAccessorImpl.invoke(DelegatingMethodAccessorImpl.java:43)
	at java.lang.reflect.Method.invoke(Method.java:601)
	at org.apache.maven.surefire.booter.ProviderFactory$ClassLoaderProxy.invoke(ProviderFactory.java:103)
	at $Proxy0.invoke(Unknown Source)
	at org.apache.maven.surefire.booter.SurefireStarter.invokeProvider(SurefireStarter.java:150)
	at org.apache.maven.surefire.booter.SurefireStarter.runSuitesInProcess(SurefireStarter.java:91)
	at org.apache.maven.surefire.booter.ForkedBooter.main(ForkedBooter.java:69)
]]>
    </failure>
  </testcase> <!-- contractOgrn6NumbersInTextFieldTest_C15055 -->
</testsuite> <!-- com.YouMagicPro.LKA_tests.ContractOgrn6NumbersInTextFieldTest -->
