<?xml version="1.0" encoding="UTF-8"?>
<!-- Generated by org.testng.reporters.JUnitXMLReporter -->
<testsuite hostname="Z100107" name="com.LKA_tests" tests="93" failures="5" timestamp="21 Nov 2012 06:31:22 GMT" time="2377.303" errors="0">
  <testcase name="addAndDeleteMenusTest" time="28.983" classname="com.YouMagicPro.LKA_tests.AddAndDeleteMenusTest">
    <failure type="com.thoughtworks.selenium.SeleniumException" message="ERROR: Element //div[3]/div[2]/a/span not found">
      <![CDATA[com.thoughtworks.selenium.SeleniumException: ERROR: Element //div[3]/div[2]/a/span not found
	at com.thoughtworks.selenium.HttpCommandProcessor.throwAssertionFailureExceptionOrError(HttpCommandProcessor.java:112)
	at com.thoughtworks.selenium.HttpCommandProcessor.doCommand(HttpCommandProcessor.java:106)
	at com.thoughtworks.selenium.DefaultSelenium.click(DefaultSelenium.java:193)
	at com.YouMagicPro.LKA_tests.AddAndDeleteMenusTest.addAndDeleteMenusTest(AddAndDeleteMenusTest.java:26)
	at sun.reflect.NativeMethodAccessorImpl.invoke0(Native Method)
	at sun.reflect.NativeMethodAccessorImpl.invoke(NativeMethodAccessorImpl.java:57)
	at sun.reflect.DelegatingMethodAccessorImpl.invoke(DelegatingMethodAccessorImpl.java:43)
	at java.lang.reflect.Method.invoke(Method.java:601)
	at org.testng.internal.MethodInvocationHelper.invokeMethod(MethodInvocationHelper.java:80)
	at org.testng.internal.Invoker.invokeMethod(Invoker.java:714)
	at org.testng.internal.Invoker.invokeTestMethod(Invoker.java:901)
	at org.testng.internal.Invoker.invokeTestMethods(Invoker.java:1231)
	at org.testng.internal.TestMethodWorker.invokeTestMethods(TestMethodWorker.java:127)
	at org.testng.internal.TestMethodWorker.run(TestMethodWorker.java:111)
	at org.testng.TestRunner.privateRun(TestRunner.java:767)
	at org.testng.TestRunner.run(TestRunner.java:617)
	at org.testng.SuiteRunner.runTest(SuiteRunner.java:334)
	at org.testng.SuiteRunner.runSequentially(SuiteRunner.java:329)
	at org.testng.SuiteRunner.privateRun(SuiteRunner.java:291)
	at org.testng.SuiteRunner.run(SuiteRunner.java:240)
	at org.testng.SuiteRunnerWorker.runSuite(SuiteRunnerWorker.java:52)
	at org.testng.SuiteRunnerWorker.run(SuiteRunnerWorker.java:86)
	at org.testng.TestNG.runSuitesSequentially(TestNG.java:1198)
	at org.testng.TestNG.runSuitesLocally(TestNG.java:1123)
	at org.testng.TestNG.run(TestNG.java:1031)
	at org.apache.maven.surefire.testng.TestNGExecutor.run(TestNGExecutor.java:122)
	at org.apache.maven.surefire.testng.TestNGXmlTestSuite.execute(TestNGXmlTestSuite.java:88)
	at org.apache.maven.surefire.testng.TestNGProvider.invoke(TestNGProvider.java:104)
	at sun.reflect.NativeMethodAccessorImpl.invoke0(Native Method)
	at sun.reflect.NativeMethodAccessorImpl.invoke(NativeMethodAccessorImpl.java:57)
	at sun.reflect.DelegatingMethodAccessorImpl.invoke(DelegatingMethodAccessorImpl.java:43)
	at java.lang.reflect.Method.invoke(Method.java:601)
	at org.apache.maven.surefire.booter.ProviderFactory$ClassLoaderProxy.invoke(ProviderFactory.java:103)
	at $Proxy0.invoke(Unknown Source)
	at org.apache.maven.surefire.booter.SurefireStarter.invokeProvider(SurefireStarter.java:150)
	at org.apache.maven.surefire.booter.SurefireStarter.runSuitesInProcess(SurefireStarter.java:91)
	at org.apache.maven.surefire.booter.ForkedBooter.main(ForkedBooter.java:69)
]]>
    </failure>
  </testcase> <!-- addAndDeleteMenusTest -->
  <testcase name="voiceMailTest" time="23.97" classname="com.YouMagicPro.LKA_tests.VoiceMailPageTest"/>
  <testcase name="addAndDeleteNoticesTest" time="32.38" classname="com.YouMagicPro.LKA_tests.AddAndDeleteNoticesTest"/>
  <testcase name="voiceMenuAddTest_C15292" time="17.534" classname="com.YouMagicPro.LKA_tests.VoiceMenuAddTest"/>
  <testcase name="addAndDeleteNoticesTest" time="23.384" classname="com.YouMagicPro.LKA_tests.AgreementOPFTest"/>
  <testcase name="voiceMailChooseSoundTest_C15294" time="22.981" classname="com.YouMagicPro.LKA_tests.VoiceMenuChooseSoundTest"/>
  <testcase name="buying804NumberCategoriesOfNumbers_C25622" time="17.481" classname="com.YouMagicPro.LKA_tests.Buying804NumberCategoriesOfNumbers"/>
  <testcase name="voiceMailEmptyNameTextFieldTest_C19851" time="20.388" classname="com.YouMagicPro.LKA_tests.VoiceMenuEmptyNameTextFieldTest"/>
  <testcase name="buying804NumberCostOfNumberTest_C25623" time="16.704" classname="com.YouMagicPro.LKA_tests.Buying804NumberCostOfNumberTest"/>
  <testcase name="yourNumbersTest" time="28.846" classname="com.YouMagicPro.LKA_tests.YourNumbersTest"/>
  <testcase name="buyingAdditionalInternalNumberCheckCost_C15113" time="10.544" classname="com.YouMagicPro.LKA_tests.BuyingAdditionalInternalNumberCheckCost"/>
  <testcase name="buyingAdditionalInternalNumberTextFieldTest_C15112" time="10.935" classname="com.YouMagicPro.LKA_tests.BuyingAdditionalInternalNumberTextFieldTest"/>
  <testcase name="buyingAdditionalNumberChooseCityFromList_C15103" time="16.279" classname="com.YouMagicPro.LKA_tests.BuyingAdditionalNumberChooseCityFromList"/>
  <testcase name="BuyingAdditionalNumberChooseNumberCategories_C15105" time="22.752" classname="com.YouMagicPro.LKA_tests.BuyingAdditionalNumberChooseNumberCategories"/>
  <testcase name="BuyingAdditionalNumberChooseNumbersFromList_C15106" time="16.409" classname="com.YouMagicPro.LKA_tests.BuyingAdditionalNumberChooseNumbersFromList"/>
  <testcase name="clickOnAvatarTest" time="25.954" classname="com.YouMagicPro.LKA_tests.CallForwardingPageTest"/>
  <testcase name="clickOnAvatarTest" time="22.698" classname="com.YouMagicPro.LKA_tests.ClickOnAvatarTest"/>
  <testcase name="clickOnBalanceTest" time="22.643" classname="com.YouMagicPro.LKA_tests.ClickOnBalanceTest"/>
  <testcase name="clickOnContractTest" time="40.883" classname="com.YouMagicPro.LKA_tests.ClickOnContractTest"/>
  <testcase name="clickOnDiskSpaceTest" time="25.408" classname="com.YouMagicPro.LKA_tests.ClickOnDiskSpaceTest"/>
  <testcase name="clickOnExitTest" time="22.808" classname="com.YouMagicPro.LKA_tests.ClickOnExitTest"/>
  <testcase name="clickOnIconTest" time="19.474" classname="com.YouMagicPro.LKA_tests.ClickOnIconTest"/>
  <testcase name="clickOnInternalNumbersTest" time="18.646" classname="com.YouMagicPro.LKA_tests.ClickOnInternalNumbersTest">
    <failure type="com.thoughtworks.selenium.SeleniumException" message="ERROR: Couldn&amp;apos;t access document.body.  Is this HTML page fully loaded?">
      <![CDATA[com.thoughtworks.selenium.SeleniumException: ERROR: Couldn't access document.body.  Is this HTML page fully loaded?
	at com.thoughtworks.selenium.HttpCommandProcessor.throwAssertionFailureExceptionOrError(HttpCommandProcessor.java:112)
	at com.thoughtworks.selenium.HttpCommandProcessor.doCommand(HttpCommandProcessor.java:106)
	at com.thoughtworks.selenium.HttpCommandProcessor.getString(HttpCommandProcessor.java:275)
	at com.thoughtworks.selenium.HttpCommandProcessor.getBoolean(HttpCommandProcessor.java:348)
	at com.thoughtworks.selenium.DefaultSelenium.isTextPresent(DefaultSelenium.java:535)
	at com.YouMagicPro.LKA_tests.ClickOnInternalNumbersTest.clickOnInternalNumbersTest(ClickOnInternalNumbersTest.java:26)
	at sun.reflect.NativeMethodAccessorImpl.invoke0(Native Method)
	at sun.reflect.NativeMethodAccessorImpl.invoke(NativeMethodAccessorImpl.java:57)
	at sun.reflect.DelegatingMethodAccessorImpl.invoke(DelegatingMethodAccessorImpl.java:43)
	at java.lang.reflect.Method.invoke(Method.java:601)
	at org.testng.internal.MethodInvocationHelper.invokeMethod(MethodInvocationHelper.java:80)
	at org.testng.internal.Invoker.invokeMethod(Invoker.java:714)
	at org.testng.internal.Invoker.invokeTestMethod(Invoker.java:901)
	at org.testng.internal.Invoker.invokeTestMethods(Invoker.java:1231)
	at org.testng.internal.TestMethodWorker.invokeTestMethods(TestMethodWorker.java:127)
	at org.testng.internal.TestMethodWorker.run(TestMethodWorker.java:111)
	at org.testng.TestRunner.privateRun(TestRunner.java:767)
	at org.testng.TestRunner.run(TestRunner.java:617)
	at org.testng.SuiteRunner.runTest(SuiteRunner.java:334)
	at org.testng.SuiteRunner.runSequentially(SuiteRunner.java:329)
	at org.testng.SuiteRunner.privateRun(SuiteRunner.java:291)
	at org.testng.SuiteRunner.run(SuiteRunner.java:240)
	at org.testng.SuiteRunnerWorker.runSuite(SuiteRunnerWorker.java:52)
	at org.testng.SuiteRunnerWorker.run(SuiteRunnerWorker.java:86)
	at org.testng.TestNG.runSuitesSequentially(TestNG.java:1198)
	at org.testng.TestNG.runSuitesLocally(TestNG.java:1123)
	at org.testng.TestNG.run(TestNG.java:1031)
	at org.apache.maven.surefire.testng.TestNGExecutor.run(TestNGExecutor.java:122)
	at org.apache.maven.surefire.testng.TestNGXmlTestSuite.execute(TestNGXmlTestSuite.java:88)
	at org.apache.maven.surefire.testng.TestNGProvider.invoke(TestNGProvider.java:104)
	at sun.reflect.NativeMethodAccessorImpl.invoke0(Native Method)
	at sun.reflect.NativeMethodAccessorImpl.invoke(NativeMethodAccessorImpl.java:57)
	at sun.reflect.DelegatingMethodAccessorImpl.invoke(DelegatingMethodAccessorImpl.java:43)
	at java.lang.reflect.Method.invoke(Method.java:601)
	at org.apache.maven.surefire.booter.ProviderFactory$ClassLoaderProxy.invoke(ProviderFactory.java:103)
	at $Proxy0.invoke(Unknown Source)
	at org.apache.maven.surefire.booter.SurefireStarter.invokeProvider(SurefireStarter.java:150)
	at org.apache.maven.surefire.booter.SurefireStarter.runSuitesInProcess(SurefireStarter.java:91)
	at org.apache.maven.surefire.booter.ForkedBooter.main(ForkedBooter.java:69)
]]>
    </failure>
  </testcase> <!-- clickOnInternalNumbersTest -->
  <testcase name="clickOnPasswordChangeTest" time="21.507" classname="com.YouMagicPro.LKA_tests.ClickOnPasswordChangeTest"/>
  <testcase name="clickOnPersonalAccountTest" time="23.285" classname="com.YouMagicPro.LKA_tests.ClickOnPersonalAccountTest"/>
  <testcase name="clickOnPromoTest" time="21.053" classname="com.YouMagicPro.LKA_tests.ClickOnPromoTest"/>
  <testcase name="contractBankAccountLettersAndNumbersTest_C14496" time="21.463" classname="com.YouMagicPro.LKA_tests.ContractBankAccountLettersAndNumbersTest"/>
  <testcase name="contractBankAccountLettersInTextFieldTest_C14995" time="21.586" classname="com.YouMagicPro.LKA_tests.ContractBankAccountLettersInTextFieldTest"/>
  <testcase name="contractBankAccountOneInTextFieldTest_C14993" time="15.299" classname="com.YouMagicPro.LKA_tests.ContractBankAccountOneInTextFieldTest">
    <failure type="org.openqa.selenium.WebDriverException" message="Element is not clickable at point (555, 381). Other element would receive the click: &amp;lt;img id=&amp;quot;1&amp;quot; class=&amp;quot;slideimage&amp;quot; src=&amp;quot;/sites/all/modules/contrib/umagicpro_instructions/images/home.png&amp;quot; data-title=&amp;quot;Благодарим вас за выбор YouMagic.Pro!&amp;quot;&amp;gt; (WARNING: The server did not provide any stacktrace information)
Command duration or timeout: 29 milliseconds
Build info: version: &amp;apos;2.26.0&amp;apos;, revision: &amp;apos;18040&amp;apos;, time: &amp;apos;2012-11-02 09:44:45&amp;apos;
System info: os.name: &amp;apos;Windows 7&amp;apos;, os.arch: &amp;apos;amd64&amp;apos;, os.version: &amp;apos;6.1&amp;apos;, java.version: &amp;apos;1.7.0_05&amp;apos;
Driver info: driver.version: RemoteWebDriver
Session ID: 42ceaa2cdec8593375f22775fee20504">
      <![CDATA[org.openqa.selenium.WebDriverException: Element is not clickable at point (555, 381). Other element would receive the click: <img id="1" class="slideimage" src="/sites/all/modules/contrib/umagicpro_instructions/images/home.png" data-title="Благодарим вас за выбор YouMagic.Pro!"> (WARNING: The server did not provide any stacktrace information)
Command duration or timeout: 29 milliseconds
Build info: version: '2.26.0', revision: '18040', time: '2012-11-02 09:44:45'
System info: os.name: 'Windows 7', os.arch: 'amd64', os.version: '6.1', java.version: '1.7.0_05'
Driver info: driver.version: RemoteWebDriver
Session ID: 42ceaa2cdec8593375f22775fee20504
	at sun.reflect.NativeConstructorAccessorImpl.newInstance0(Native Method)
	at sun.reflect.NativeConstructorAccessorImpl.newInstance(NativeConstructorAccessorImpl.java:57)
	at sun.reflect.DelegatingConstructorAccessorImpl.newInstance(DelegatingConstructorAccessorImpl.java:45)
	at java.lang.reflect.Constructor.newInstance(Constructor.java:525)
	at org.openqa.selenium.remote.ErrorHandler.createThrowable(ErrorHandler.java:188)
	at org.openqa.selenium.remote.ErrorHandler.throwIfResponseFailed(ErrorHandler.java:145)
	at org.openqa.selenium.remote.RemoteWebDriver.execute(RemoteWebDriver.java:531)
	at org.openqa.selenium.remote.RemoteWebElement.execute(RemoteWebElement.java:246)
	at org.openqa.selenium.remote.RemoteWebElement.click(RemoteWebElement.java:79)
	at com.YouMagicPro.LKA_tests.TestBase.waitContractPageToLoad(TestBase.java:138)
	at com.YouMagicPro.LKA_tests.ContractBankAccountOneInTextFieldTest.contractBankAccountOneInTextFieldTest_C14993(ContractBankAccountOneInTextFieldTest.java:11)
	at sun.reflect.NativeMethodAccessorImpl.invoke0(Native Method)
	at sun.reflect.NativeMethodAccessorImpl.invoke(NativeMethodAccessorImpl.java:57)
	at sun.reflect.DelegatingMethodAccessorImpl.invoke(DelegatingMethodAccessorImpl.java:43)
	at java.lang.reflect.Method.invoke(Method.java:601)
	at org.testng.internal.MethodInvocationHelper.invokeMethod(MethodInvocationHelper.java:80)
	at org.testng.internal.Invoker.invokeMethod(Invoker.java:714)
	at org.testng.internal.Invoker.invokeTestMethod(Invoker.java:901)
	at org.testng.internal.Invoker.invokeTestMethods(Invoker.java:1231)
	at org.testng.internal.TestMethodWorker.invokeTestMethods(TestMethodWorker.java:127)
	at org.testng.internal.TestMethodWorker.run(TestMethodWorker.java:111)
	at org.testng.TestRunner.privateRun(TestRunner.java:767)
	at org.testng.TestRunner.run(TestRunner.java:617)
	at org.testng.SuiteRunner.runTest(SuiteRunner.java:334)
	at org.testng.SuiteRunner.runSequentially(SuiteRunner.java:329)
	at org.testng.SuiteRunner.privateRun(SuiteRunner.java:291)
	at org.testng.SuiteRunner.run(SuiteRunner.java:240)
	at org.testng.SuiteRunnerWorker.runSuite(SuiteRunnerWorker.java:52)
	at org.testng.SuiteRunnerWorker.run(SuiteRunnerWorker.java:86)
	at org.testng.TestNG.runSuitesSequentially(TestNG.java:1198)
	at org.testng.TestNG.runSuitesLocally(TestNG.java:1123)
	at org.testng.TestNG.run(TestNG.java:1031)
	at org.apache.maven.surefire.testng.TestNGExecutor.run(TestNGExecutor.java:122)
	at org.apache.maven.surefire.testng.TestNGXmlTestSuite.execute(TestNGXmlTestSuite.java:88)
	at org.apache.maven.surefire.testng.TestNGProvider.invoke(TestNGProvider.java:104)
	at sun.reflect.NativeMethodAccessorImpl.invoke0(Native Method)
	at sun.reflect.NativeMethodAccessorImpl.invoke(NativeMethodAccessorImpl.java:57)
	at sun.reflect.DelegatingMethodAccessorImpl.invoke(DelegatingMethodAccessorImpl.java:43)
	at java.lang.reflect.Method.invoke(Method.java:601)
	at org.apache.maven.surefire.booter.ProviderFactory$ClassLoaderProxy.invoke(ProviderFactory.java:103)
	at $Proxy0.invoke(Unknown Source)
	at org.apache.maven.surefire.booter.SurefireStarter.invokeProvider(SurefireStarter.java:150)
	at org.apache.maven.surefire.booter.SurefireStarter.runSuitesInProcess(SurefireStarter.java:91)
	at org.apache.maven.surefire.booter.ForkedBooter.main(ForkedBooter.java:69)
]]>
    </failure>
  </testcase> <!-- contractBankAccountOneInTextFieldTest_C14993 -->
  <testcase name="contractBankAccountSymbolsInTextFieldTest_C14997" time="22.303" classname="com.YouMagicPro.LKA_tests.ContractBankAccountSymbolsInTextFieldTest"/>
  <testcase name="contractBankAccountTenInTextFieldTest_C14994" time="21.659" classname="com.YouMagicPro.LKA_tests.ContractBankAccountTenInTextFieldTest"/>
  <testcase name="contractBikTest1inTextField_C15022" time="24.471" classname="com.YouMagicPro.LKA_tests.ContractBik1inTextFieldTest"/>
  <testcase name="contractBikTest_C15025" time="22.601" classname="com.YouMagicPro.LKA_tests.ContractBikLettersAndNumbersInTextFieldTest"/>
  <testcase name="contractBikTestLettersInTextField_C15023" time="24.795" classname="com.YouMagicPro.LKA_tests.ContractBikLettersInTextFieldTest"/>
  <testcase name="contractBikSymbolsInTextFieldTest_C15026" time="22.58" classname="com.YouMagicPro.LKA_tests.ContractBikSymbolsInTextFieldTest"/>
  <testcase name="contractCheckDocumentTest_C14986" time="110.814" classname="com.YouMagicPro.LKA_tests.ContractCheckDocumentTest"/>
  <testcase name="contractCorAccount19NumbersTest_C15005" time="40.384" classname="com.YouMagicPro.LKA_tests.ContractCorAccount19NumbersTest"/>
  <testcase name="contractCorAccountTenInTextFieldTest_C15000" time="21.759" classname="com.YouMagicPro.LKA_tests.ContractCorAccountLettersAndNumbersTextFieldTest"/>
  <testcase name="contractCorAccountLettersInTextFieldTest_C15001" time="21.33" classname="com.YouMagicPro.LKA_tests.ContractCorAccountLettersInTextFieldTest"/>
  <testcase name="contractCorAccountOneInTextFieldTest_C14499" time="28.922" classname="com.YouMagicPro.LKA_tests.ContractCorAccountOneInTextFieldTest"/>
  <testcase name="contractCorAccountSymbolsInTextFieldTest_C15003" time="23.222" classname="com.YouMagicPro.LKA_tests.ContractCorAccountSymbolsInTextFieldTest"/>
  <testcase name="contractCorAccountTenInTextFieldTest_C15000" time="22.178" classname="com.YouMagicPro.LKA_tests.ContractCorAccountTenInTextFieldTest"/>
  <testcase name="contractEndOfPageDataTest_C15062" time="21.651" classname="com.YouMagicPro.LKA_tests.ContractEndOfPageDataTest"/>
  <testcase name="fillInContractDataTest_C14998" time="24.168" classname="com.YouMagicPro.LKA_tests.ContractFillInDataTest"/>
  <testcase name="contractInn6NumbersInTextFieldTest_C15029" time="23.848" classname="com.YouMagicPro.LKA_tests.ContractInn6NumbersInTextFieldTest"/>
  <testcase name="contractInnChooseForm_C15047" time="37.422" classname="com.YouMagicPro.LKA_tests.ContractInnChooseFormTest"/>
  <testcase name="contractInnLettersInTextFieldTest_C15030" time="23.03" classname="com.YouMagicPro.LKA_tests.ContractInnLettersInTextFieldTest"/>
  <testcase name="contractInnOneInTextFieldTest_C15028" time="20.533" classname="com.YouMagicPro.LKA_tests.ContractInnOneInTextFieldTest"/>
  <testcase name="contractInnLettersInTextFieldTest_C15030" time="20.992" classname="com.YouMagicPro.LKA_tests.ContractInnSymbolsInTextFieldTest"/>
  <testcase name="contractKppTest_C15049" time="21.801" classname="com.YouMagicPro.LKA_tests.ContractKpp6NumbersInTextFieldTest"/>
  <testcase name="contractKppTest_C15054" time="21.457" classname="com.YouMagicPro.LKA_tests.ContractKppLettersAndNumbersTest"/>
  <testcase name="contractKppTest_C15050" time="25.447" classname="com.YouMagicPro.LKA_tests.ContractKppLettersTest"/>
  <testcase name="contractKppTest_C15048" time="22.198" classname="com.YouMagicPro.LKA_tests.ContractKppOneNumberInTextFieldTest"/>
  <testcase name="contractKppTest_C15051" time="22.879" classname="com.YouMagicPro.LKA_tests.ContractKppSymbolsTest"/>
  <testcase name="contractOgrn6NumbersInTextFieldTest_C15055" time="20.603" classname="com.YouMagicPro.LKA_tests.ContractOgrn6NumbersInTextFieldTest"/>
  <testcase name="contractOgrnLettersAndNumbersInTextFieldTest_C15057" time="21.468" classname="com.YouMagicPro.LKA_tests.ContractOgrnLettersAndNumbersInTextFieldTest"/>
  <testcase name="contractOgrnLettersInTextFieldTest_C15056" time="22.813" classname="com.YouMagicPro.LKA_tests.ContractOgrnLettersInTextFieldTest"/>
  <testcase name="contractOgrnOneNumberInTextFieldTest_C15053" time="23.43" classname="com.YouMagicPro.LKA_tests.ContractOgrnOneNumberInTextFieldTest"/>
  <testcase name="contractFillBankAccountTest" time="22.239" classname="com.YouMagicPro.LKA_tests.ContractOgrnSymbolsTest"/>
  <testcase name="detalizationPageTest" time="21.775" classname="com.YouMagicPro.LKA_tests.DetalizationPageTest"/>
  <testcase name="expenseStructureTest" time="125.912" classname="com.YouMagicPro.LKA_tests.DiscSpaceTest">
    <failure type="org.openqa.selenium.TimeoutException" message="Timed out after 120 seconds waiting for element to be clickable: By.selector: a.bPopup__eClose.instructions-close
Build info: version: &amp;apos;2.26.0&amp;apos;, revision: &amp;apos;18040&amp;apos;, time: &amp;apos;2012-11-02 09:44:45&amp;apos;
System info: os.name: &amp;apos;Windows 7&amp;apos;, os.arch: &amp;apos;amd64&amp;apos;, os.version: &amp;apos;6.1&amp;apos;, java.version: &amp;apos;1.7.0_05&amp;apos;
Driver info: driver.version: unknown">
      <![CDATA[org.openqa.selenium.TimeoutException: Timed out after 120 seconds waiting for element to be clickable: By.selector: a.bPopup__eClose.instructions-close
Build info: version: '2.26.0', revision: '18040', time: '2012-11-02 09:44:45'
System info: os.name: 'Windows 7', os.arch: 'amd64', os.version: '6.1', java.version: '1.7.0_05'
Driver info: driver.version: unknown
	at org.openqa.selenium.support.ui.FluentWait.timeoutException(FluentWait.java:255)
	at org.openqa.selenium.support.ui.FluentWait.until(FluentWait.java:224)
	at com.YouMagicPro.LKA_tests.TestBase.waitAdminPageToLoad(TestBase.java:109)
	at com.YouMagicPro.LKA_tests.DiscSpaceTest.expenseStructureTest(DiscSpaceTest.java:11)
	at sun.reflect.NativeMethodAccessorImpl.invoke0(Native Method)
	at sun.reflect.NativeMethodAccessorImpl.invoke(NativeMethodAccessorImpl.java:57)
	at sun.reflect.DelegatingMethodAccessorImpl.invoke(DelegatingMethodAccessorImpl.java:43)
	at java.lang.reflect.Method.invoke(Method.java:601)
	at org.testng.internal.MethodInvocationHelper.invokeMethod(MethodInvocationHelper.java:80)
	at org.testng.internal.Invoker.invokeMethod(Invoker.java:714)
	at org.testng.internal.Invoker.invokeTestMethod(Invoker.java:901)
	at org.testng.internal.Invoker.invokeTestMethods(Invoker.java:1231)
	at org.testng.internal.TestMethodWorker.invokeTestMethods(TestMethodWorker.java:127)
	at org.testng.internal.TestMethodWorker.run(TestMethodWorker.java:111)
	at org.testng.TestRunner.privateRun(TestRunner.java:767)
	at org.testng.TestRunner.run(TestRunner.java:617)
	at org.testng.SuiteRunner.runTest(SuiteRunner.java:334)
	at org.testng.SuiteRunner.runSequentially(SuiteRunner.java:329)
	at org.testng.SuiteRunner.privateRun(SuiteRunner.java:291)
	at org.testng.SuiteRunner.run(SuiteRunner.java:240)
	at org.testng.SuiteRunnerWorker.runSuite(SuiteRunnerWorker.java:52)
	at org.testng.SuiteRunnerWorker.run(SuiteRunnerWorker.java:86)
	at org.testng.TestNG.runSuitesSequentially(TestNG.java:1198)
	at org.testng.TestNG.runSuitesLocally(TestNG.java:1123)
	at org.testng.TestNG.run(TestNG.java:1031)
	at org.apache.maven.surefire.testng.TestNGExecutor.run(TestNGExecutor.java:122)
	at org.apache.maven.surefire.testng.TestNGXmlTestSuite.execute(TestNGXmlTestSuite.java:88)
	at org.apache.maven.surefire.testng.TestNGProvider.invoke(TestNGProvider.java:104)
	at sun.reflect.NativeMethodAccessorImpl.invoke0(Native Method)
	at sun.reflect.NativeMethodAccessorImpl.invoke(NativeMethodAccessorImpl.java:57)
	at sun.reflect.DelegatingMethodAccessorImpl.invoke(DelegatingMethodAccessorImpl.java:43)
	at java.lang.reflect.Method.invoke(Method.java:601)
	at org.apache.maven.surefire.booter.ProviderFactory$ClassLoaderProxy.invoke(ProviderFactory.java:103)
	at $Proxy0.invoke(Unknown Source)
	at org.apache.maven.surefire.booter.SurefireStarter.invokeProvider(SurefireStarter.java:150)
	at org.apache.maven.surefire.booter.SurefireStarter.runSuitesInProcess(SurefireStarter.java:91)
	at org.apache.maven.surefire.booter.ForkedBooter.main(ForkedBooter.java:69)
Caused by: org.openqa.selenium.NoSuchElementException: The element could not be found (WARNING: The server did not provide any stacktrace information)
Command duration or timeout: 15 milliseconds
For documentation on this error, please visit: http://seleniumhq.org/exceptions/no_such_element.html
Build info: version: '2.26.0', revision: '18040', time: '2012-11-02 09:44:45'
System info: os.name: 'Windows 7', os.arch: 'amd64', os.version: '6.1', java.version: '1.7.0_05'
Driver info: driver.version: RemoteWebDriver
Session ID: 2f92d37ec3a68dfc394009f530701f6f
	at sun.reflect.GeneratedConstructorAccessor13.newInstance(Unknown Source)
	at sun.reflect.DelegatingConstructorAccessorImpl.newInstance(DelegatingConstructorAccessorImpl.java:45)
	at java.lang.reflect.Constructor.newInstance(Constructor.java:525)
	at org.openqa.selenium.remote.ErrorHandler.createThrowable(ErrorHandler.java:188)
	at org.openqa.selenium.remote.ErrorHandler.throwIfResponseFailed(ErrorHandler.java:145)
	at org.openqa.selenium.remote.RemoteWebDriver.execute(RemoteWebDriver.java:531)
	at org.openqa.selenium.remote.RemoteWebDriver.findElement(RemoteWebDriver.java:301)
	at org.openqa.selenium.remote.RemoteWebDriver.findElementByCssSelector(RemoteWebDriver.java:378)
	at org.openqa.selenium.By$ByCssSelector.findElement(By.java:405)
	at org.openqa.selenium.remote.RemoteWebDriver.findElement(RemoteWebDriver.java:293)
	at org.openqa.selenium.support.ui.ExpectedConditions.findElement(ExpectedConditions.java:427)
	at org.openqa.selenium.support.ui.ExpectedConditions.access$000(ExpectedConditions.java:39)
	at org.openqa.selenium.support.ui.ExpectedConditions$4.apply(ExpectedConditions.java:126)
	at org.openqa.selenium.support.ui.ExpectedConditions$4.apply(ExpectedConditions.java:123)
	at org.openqa.selenium.support.ui.ExpectedConditions$11.apply(ExpectedConditions.java:310)
	at org.openqa.selenium.support.ui.ExpectedConditions$11.apply(ExpectedConditions.java:304)
	at org.openqa.selenium.support.ui.FluentWait.until(FluentWait.java:204)
	... 35 more
]]>
    </failure>
  </testcase> <!-- expenseStructureTest -->
  <testcase name="employeesEditProfileTest_C15253" time="22.34" classname="com.YouMagicPro.LKA_tests.EmployeesAddEmployeeTest"/>
  <testcase name="employeesCheckInfoTest_C15252" time="15.294" classname="com.YouMagicPro.LKA_tests.EmployeesCheckInfoTest"/>
  <testcase name="employeesEditProfileTest_C15253" time="21.4" classname="com.YouMagicPro.LKA_tests.EmployeesEditProfile2SymbolsInTextFieldTest"/>
  <testcase name="employeesEditProfile3SymbolsInTextFieldTest_C15256" time="19.501" classname="com.YouMagicPro.LKA_tests.EmployeesEditProfile3SymbolsInTextFieldTest"/>
  <testcase name="employeesEditProfileTest_C15253" time="20.426" classname="com.YouMagicPro.LKA_tests.EmployeesEditProfileFillInDataTest"/>
  <testcase name="employeesEditProfileTest_C15253" time="17.431" classname="com.YouMagicPro.LKA_tests.EmployeesEditProfileTest"/>
  <testcase name="expenseStructureAdditionalNumbersFeeTest_C15096" time="8.751" classname="com.YouMagicPro.LKA_tests.ExpenseStructureAdditionalNumbersFeeTest"/>
  <testcase name="expenseStructureChooseAdditionalNumbersTest_C15100" time="10.386" classname="com.YouMagicPro.LKA_tests.ExpenseStructureChooseAdditionalNumbersTest"/>
  <testcase name="expenseStructureChooseIntNumbersPageTest_C15102" time="17.183" classname="com.YouMagicPro.LKA_tests.ExpenseStructureChooseIntNumbersPageTest"/>
  <testcase name="expenseStructureInternalNumbersFeeTest_C15101" time="9.323" classname="com.YouMagicPro.LKA_tests.ExpenseStructureInternalNumbersFeeTest"/>
  <testcase name="expenseStructureRentalFeeTest_C15096" time="8.9" classname="com.YouMagicPro.LKA_tests.ExpenseStructureRentalFeeTest"/>
  <testcase name="faxPageTest" time="27.383" classname="com.YouMagicPro.LKA_tests.FaxPageTest"/>
  <testcase name="feedbackPageTest" time="21.068" classname="com.YouMagicPro.LKA_tests.FeedbackPageTest"/>
  <testcase name="filesFreeSpaceTest" time="22.066" classname="com.YouMagicPro.LKA_tests.FilesFreeSpacePageTest"/>
  <testcase name="orderByEmailCancelButtonTest_C15141" time="30.052" classname="com.YouMagicPro.LKA_tests.NotificationsCheckFieldsTest"/>
  <testcase name="orderByEmailCancelButtonTest_C15141" time="17.822" classname="com.YouMagicPro.LKA_tests.OrderByEmailCancelButtonTest"/>
  <testcase name="orderByEmailChangeEmailTest_C25653" time="16.389" classname="com.YouMagicPro.LKA_tests.OrderByEmailChangeEmailTest"/>
  <testcase name="orderByEmailChangeNameTest_C25671" time="16.693" classname="com.YouMagicPro.LKA_tests.OrderByEmailChangeNameTest"/>
  <testcase name="orderByEmailOrderWithoutDocTypeCheckedTest_C25656" time="18.825" classname="com.YouMagicPro.LKA_tests.OrderByEmailOrderWithoutDocTypeCheckedTest"/>
  <testcase name="orderByPickUpCancelButtonTest_C25664" time="19.791" classname="com.YouMagicPro.LKA_tests.OrderByPickUpCancelButtonTest"/>
  <testcase name="orderByPickUpChangeNameTest_C25668" time="20.869" classname="com.YouMagicPro.LKA_tests.OrderByPickUpChangeNameTest"/>
  <testcase name="OrderByPickUpChangePhoneTest_C25666" time="5.336" classname="com.YouMagicPro.LKA_tests.OrderByPickUpChangePhoneTest">
    <failure type="org.openqa.selenium.WebDriverException" message="Element is not clickable at point (0, 0) (WARNING: The server did not provide any stacktrace information)
Command duration or timeout: 33 milliseconds
Build info: version: &amp;apos;2.26.0&amp;apos;, revision: &amp;apos;18040&amp;apos;, time: &amp;apos;2012-11-02 09:44:45&amp;apos;
System info: os.name: &amp;apos;Windows 7&amp;apos;, os.arch: &amp;apos;amd64&amp;apos;, os.version: &amp;apos;6.1&amp;apos;, java.version: &amp;apos;1.7.0_05&amp;apos;
Driver info: driver.version: RemoteWebDriver
Session ID: 72f0d768e30d94f0c2a1539f3930085a">
      <![CDATA[org.openqa.selenium.WebDriverException: Element is not clickable at point (0, 0) (WARNING: The server did not provide any stacktrace information)
Command duration or timeout: 33 milliseconds
Build info: version: '2.26.0', revision: '18040', time: '2012-11-02 09:44:45'
System info: os.name: 'Windows 7', os.arch: 'amd64', os.version: '6.1', java.version: '1.7.0_05'
Driver info: driver.version: RemoteWebDriver
Session ID: 72f0d768e30d94f0c2a1539f3930085a
	at sun.reflect.NativeConstructorAccessorImpl.newInstance0(Native Method)
	at sun.reflect.NativeConstructorAccessorImpl.newInstance(NativeConstructorAccessorImpl.java:57)
	at sun.reflect.DelegatingConstructorAccessorImpl.newInstance(DelegatingConstructorAccessorImpl.java:45)
	at java.lang.reflect.Constructor.newInstance(Constructor.java:525)
	at org.openqa.selenium.remote.ErrorHandler.createThrowable(ErrorHandler.java:188)
	at org.openqa.selenium.remote.ErrorHandler.throwIfResponseFailed(ErrorHandler.java:145)
	at org.openqa.selenium.remote.RemoteWebDriver.execute(RemoteWebDriver.java:531)
	at org.openqa.selenium.remote.RemoteWebElement.execute(RemoteWebElement.java:246)
	at org.openqa.selenium.remote.RemoteWebElement.click(RemoteWebElement.java:79)
	at com.YouMagicPro.LKA_tests.TestBase.waitAdminPageToLoadSecondAccount(TestBase.java:120)
	at com.YouMagicPro.LKA_tests.OrderByPickUpChangePhoneTest.OrderByPickUpChangePhoneTest_C25666(OrderByPickUpChangePhoneTest.java:11)
	at sun.reflect.NativeMethodAccessorImpl.invoke0(Native Method)
	at sun.reflect.NativeMethodAccessorImpl.invoke(NativeMethodAccessorImpl.java:57)
	at sun.reflect.DelegatingMethodAccessorImpl.invoke(DelegatingMethodAccessorImpl.java:43)
	at java.lang.reflect.Method.invoke(Method.java:601)
	at org.testng.internal.MethodInvocationHelper.invokeMethod(MethodInvocationHelper.java:80)
	at org.testng.internal.Invoker.invokeMethod(Invoker.java:714)
	at org.testng.internal.Invoker.invokeTestMethod(Invoker.java:901)
	at org.testng.internal.Invoker.invokeTestMethods(Invoker.java:1231)
	at org.testng.internal.TestMethodWorker.invokeTestMethods(TestMethodWorker.java:127)
	at org.testng.internal.TestMethodWorker.run(TestMethodWorker.java:111)
	at org.testng.TestRunner.privateRun(TestRunner.java:767)
	at org.testng.TestRunner.run(TestRunner.java:617)
	at org.testng.SuiteRunner.runTest(SuiteRunner.java:334)
	at org.testng.SuiteRunner.runSequentially(SuiteRunner.java:329)
	at org.testng.SuiteRunner.privateRun(SuiteRunner.java:291)
	at org.testng.SuiteRunner.run(SuiteRunner.java:240)
	at org.testng.SuiteRunnerWorker.runSuite(SuiteRunnerWorker.java:52)
	at org.testng.SuiteRunnerWorker.run(SuiteRunnerWorker.java:86)
	at org.testng.TestNG.runSuitesSequentially(TestNG.java:1198)
	at org.testng.TestNG.runSuitesLocally(TestNG.java:1123)
	at org.testng.TestNG.run(TestNG.java:1031)
	at org.apache.maven.surefire.testng.TestNGExecutor.run(TestNGExecutor.java:122)
	at org.apache.maven.surefire.testng.TestNGXmlTestSuite.execute(TestNGXmlTestSuite.java:88)
	at org.apache.maven.surefire.testng.TestNGProvider.invoke(TestNGProvider.java:104)
	at sun.reflect.NativeMethodAccessorImpl.invoke0(Native Method)
	at sun.reflect.NativeMethodAccessorImpl.invoke(NativeMethodAccessorImpl.java:57)
	at sun.reflect.DelegatingMethodAccessorImpl.invoke(DelegatingMethodAccessorImpl.java:43)
	at java.lang.reflect.Method.invoke(Method.java:601)
	at org.apache.maven.surefire.booter.ProviderFactory$ClassLoaderProxy.invoke(ProviderFactory.java:103)
	at $Proxy0.invoke(Unknown Source)
	at org.apache.maven.surefire.booter.SurefireStarter.invokeProvider(SurefireStarter.java:150)
	at org.apache.maven.surefire.booter.SurefireStarter.runSuitesInProcess(SurefireStarter.java:91)
	at org.apache.maven.surefire.booter.ForkedBooter.main(ForkedBooter.java:69)
]]>
    </failure>
  </testcase> <!-- OrderByPickUpChangePhoneTest_C25666 -->
  <testcase name="orderByPickUpOrderWithoutDocTypeCheckedTest_C25663" time="19.738" classname="com.YouMagicPro.LKA_tests.OrderByPickUpOrderWithoutDocTypeCheckedTest"/>
  <testcase name="orderDeliveryOfContractCancelButtonTest" time="20.64" classname="com.YouMagicPro.LKA_tests.OrderDeliveryOfContractCancelButtonTest"/>
  <testcase name="expenseStructureTest" time="17.761" classname="com.YouMagicPro.LKA_tests.OrderDeliveryOfContractDropdownListTest"/>
  <testcase name="orderToAdressCancelButtonClickTest_C25675" time="16.991" classname="com.YouMagicPro.LKA_tests.OrderToAdressCancelButtonClickTest"/>
  <testcase name="orderToAdressChangeNameTest_C25672" time="16.785" classname="com.YouMagicPro.LKA_tests.OrderToAdressChangeNameTest"/>
  <testcase name="orderToAdressChangePhoneTest_C25677" time="16.628" classname="com.YouMagicPro.LKA_tests.OrderToAdressChangePhoneTest"/>
  <testcase name="OrderToAdressNoTextFieldFilledTest_C25679" time="21.065" classname="com.YouMagicPro.LKA_tests.OrderToAdressNoTextFieldFilledTest"/>
  <testcase name="soundFilesTest" time="22.537" classname="com.YouMagicPro.LKA_tests.PaymentsPageTest"/>
  <testcase name="soundFilesTest" time="22.531" classname="com.YouMagicPro.LKA_tests.SoundFilesPageTest"/>
  <testcase name="SupportPhoneTest_C25679" time="11.292" classname="com.YouMagicPro.LKA_tests.SupportPhoneTest"/>
</testsuite> <!-- com.LKA_tests -->
