<html>
<head>
<title>TestNG:  com.LKA_tests</title>
<link href="../testng.css" rel="stylesheet" type="text/css" />
<link href="../my-testng.css" rel="stylesheet" type="text/css" />

<style type="text/css">
.log { display: none;} 
.stack-trace { display: none;} 
</style>
<script type="text/javascript">
<!--
function flip(e) {
  current = e.style.display;
  if (current == 'block') {
    e.style.display = 'none';
    return 0;
  }
  else {
    e.style.display = 'block';
    return 1;
  }
}

function toggleBox(szDivId, elem, msg1, msg2)
{
  var res = -1;  if (document.getElementById) {
    res = flip(document.getElementById(szDivId));
  }
  else if (document.all) {
    // this is the way old msie versions work
    res = flip(document.all[szDivId]);
  }
  if(elem) {
    if(res == 0) elem.innerHTML = msg1; else elem.innerHTML = msg2;
  }

}

function toggleAllBoxes() {
  if (document.getElementsByTagName) {
    d = document.getElementsByTagName('div');
    for (i = 0; i < d.length; i++) {
      if (d[i].className == 'log') {
        flip(d[i]);
      }
    }
  }
}

// -->
</script>

</head>
<body>
<h2 align='center'>com.LKA_tests</h2><table border='1' align="center">
<tr>
<td>Tests passed/Failed/Skipped:</td><td>92/5/0</td>
</tr><tr>
<td>Started on:</td><td>Thu Jan 10 10:06:42 MSK 2013</td>
</tr>
<tr><td>Total time:</td><td>1877 seconds (1877080 ms)</td>
</tr><tr>
<td>Included groups:</td><td></td>
</tr><tr>
<td>Excluded groups:</td><td></td>
</tr>
</table><p/>
<small><i>(Hover the method name to see the test class name)</i></small><p/>
<table width='100%' border='1' class='invocation-failed'>
<tr><td colspan='4' align='center'><b>FAILED TESTS</b></td></tr>
<tr><td><b>Test method</b></td>
<td width="30%"><b>Exception</b></td>
<td width="10%"><b>Time (seconds)</b></td>
<td><b>Instance</b></td>
</tr>
<tr>
<td title='com.YouMagicPro.LKA_tests.OrderToAdressNoTextFieldFilledTest.OrderToAdressNoTextFieldFilledTest_C25679()'><b>OrderToAdressNoTextFieldFilledTest_C25679</b><br>Test class: com.YouMagicPro.LKA_tests.OrderToAdressNoTextFieldFilledTest</td>
<td><div><pre>java.lang.AssertionError: expected [На вашем балансе недостаточно денег для совершения данной операции. Пожалуйста, пополните счет.] but found [Вы находитесь в состоянии финансовой блокировки. Пожалуйста, пополните счет.]
	at org.testng.Assert.fail(Assert.java:94)
	at org.testng.Assert.failNotEquals(Assert.java:494)
	at org.testng.Assert.assertEquals(Assert.java:123)
	at org.testng.Assert.assertEquals(Assert.java:165)
	at com.YouMagicPro.LKA_tests.TestBase.assertEquals(TestBase.java:51)
	at com.YouMagicPro.LKA_tests.OrderToAdressNoTextFieldFilledTest.OrderToAdressNoTextFieldFilledTest_C25679(OrderToAdressNoTextFieldFilledTest.java:18)
	at sun.reflect.NativeMethodAccessorImpl.invoke0(Native Method)
	at sun.reflect.NativeMethodAccessorImpl.invoke(NativeMethodAccessorImpl.java:57)
	at sun.reflect.DelegatingMethodAccessorImpl.invoke(DelegatingMethodAccessorImpl.java:43)
	at java.lang.reflect.Method.invoke(Method.java:601)
	at org.testng.internal.MethodInvocationHelper.invokeMethod(MethodInvocationHelper.java:80)
	at org.testng.internal.Invoker.invokeMethod(Invoker.java:714)
	at org.testng.internal.Invoker.invokeTestMethod(Invoker.java:901)
	at org.testng.internal.Invoker.invokeTestMethods(Invoker.java:1231)
	at org.testng.internal.TestMethodWorker.invokeTestMethods(TestMethodWorker.java:127)
	at org.testng.internal.TestMethodWorker.run(TestMethodWorker.java:111)
	at org.testng.TestRunner.privateRun(TestRunner.java:767)
	at org.testng.TestRunner.run(TestRunner.java:617)
	at org.testng.SuiteRunner.runTest(SuiteRunner.java:334)
	at org.testng.SuiteRunner.runSequentially(SuiteRunner.java:329)
	at org.testng.SuiteRunner.privateRun(SuiteRunner.java:291)
	at org.testng.SuiteRunner.run(SuiteRunner.java:240)
	at org.testng.SuiteRunnerWorker.runSuite(SuiteRunnerWorker.java:52)
	at org.testng.SuiteRunnerWorker.run(SuiteRunnerWorker.java:86)
	at org.testng.TestNG.runSuitesSequentially(TestNG.java:1198)
	at org.testng.TestNG.runSuitesLocally(TestNG.java:1123)
	at org.testng.TestNG.run(TestNG.java:1031)
	at org.apache.maven.surefire.testng.TestNGExecutor.run(TestNGExecutor.java:122)
	at org.apache.maven.surefire.testng.TestNGXmlTestSuite.execute(TestNGXmlTestSuite.java:88)
	at org.apache.maven.surefire.testng.TestNGProvider.invoke(TestNGProvider.java:104)
	at sun.reflect.NativeMethodAccessorImpl.invoke0(Native Method)
	at sun.reflect.NativeMethodAccessorImpl.invoke(NativeMethodAccessorImpl.java:57)
	at sun.reflect.DelegatingMethodAccessorImpl.invoke(DelegatingMethodAccessorImpl.java:43)
	at java.lang.reflect.Method.invoke(Method.java:601)
	at org.apache.maven.surefire.booter.ProviderFactory$ClassLoaderProxy.invoke(ProviderFactory.java:103)
	at $Proxy0.invoke(Unknown Source)
	at org.apache.maven.surefire.booter.SurefireStarter.invokeProvider(SurefireStarter.java:150)
	at org.apache.maven.surefire.booter.SurefireStarter.runSuitesInProcess(SurefireStarter.java:91)
	at org.apache.maven.surefire.booter.ForkedBooter.main(ForkedBooter.java:69)
</pre></div><a href='#' onClick='toggleBox("stack-trace1172053878", this, "Click to show all stack frames", "Click to hide stack frames")'>Click to show all stack frames</a>
<div class='stack-trace' id='stack-trace1172053878'><pre>java.lang.AssertionError: expected [На вашем балансе недостаточно денег для совершения данной операции. Пожалуйста, пополните счет.] but found [Вы находитесь в состоянии финансовой блокировки. Пожалуйста, пополните счет.]
	at org.testng.Assert.fail(Assert.java:94)
	at org.testng.Assert.failNotEquals(Assert.java:494)
	at org.testng.Assert.assertEquals(Assert.java:123)
	at org.testng.Assert.assertEquals(Assert.java:165)
	at com.YouMagicPro.LKA_tests.TestBase.assertEquals(TestBase.java:51)
	at com.YouMagicPro.LKA_tests.OrderToAdressNoTextFieldFilledTest.OrderToAdressNoTextFieldFilledTest_C25679(OrderToAdressNoTextFieldFilledTest.java:18)
	at sun.reflect.NativeMethodAccessorImpl.invoke0(Native Method)
	at sun.reflect.NativeMethodAccessorImpl.invoke(NativeMethodAccessorImpl.java:57)
	at sun.reflect.DelegatingMethodAccessorImpl.invoke(DelegatingMethodAccessorImpl.java:43)
	at java.lang.reflect.Method.invoke(Method.java:601)
	at org.testng.internal.MethodInvocationHelper.invokeMethod(MethodInvocationHelper.java:80)
	at org.testng.internal.Invoker.invokeMethod(Invoker.java:714)
	at org.testng.internal.Invoker.invokeTestMethod(Invoker.java:901)
	at org.testng.internal.Invoker.invokeTestMethods(Invoker.java:1231)
	at org.testng.internal.TestMethodWorker.invokeTestMethods(TestMethodWorker.java:127)
	at org.testng.internal.TestMethodWorker.run(TestMethodWorker.java:111)
	at org.testng.TestRunner.privateRun(TestRunner.java:767)
	at org.testng.TestRunner.run(TestRunner.java:617)
	at org.testng.SuiteRunner.runTest(SuiteRunner.java:334)
	at org.testng.SuiteRunner.runSequentially(SuiteRunner.java:329)
	at org.testng.SuiteRunner.privateRun(SuiteRunner.java:291)
	at org.testng.SuiteRunner.run(SuiteRunner.java:240)
	at org.testng.SuiteRunnerWorker.runSuite(SuiteRunnerWorker.java:52)
	at org.testng.SuiteRunnerWorker.run(SuiteRunnerWorker.java:86)
	at org.testng.TestNG.runSuitesSequentially(TestNG.java:1198)
	at org.testng.TestNG.runSuitesLocally(TestNG.java:1123)
	at org.testng.TestNG.run(TestNG.java:1031)
	at org.apache.maven.surefire.testng.TestNGExecutor.run(TestNGExecutor.java:122)
	at org.apache.maven.surefire.testng.TestNGXmlTestSuite.execute(TestNGXmlTestSuite.java:88)
	at org.apache.maven.surefire.testng.TestNGProvider.invoke(TestNGProvider.java:104)
	at sun.reflect.NativeMethodAccessorImpl.invoke0(Native Method)
	at sun.reflect.NativeMethodAccessorImpl.invoke(NativeMethodAccessorImpl.java:57)
	at sun.reflect.DelegatingMethodAccessorImpl.invoke(DelegatingMethodAccessorImpl.java:43)
	at java.lang.reflect.Method.invoke(Method.java:601)
	at org.apache.maven.surefire.booter.ProviderFactory$ClassLoaderProxy.invoke(ProviderFactory.java:103)
	at $Proxy0.invoke(Unknown Source)
	at org.apache.maven.surefire.booter.SurefireStarter.invokeProvider(SurefireStarter.java:150)
	at org.apache.maven.surefire.booter.SurefireStarter.runSuitesInProcess(SurefireStarter.java:91)
	at org.apache.maven.surefire.booter.ForkedBooter.main(ForkedBooter.java:69)
</pre></div></td>
<td>13</td>
<td>com.YouMagicPro.LKA_tests.OrderToAdressNoTextFieldFilledTest@5fa5eea1</td></tr>
<tr>
<td title='com.YouMagicPro.LKA_tests.BuyingAdditionalInternalNumberTextFieldTest.buyingAdditionalInternalNumberTextFieldTest_C15112()'><b>buyingAdditionalInternalNumberTextFieldTest_C15112</b><br>Test class: com.YouMagicPro.LKA_tests.BuyingAdditionalInternalNumberTextFieldTest</td>
<td><div><pre>org.openqa.selenium.WebDriverException: Element is not clickable at point (555, 380). Other element would receive the click: &lt;img id=&quot;1&quot; class=&quot;slideimage&quot; src=&quot;/sites/all/modules/contrib/umagicpro_instructions/images/home.png&quot; data-title=&quot;Благодарим вас за выбор YouMagic.Pro!&quot;&gt; (WARNING: The server did not provide any stacktrace information)
Command duration or timeout: 66 milliseconds
Build info: version: &apos;2.26.0&apos;, revision: &apos;18040&apos;, time: &apos;2012-11-02 09:44:45&apos;
System info: os.name: &apos;Windows 7&apos;, os.arch: &apos;amd64&apos;, os.version: &apos;6.1&apos;, java.version: &apos;1.7.0_09&apos;
Driver info: driver.version: RemoteWebDriver
Session ID: 8fbb70b42f6d5f2c4e69bccdedae2f68
	at sun.reflect.NativeConstructorAccessorImpl.newInstance0(Native Method)
	at sun.reflect.NativeConstructorAccessorImpl.newInstance(NativeConstructorAccessorImpl.java:57)
	at sun.reflect.DelegatingConstructorAccessorImpl.newInstance(DelegatingConstructorAccessorImpl.java:45)
	at java.lang.reflect.Constructor.newInstance(Constructor.java:525)
	at org.openqa.selenium.remote.ErrorHandler.createThrowable(ErrorHandler.java:188)
	at org.openqa.selenium.remote.ErrorHandler.throwIfResponseFailed(ErrorHandler.java:145)
	at org.openqa.selenium.remote.RemoteWebDriver.execute(RemoteWebDriver.java:531)
	at org.openqa.selenium.remote.RemoteWebElement.execute(RemoteWebElement.java:246)
	at org.openqa.selenium.remote.RemoteWebElement.click(RemoteWebElement.java:79)
	at com.YouMagicPro.LKA_tests.TestBase.waitAdminPageToLoad(TestBase.java:147)
	at com.YouMagicPro.LKA_tests.BuyingAdditionalInternalNumberTextFieldTest.buyingAdditionalInternalNumberTextFieldTest_C15112(BuyingAdditionalInternalNumberTextFieldTest.java:11)
	at sun.reflect.NativeMethodAccessorImpl.invoke0(Native Method)
	at sun.reflect.NativeMethodAccessorImpl.invoke(NativeMethodAccessorImpl.java:57)
	at sun.reflect.DelegatingMethodAccessorImpl.invoke(DelegatingMethodAccessorImpl.java:43)
	at java.lang.reflect.Method.invoke(Method.java:601)
	at org.testng.internal.MethodInvocationHelper.invokeMethod(MethodInvocationHelper.java:80)
	at org.testng.internal.Invoker.invokeMethod(Invoker.java:714)
	at org.testng.internal.Invoker.invokeTestMethod(Invoker.java:901)
	at org.testng.internal.Invoker.invokeTestMethods(Invoker.java:1231)
	at org.testng.internal.TestMethodWorker.invokeTestMethods(TestMethodWorker.java:127)
	at org.testng.internal.TestMethodWorker.run(TestMethodWorker.java:111)
	at org.testng.TestRunner.privateRun(TestRunner.java:767)
	at org.testng.TestRunner.run(TestRunner.java:617)
	at org.testng.SuiteRunner.runTest(SuiteRunner.java:334)
	at org.testng.SuiteRunner.runSequentially(SuiteRunner.java:329)
	at org.testng.SuiteRunner.privateRun(SuiteRunner.java:291)
	at org.testng.SuiteRunner.run(SuiteRunner.java:240)
	at org.testng.SuiteRunnerWorker.runSuite(SuiteRunnerWorker.java:52)
	at org.testng.SuiteRunnerWorker.run(SuiteRunnerWorker.java:86)
	at org.testng.TestNG.runSuitesSequentially(TestNG.java:1198)
	at org.testng.TestNG.runSuitesLocally(TestNG.java:1123)
	at org.testng.TestNG.run(TestNG.java:1031)
	at org.apache.maven.surefire.testng.TestNGExecutor.run(TestNGExecutor.java:122)
	at org.apache.maven.surefire.testng.TestNGXmlTestSuite.execute(TestNGXmlTestSuite.java:88)
	at org.apache.maven.surefire.testng.TestNGProvider.invoke(TestNGProvider.java:104)
	at sun.reflect.NativeMethodAccessorImpl.invoke0(Native Method)
	at sun.reflect.NativeMethodAccessorImpl.invoke(NativeMethodAccessorImpl.java:57)
	at sun.reflect.DelegatingMethodAccessorImpl.invoke(DelegatingMethodAccessorImpl.java:43)
	at java.lang.reflect.Method.invoke(Method.java:601)
	at org.apache.maven.surefire.booter.ProviderFactory$ClassLoaderProxy.invoke(ProviderFactory.java:103)
	at $Proxy0.invoke(Unknown Source)
	at org.apache.maven.surefire.booter.SurefireStarter.invokeProvider(SurefireStarter.java:150)
	at org.apache.maven.surefire.booter.SurefireStarter.runSuitesInProcess(SurefireStarter.java:91)
	at org.apache.maven.surefire.booter.ForkedBooter.main(ForkedBooter.java:69)
</pre></div><a href='#' onClick='toggleBox("stack-trace1088990344", this, "Click to show all stack frames", "Click to hide stack frames")'>Click to show all stack frames</a>
<div class='stack-trace' id='stack-trace1088990344'><pre>org.openqa.selenium.WebDriverException: Element is not clickable at point (555, 380). Other element would receive the click: &lt;img id=&quot;1&quot; class=&quot;slideimage&quot; src=&quot;/sites/all/modules/contrib/umagicpro_instructions/images/home.png&quot; data-title=&quot;Благодарим вас за выбор YouMagic.Pro!&quot;&gt; (WARNING: The server did not provide any stacktrace information)
Command duration or timeout: 66 milliseconds
Build info: version: &apos;2.26.0&apos;, revision: &apos;18040&apos;, time: &apos;2012-11-02 09:44:45&apos;
System info: os.name: &apos;Windows 7&apos;, os.arch: &apos;amd64&apos;, os.version: &apos;6.1&apos;, java.version: &apos;1.7.0_09&apos;
Driver info: driver.version: RemoteWebDriver
Session ID: 8fbb70b42f6d5f2c4e69bccdedae2f68
	at sun.reflect.NativeConstructorAccessorImpl.newInstance0(Native Method)
	at sun.reflect.NativeConstructorAccessorImpl.newInstance(NativeConstructorAccessorImpl.java:57)
	at sun.reflect.DelegatingConstructorAccessorImpl.newInstance(DelegatingConstructorAccessorImpl.java:45)
	at java.lang.reflect.Constructor.newInstance(Constructor.java:525)
	at org.openqa.selenium.remote.ErrorHandler.createThrowable(ErrorHandler.java:188)
	at org.openqa.selenium.remote.ErrorHandler.throwIfResponseFailed(ErrorHandler.java:145)
	at org.openqa.selenium.remote.RemoteWebDriver.execute(RemoteWebDriver.java:531)
	at org.openqa.selenium.remote.RemoteWebElement.execute(RemoteWebElement.java:246)
	at org.openqa.selenium.remote.RemoteWebElement.click(RemoteWebElement.java:79)
	at com.YouMagicPro.LKA_tests.TestBase.waitAdminPageToLoad(TestBase.java:147)
	at com.YouMagicPro.LKA_tests.BuyingAdditionalInternalNumberTextFieldTest.buyingAdditionalInternalNumberTextFieldTest_C15112(BuyingAdditionalInternalNumberTextFieldTest.java:11)
	at sun.reflect.NativeMethodAccessorImpl.invoke0(Native Method)
	at sun.reflect.NativeMethodAccessorImpl.invoke(NativeMethodAccessorImpl.java:57)
	at sun.reflect.DelegatingMethodAccessorImpl.invoke(DelegatingMethodAccessorImpl.java:43)
	at java.lang.reflect.Method.invoke(Method.java:601)
	at org.testng.internal.MethodInvocationHelper.invokeMethod(MethodInvocationHelper.java:80)
	at org.testng.internal.Invoker.invokeMethod(Invoker.java:714)
	at org.testng.internal.Invoker.invokeTestMethod(Invoker.java:901)
	at org.testng.internal.Invoker.invokeTestMethods(Invoker.java:1231)
	at org.testng.internal.TestMethodWorker.invokeTestMethods(TestMethodWorker.java:127)
	at org.testng.internal.TestMethodWorker.run(TestMethodWorker.java:111)
	at org.testng.TestRunner.privateRun(TestRunner.java:767)
	at org.testng.TestRunner.run(TestRunner.java:617)
	at org.testng.SuiteRunner.runTest(SuiteRunner.java:334)
	at org.testng.SuiteRunner.runSequentially(SuiteRunner.java:329)
	at org.testng.SuiteRunner.privateRun(SuiteRunner.java:291)
	at org.testng.SuiteRunner.run(SuiteRunner.java:240)
	at org.testng.SuiteRunnerWorker.runSuite(SuiteRunnerWorker.java:52)
	at org.testng.SuiteRunnerWorker.run(SuiteRunnerWorker.java:86)
	at org.testng.TestNG.runSuitesSequentially(TestNG.java:1198)
	at org.testng.TestNG.runSuitesLocally(TestNG.java:1123)
	at org.testng.TestNG.run(TestNG.java:1031)
	at org.apache.maven.surefire.testng.TestNGExecutor.run(TestNGExecutor.java:122)
	at org.apache.maven.surefire.testng.TestNGXmlTestSuite.execute(TestNGXmlTestSuite.java:88)
	at org.apache.maven.surefire.testng.TestNGProvider.invoke(TestNGProvider.java:104)
	at sun.reflect.NativeMethodAccessorImpl.invoke0(Native Method)
	at sun.reflect.NativeMethodAccessorImpl.invoke(NativeMethodAccessorImpl.java:57)
	at sun.reflect.DelegatingMethodAccessorImpl.invoke(DelegatingMethodAccessorImpl.java:43)
	at java.lang.reflect.Method.invoke(Method.java:601)
	at org.apache.maven.surefire.booter.ProviderFactory$ClassLoaderProxy.invoke(ProviderFactory.java:103)
	at $Proxy0.invoke(Unknown Source)
	at org.apache.maven.surefire.booter.SurefireStarter.invokeProvider(SurefireStarter.java:150)
	at org.apache.maven.surefire.booter.SurefireStarter.runSuitesInProcess(SurefireStarter.java:91)
	at org.apache.maven.surefire.booter.ForkedBooter.main(ForkedBooter.java:69)
</pre></div></td>
<td>9</td>
<td>com.YouMagicPro.LKA_tests.BuyingAdditionalInternalNumberTextFieldTest@1d04966e</td></tr>
<tr>
<td title='com.YouMagicPro.LKA_tests.ContractCorAccountTenInTextFieldTest.contractCorAccountTenInTextFieldTest_C15000()'><b>contractCorAccountTenInTextFieldTest_C15000</b><br>Test class: com.YouMagicPro.LKA_tests.ContractCorAccountTenInTextFieldTest</td>
<td><div><pre>org.openqa.selenium.WebDriverException: Element is not clickable at point (868.5, 44). Other element would receive the click: &lt;div class=&quot;sl_head&quot;&gt;...&lt;/div&gt; (WARNING: The server did not provide any stacktrace information)
Command duration or timeout: 165 milliseconds
Build info: version: &apos;2.26.0&apos;, revision: &apos;18040&apos;, time: &apos;2012-11-02 09:44:45&apos;
System info: os.name: &apos;Windows 7&apos;, os.arch: &apos;amd64&apos;, os.version: &apos;6.1&apos;, java.version: &apos;1.7.0_09&apos;
Driver info: driver.version: RemoteWebDriver
Session ID: ab50733c0b10f19043721fe4475625af
	at sun.reflect.NativeConstructorAccessorImpl.newInstance0(Native Method)
	at sun.reflect.NativeConstructorAccessorImpl.newInstance(NativeConstructorAccessorImpl.java:57)
	at sun.reflect.DelegatingConstructorAccessorImpl.newInstance(DelegatingConstructorAccessorImpl.java:45)
	at java.lang.reflect.Constructor.newInstance(Constructor.java:525)
	at org.openqa.selenium.remote.ErrorHandler.createThrowable(ErrorHandler.java:188)
	at org.openqa.selenium.remote.ErrorHandler.throwIfResponseFailed(ErrorHandler.java:145)
	at org.openqa.selenium.remote.RemoteWebDriver.execute(RemoteWebDriver.java:531)
	at org.openqa.selenium.remote.RemoteWebElement.execute(RemoteWebElement.java:246)
	at org.openqa.selenium.remote.RemoteWebElement.click(RemoteWebElement.java:79)
	at com.YouMagicPro.LKA_tests.TestBase.waitContractPageToLoad(TestBase.java:173)
	at com.YouMagicPro.LKA_tests.ContractCorAccountTenInTextFieldTest.contractCorAccountTenInTextFieldTest_C15000(ContractCorAccountTenInTextFieldTest.java:8)
	at sun.reflect.NativeMethodAccessorImpl.invoke0(Native Method)
	at sun.reflect.NativeMethodAccessorImpl.invoke(NativeMethodAccessorImpl.java:57)
	at sun.reflect.DelegatingMethodAccessorImpl.invoke(DelegatingMethodAccessorImpl.java:43)
	at java.lang.reflect.Method.invoke(Method.java:601)
	at org.testng.internal.MethodInvocationHelper.invokeMethod(MethodInvocationHelper.java:80)
	at org.testng.internal.Invoker.invokeMethod(Invoker.java:714)
	at org.testng.internal.Invoker.invokeTestMethod(Invoker.java:901)
	at org.testng.internal.Invoker.invokeTestMethods(Invoker.java:1231)
	at org.testng.internal.TestMethodWorker.invokeTestMethods(TestMethodWorker.java:127)
	at org.testng.internal.TestMethodWorker.run(TestMethodWorker.java:111)
	at org.testng.TestRunner.privateRun(TestRunner.java:767)
	at org.testng.TestRunner.run(TestRunner.java:617)
	at org.testng.SuiteRunner.runTest(SuiteRunner.java:334)
	at org.testng.SuiteRunner.runSequentially(SuiteRunner.java:329)
	at org.testng.SuiteRunner.privateRun(SuiteRunner.java:291)
	at org.testng.SuiteRunner.run(SuiteRunner.java:240)
	at org.testng.SuiteRunnerWorker.runSuite(SuiteRunnerWorker.java:52)
	at org.testng.SuiteRunnerWorker.run(SuiteRunnerWorker.java:86)
	at org.testng.TestNG.runSuitesSequentially(TestNG.java:1198)
	at org.testng.TestNG.runSuitesLocally(TestNG.java:1123)
	at org.testng.TestNG.run(TestNG.java:1031)
	at org.apache.maven.surefire.testng.TestNGExecutor.run(TestNGExecutor.java:122)
	at org.apache.maven.surefire.testng.TestNGXmlTestSuite.execute(TestNGXmlTestSuite.java:88)
	at org.apache.maven.surefire.testng.TestNGProvider.invoke(TestNGProvider.java:104)
	at sun.reflect.NativeMethodAccessorImpl.invoke0(Native Method)
	at sun.reflect.NativeMethodAccessorImpl.invoke(NativeMethodAccessorImpl.java:57)
	at sun.reflect.DelegatingMethodAccessorImpl.invoke(DelegatingMethodAccessorImpl.java:43)
	at java.lang.reflect.Method.invoke(Method.java:601)
	at org.apache.maven.surefire.booter.ProviderFactory$ClassLoaderProxy.invoke(ProviderFactory.java:103)
	at $Proxy0.invoke(Unknown Source)
	at org.apache.maven.surefire.booter.SurefireStarter.invokeProvider(SurefireStarter.java:150)
	at org.apache.maven.surefire.booter.SurefireStarter.runSuitesInProcess(SurefireStarter.java:91)
	at org.apache.maven.surefire.booter.ForkedBooter.main(ForkedBooter.java:69)
</pre></div><a href='#' onClick='toggleBox("stack-trace1203507281", this, "Click to show all stack frames", "Click to hide stack frames")'>Click to show all stack frames</a>
<div class='stack-trace' id='stack-trace1203507281'><pre>org.openqa.selenium.WebDriverException: Element is not clickable at point (868.5, 44). Other element would receive the click: &lt;div class=&quot;sl_head&quot;&gt;...&lt;/div&gt; (WARNING: The server did not provide any stacktrace information)
Command duration or timeout: 165 milliseconds
Build info: version: &apos;2.26.0&apos;, revision: &apos;18040&apos;, time: &apos;2012-11-02 09:44:45&apos;
System info: os.name: &apos;Windows 7&apos;, os.arch: &apos;amd64&apos;, os.version: &apos;6.1&apos;, java.version: &apos;1.7.0_09&apos;
Driver info: driver.version: RemoteWebDriver
Session ID: ab50733c0b10f19043721fe4475625af
	at sun.reflect.NativeConstructorAccessorImpl.newInstance0(Native Method)
	at sun.reflect.NativeConstructorAccessorImpl.newInstance(NativeConstructorAccessorImpl.java:57)
	at sun.reflect.DelegatingConstructorAccessorImpl.newInstance(DelegatingConstructorAccessorImpl.java:45)
	at java.lang.reflect.Constructor.newInstance(Constructor.java:525)
	at org.openqa.selenium.remote.ErrorHandler.createThrowable(ErrorHandler.java:188)
	at org.openqa.selenium.remote.ErrorHandler.throwIfResponseFailed(ErrorHandler.java:145)
	at org.openqa.selenium.remote.RemoteWebDriver.execute(RemoteWebDriver.java:531)
	at org.openqa.selenium.remote.RemoteWebElement.execute(RemoteWebElement.java:246)
	at org.openqa.selenium.remote.RemoteWebElement.click(RemoteWebElement.java:79)
	at com.YouMagicPro.LKA_tests.TestBase.waitContractPageToLoad(TestBase.java:173)
	at com.YouMagicPro.LKA_tests.ContractCorAccountTenInTextFieldTest.contractCorAccountTenInTextFieldTest_C15000(ContractCorAccountTenInTextFieldTest.java:8)
	at sun.reflect.NativeMethodAccessorImpl.invoke0(Native Method)
	at sun.reflect.NativeMethodAccessorImpl.invoke(NativeMethodAccessorImpl.java:57)
	at sun.reflect.DelegatingMethodAccessorImpl.invoke(DelegatingMethodAccessorImpl.java:43)
	at java.lang.reflect.Method.invoke(Method.java:601)
	at org.testng.internal.MethodInvocationHelper.invokeMethod(MethodInvocationHelper.java:80)
	at org.testng.internal.Invoker.invokeMethod(Invoker.java:714)
	at org.testng.internal.Invoker.invokeTestMethod(Invoker.java:901)
	at org.testng.internal.Invoker.invokeTestMethods(Invoker.java:1231)
	at org.testng.internal.TestMethodWorker.invokeTestMethods(TestMethodWorker.java:127)
	at org.testng.internal.TestMethodWorker.run(TestMethodWorker.java:111)
	at org.testng.TestRunner.privateRun(TestRunner.java:767)
	at org.testng.TestRunner.run(TestRunner.java:617)
	at org.testng.SuiteRunner.runTest(SuiteRunner.java:334)
	at org.testng.SuiteRunner.runSequentially(SuiteRunner.java:329)
	at org.testng.SuiteRunner.privateRun(SuiteRunner.java:291)
	at org.testng.SuiteRunner.run(SuiteRunner.java:240)
	at org.testng.SuiteRunnerWorker.runSuite(SuiteRunnerWorker.java:52)
	at org.testng.SuiteRunnerWorker.run(SuiteRunnerWorker.java:86)
	at org.testng.TestNG.runSuitesSequentially(TestNG.java:1198)
	at org.testng.TestNG.runSuitesLocally(TestNG.java:1123)
	at org.testng.TestNG.run(TestNG.java:1031)
	at org.apache.maven.surefire.testng.TestNGExecutor.run(TestNGExecutor.java:122)
	at org.apache.maven.surefire.testng.TestNGXmlTestSuite.execute(TestNGXmlTestSuite.java:88)
	at org.apache.maven.surefire.testng.TestNGProvider.invoke(TestNGProvider.java:104)
	at sun.reflect.NativeMethodAccessorImpl.invoke0(Native Method)
	at sun.reflect.NativeMethodAccessorImpl.invoke(NativeMethodAccessorImpl.java:57)
	at sun.reflect.DelegatingMethodAccessorImpl.invoke(DelegatingMethodAccessorImpl.java:43)
	at java.lang.reflect.Method.invoke(Method.java:601)
	at org.apache.maven.surefire.booter.ProviderFactory$ClassLoaderProxy.invoke(ProviderFactory.java:103)
	at $Proxy0.invoke(Unknown Source)
	at org.apache.maven.surefire.booter.SurefireStarter.invokeProvider(SurefireStarter.java:150)
	at org.apache.maven.surefire.booter.SurefireStarter.runSuitesInProcess(SurefireStarter.java:91)
	at org.apache.maven.surefire.booter.ForkedBooter.main(ForkedBooter.java:69)
</pre></div></td>
<td>8</td>
<td>com.YouMagicPro.LKA_tests.ContractCorAccountTenInTextFieldTest@23160d8e</td></tr>
<tr>
<td title='com.YouMagicPro.LKA_tests.ExpenseStructureAdditionalNumbersFeeTest.expenseStructureAdditionalNumbersFeeTest_C15096()'><b>expenseStructureAdditionalNumbersFeeTest_C15096</b><br>Test class: com.YouMagicPro.LKA_tests.ExpenseStructureAdditionalNumbersFeeTest</td>
<td><div><pre>org.openqa.selenium.WebDriverException: Element is not clickable at point (868.5, 44). Other element would receive the click: &lt;div class=&quot;sl_head&quot;&gt;...&lt;/div&gt; (WARNING: The server did not provide any stacktrace information)
Command duration or timeout: 136 milliseconds
Build info: version: &apos;2.26.0&apos;, revision: &apos;18040&apos;, time: &apos;2012-11-02 09:44:45&apos;
System info: os.name: &apos;Windows 7&apos;, os.arch: &apos;amd64&apos;, os.version: &apos;6.1&apos;, java.version: &apos;1.7.0_09&apos;
Driver info: driver.version: RemoteWebDriver
Session ID: afe284b7580b301f57eead624524c263
	at sun.reflect.NativeConstructorAccessorImpl.newInstance0(Native Method)
	at sun.reflect.NativeConstructorAccessorImpl.newInstance(NativeConstructorAccessorImpl.java:57)
	at sun.reflect.DelegatingConstructorAccessorImpl.newInstance(DelegatingConstructorAccessorImpl.java:45)
	at java.lang.reflect.Constructor.newInstance(Constructor.java:525)
	at org.openqa.selenium.remote.ErrorHandler.createThrowable(ErrorHandler.java:188)
	at org.openqa.selenium.remote.ErrorHandler.throwIfResponseFailed(ErrorHandler.java:145)
	at org.openqa.selenium.remote.RemoteWebDriver.execute(RemoteWebDriver.java:531)
	at org.openqa.selenium.remote.RemoteWebElement.execute(RemoteWebElement.java:246)
	at org.openqa.selenium.remote.RemoteWebElement.click(RemoteWebElement.java:79)
	at com.YouMagicPro.LKA_tests.TestBase.waitAdminPageToLoad(TestBase.java:146)
	at com.YouMagicPro.LKA_tests.ExpenseStructureAdditionalNumbersFeeTest.expenseStructureAdditionalNumbersFeeTest_C15096(ExpenseStructureAdditionalNumbersFeeTest.java:11)
	at sun.reflect.NativeMethodAccessorImpl.invoke0(Native Method)
	at sun.reflect.NativeMethodAccessorImpl.invoke(NativeMethodAccessorImpl.java:57)
	at sun.reflect.DelegatingMethodAccessorImpl.invoke(DelegatingMethodAccessorImpl.java:43)
	at java.lang.reflect.Method.invoke(Method.java:601)
	at org.testng.internal.MethodInvocationHelper.invokeMethod(MethodInvocationHelper.java:80)
	at org.testng.internal.Invoker.invokeMethod(Invoker.java:714)
	at org.testng.internal.Invoker.invokeTestMethod(Invoker.java:901)
	at org.testng.internal.Invoker.invokeTestMethods(Invoker.java:1231)
	at org.testng.internal.TestMethodWorker.invokeTestMethods(TestMethodWorker.java:127)
	at org.testng.internal.TestMethodWorker.run(TestMethodWorker.java:111)
	at org.testng.TestRunner.privateRun(TestRunner.java:767)
	at org.testng.TestRunner.run(TestRunner.java:617)
	at org.testng.SuiteRunner.runTest(SuiteRunner.java:334)
	at org.testng.SuiteRunner.runSequentially(SuiteRunner.java:329)
	at org.testng.SuiteRunner.privateRun(SuiteRunner.java:291)
	at org.testng.SuiteRunner.run(SuiteRunner.java:240)
	at org.testng.SuiteRunnerWorker.runSuite(SuiteRunnerWorker.java:52)
	at org.testng.SuiteRunnerWorker.run(SuiteRunnerWorker.java:86)
	at org.testng.TestNG.runSuitesSequentially(TestNG.java:1198)
	at org.testng.TestNG.runSuitesLocally(TestNG.java:1123)
	at org.testng.TestNG.run(TestNG.java:1031)
	at org.apache.maven.surefire.testng.TestNGExecutor.run(TestNGExecutor.java:122)
	at org.apache.maven.surefire.testng.TestNGXmlTestSuite.execute(TestNGXmlTestSuite.java:88)
	at org.apache.maven.surefire.testng.TestNGProvider.invoke(TestNGProvider.java:104)
	at sun.reflect.NativeMethodAccessorImpl.invoke0(Native Method)
	at sun.reflect.NativeMethodAccessorImpl.invoke(NativeMethodAccessorImpl.java:57)
	at sun.reflect.DelegatingMethodAccessorImpl.invoke(DelegatingMethodAccessorImpl.java:43)
	at java.lang.reflect.Method.invoke(Method.java:601)
	at org.apache.maven.surefire.booter.ProviderFactory$ClassLoaderProxy.invoke(ProviderFactory.java:103)
	at $Proxy0.invoke(Unknown Source)
	at org.apache.maven.surefire.booter.SurefireStarter.invokeProvider(SurefireStarter.java:150)
	at org.apache.maven.surefire.booter.SurefireStarter.runSuitesInProcess(SurefireStarter.java:91)
	at org.apache.maven.surefire.booter.ForkedBooter.main(ForkedBooter.java:69)
</pre></div><a href='#' onClick='toggleBox("stack-trace440295972", this, "Click to show all stack frames", "Click to hide stack frames")'>Click to show all stack frames</a>
<div class='stack-trace' id='stack-trace440295972'><pre>org.openqa.selenium.WebDriverException: Element is not clickable at point (868.5, 44). Other element would receive the click: &lt;div class=&quot;sl_head&quot;&gt;...&lt;/div&gt; (WARNING: The server did not provide any stacktrace information)
Command duration or timeout: 136 milliseconds
Build info: version: &apos;2.26.0&apos;, revision: &apos;18040&apos;, time: &apos;2012-11-02 09:44:45&apos;
System info: os.name: &apos;Windows 7&apos;, os.arch: &apos;amd64&apos;, os.version: &apos;6.1&apos;, java.version: &apos;1.7.0_09&apos;
Driver info: driver.version: RemoteWebDriver
Session ID: afe284b7580b301f57eead624524c263
	at sun.reflect.NativeConstructorAccessorImpl.newInstance0(Native Method)
	at sun.reflect.NativeConstructorAccessorImpl.newInstance(NativeConstructorAccessorImpl.java:57)
	at sun.reflect.DelegatingConstructorAccessorImpl.newInstance(DelegatingConstructorAccessorImpl.java:45)
	at java.lang.reflect.Constructor.newInstance(Constructor.java:525)
	at org.openqa.selenium.remote.ErrorHandler.createThrowable(ErrorHandler.java:188)
	at org.openqa.selenium.remote.ErrorHandler.throwIfResponseFailed(ErrorHandler.java:145)
	at org.openqa.selenium.remote.RemoteWebDriver.execute(RemoteWebDriver.java:531)
	at org.openqa.selenium.remote.RemoteWebElement.execute(RemoteWebElement.java:246)
	at org.openqa.selenium.remote.RemoteWebElement.click(RemoteWebElement.java:79)
	at com.YouMagicPro.LKA_tests.TestBase.waitAdminPageToLoad(TestBase.java:146)
	at com.YouMagicPro.LKA_tests.ExpenseStructureAdditionalNumbersFeeTest.expenseStructureAdditionalNumbersFeeTest_C15096(ExpenseStructureAdditionalNumbersFeeTest.java:11)
	at sun.reflect.NativeMethodAccessorImpl.invoke0(Native Method)
	at sun.reflect.NativeMethodAccessorImpl.invoke(NativeMethodAccessorImpl.java:57)
	at sun.reflect.DelegatingMethodAccessorImpl.invoke(DelegatingMethodAccessorImpl.java:43)
	at java.lang.reflect.Method.invoke(Method.java:601)
	at org.testng.internal.MethodInvocationHelper.invokeMethod(MethodInvocationHelper.java:80)
	at org.testng.internal.Invoker.invokeMethod(Invoker.java:714)
	at org.testng.internal.Invoker.invokeTestMethod(Invoker.java:901)
	at org.testng.internal.Invoker.invokeTestMethods(Invoker.java:1231)
	at org.testng.internal.TestMethodWorker.invokeTestMethods(TestMethodWorker.java:127)
	at org.testng.internal.TestMethodWorker.run(TestMethodWorker.java:111)
	at org.testng.TestRunner.privateRun(TestRunner.java:767)
	at org.testng.TestRunner.run(TestRunner.java:617)
	at org.testng.SuiteRunner.runTest(SuiteRunner.java:334)
	at org.testng.SuiteRunner.runSequentially(SuiteRunner.java:329)
	at org.testng.SuiteRunner.privateRun(SuiteRunner.java:291)
	at org.testng.SuiteRunner.run(SuiteRunner.java:240)
	at org.testng.SuiteRunnerWorker.runSuite(SuiteRunnerWorker.java:52)
	at org.testng.SuiteRunnerWorker.run(SuiteRunnerWorker.java:86)
	at org.testng.TestNG.runSuitesSequentially(TestNG.java:1198)
	at org.testng.TestNG.runSuitesLocally(TestNG.java:1123)
	at org.testng.TestNG.run(TestNG.java:1031)
	at org.apache.maven.surefire.testng.TestNGExecutor.run(TestNGExecutor.java:122)
	at org.apache.maven.surefire.testng.TestNGXmlTestSuite.execute(TestNGXmlTestSuite.java:88)
	at org.apache.maven.surefire.testng.TestNGProvider.invoke(TestNGProvider.java:104)
	at sun.reflect.NativeMethodAccessorImpl.invoke0(Native Method)
	at sun.reflect.NativeMethodAccessorImpl.invoke(NativeMethodAccessorImpl.java:57)
	at sun.reflect.DelegatingMethodAccessorImpl.invoke(DelegatingMethodAccessorImpl.java:43)
	at java.lang.reflect.Method.invoke(Method.java:601)
	at org.apache.maven.surefire.booter.ProviderFactory$ClassLoaderProxy.invoke(ProviderFactory.java:103)
	at $Proxy0.invoke(Unknown Source)
	at org.apache.maven.surefire.booter.SurefireStarter.invokeProvider(SurefireStarter.java:150)
	at org.apache.maven.surefire.booter.SurefireStarter.runSuitesInProcess(SurefireStarter.java:91)
	at org.apache.maven.surefire.booter.ForkedBooter.main(ForkedBooter.java:69)
</pre></div></td>
<td>11</td>
<td>com.YouMagicPro.LKA_tests.ExpenseStructureAdditionalNumbersFeeTest@6f6dc3c9</td></tr>
<tr>
<td title='com.YouMagicPro.LKA_tests.NotificationsCheckFieldsTest.notificationsCheckFieldsTest_C15141()'><b>notificationsCheckFieldsTest_C15141</b><br>Test class: com.YouMagicPro.LKA_tests.NotificationsCheckFieldsTest</td>
<td><div><pre>org.openqa.selenium.WebDriverException: Element is not clickable at point (118.5, 506). Other element would receive the click: &lt;div class=&quot;snoska&quot;&gt;...&lt;/div&gt; (WARNING: The server did not provide any stacktrace information)
Command duration or timeout: 67 milliseconds
Build info: version: &apos;2.26.0&apos;, revision: &apos;18040&apos;, time: &apos;2012-11-02 09:44:45&apos;
System info: os.name: &apos;Windows 7&apos;, os.arch: &apos;amd64&apos;, os.version: &apos;6.1&apos;, java.version: &apos;1.7.0_09&apos;
Driver info: driver.version: RemoteWebDriver
Session ID: 736f97e3bda1591d5dc7ecc76cfe9986
	at sun.reflect.NativeConstructorAccessorImpl.newInstance0(Native Method)
	at sun.reflect.NativeConstructorAccessorImpl.newInstance(NativeConstructorAccessorImpl.java:57)
	at sun.reflect.DelegatingConstructorAccessorImpl.newInstance(DelegatingConstructorAccessorImpl.java:45)
	at java.lang.reflect.Constructor.newInstance(Constructor.java:525)
	at org.openqa.selenium.remote.ErrorHandler.createThrowable(ErrorHandler.java:188)
	at org.openqa.selenium.remote.ErrorHandler.throwIfResponseFailed(ErrorHandler.java:145)
	at org.openqa.selenium.remote.RemoteWebDriver.execute(RemoteWebDriver.java:531)
	at org.openqa.selenium.remote.RemoteWebElement.execute(RemoteWebElement.java:246)
	at org.openqa.selenium.remote.RemoteWebElement.click(RemoteWebElement.java:79)
	at com.YouMagicPro.LKA_tests.NotificationsCheckFieldsTest.notificationsCheckFieldsTest_C15141(NotificationsCheckFieldsTest.java:20)
	at sun.reflect.NativeMethodAccessorImpl.invoke0(Native Method)
	at sun.reflect.NativeMethodAccessorImpl.invoke(NativeMethodAccessorImpl.java:57)
	at sun.reflect.DelegatingMethodAccessorImpl.invoke(DelegatingMethodAccessorImpl.java:43)
	at java.lang.reflect.Method.invoke(Method.java:601)
	at org.testng.internal.MethodInvocationHelper.invokeMethod(MethodInvocationHelper.java:80)
	at org.testng.internal.Invoker.invokeMethod(Invoker.java:714)
	at org.testng.internal.Invoker.invokeTestMethod(Invoker.java:901)
	at org.testng.internal.Invoker.invokeTestMethods(Invoker.java:1231)
	at org.testng.internal.TestMethodWorker.invokeTestMethods(TestMethodWorker.java:127)
	at org.testng.internal.TestMethodWorker.run(TestMethodWorker.java:111)
	at org.testng.TestRunner.privateRun(TestRunner.java:767)
	at org.testng.TestRunner.run(TestRunner.java:617)
	at org.testng.SuiteRunner.runTest(SuiteRunner.java:334)
	at org.testng.SuiteRunner.runSequentially(SuiteRunner.java:329)
	at org.testng.SuiteRunner.privateRun(SuiteRunner.java:291)
	at org.testng.SuiteRunner.run(SuiteRunner.java:240)
	at org.testng.SuiteRunnerWorker.runSuite(SuiteRunnerWorker.java:52)
	at org.testng.SuiteRunnerWorker.run(SuiteRunnerWorker.java:86)
	at org.testng.TestNG.runSuitesSequentially(TestNG.java:1198)
	at org.testng.TestNG.runSuitesLocally(TestNG.java:1123)
	at org.testng.TestNG.run(TestNG.java:1031)
	at org.apache.maven.surefire.testng.TestNGExecutor.run(TestNGExecutor.java:122)
	at org.apache.maven.surefire.testng.TestNGXmlTestSuite.execute(TestNGXmlTestSuite.java:88)
	at org.apache.maven.surefire.testng.TestNGProvider.invoke(TestNGProvider.java:104)
	at sun.reflect.NativeMethodAccessorImpl.invoke0(Native Method)
	at sun.reflect.NativeMethodAccessorImpl.invoke(NativeMethodAccessorImpl.java:57)
	at sun.reflect.DelegatingMethodAccessorImpl.invoke(DelegatingMethodAccessorImpl.java:43)
	at java.lang.reflect.Method.invoke(Method.java:601)
	at org.apache.maven.surefire.booter.ProviderFactory$ClassLoaderProxy.invoke(ProviderFactory.java:103)
	at $Proxy0.invoke(Unknown Source)
	at org.apache.maven.surefire.booter.SurefireStarter.invokeProvider(SurefireStarter.java:150)
	at org.apache.maven.surefire.booter.SurefireStarter.runSuitesInProcess(SurefireStarter.java:91)
	at org.apache.maven.surefire.booter.ForkedBooter.main(ForkedBooter.java:69)
</pre></div><a href='#' onClick='toggleBox("stack-trace251150346", this, "Click to show all stack frames", "Click to hide stack frames")'>Click to show all stack frames</a>
<div class='stack-trace' id='stack-trace251150346'><pre>org.openqa.selenium.WebDriverException: Element is not clickable at point (118.5, 506). Other element would receive the click: &lt;div class=&quot;snoska&quot;&gt;...&lt;/div&gt; (WARNING: The server did not provide any stacktrace information)
Command duration or timeout: 67 milliseconds
Build info: version: &apos;2.26.0&apos;, revision: &apos;18040&apos;, time: &apos;2012-11-02 09:44:45&apos;
System info: os.name: &apos;Windows 7&apos;, os.arch: &apos;amd64&apos;, os.version: &apos;6.1&apos;, java.version: &apos;1.7.0_09&apos;
Driver info: driver.version: RemoteWebDriver
Session ID: 736f97e3bda1591d5dc7ecc76cfe9986
	at sun.reflect.NativeConstructorAccessorImpl.newInstance0(Native Method)
	at sun.reflect.NativeConstructorAccessorImpl.newInstance(NativeConstructorAccessorImpl.java:57)
	at sun.reflect.DelegatingConstructorAccessorImpl.newInstance(DelegatingConstructorAccessorImpl.java:45)
	at java.lang.reflect.Constructor.newInstance(Constructor.java:525)
	at org.openqa.selenium.remote.ErrorHandler.createThrowable(ErrorHandler.java:188)
	at org.openqa.selenium.remote.ErrorHandler.throwIfResponseFailed(ErrorHandler.java:145)
	at org.openqa.selenium.remote.RemoteWebDriver.execute(RemoteWebDriver.java:531)
	at org.openqa.selenium.remote.RemoteWebElement.execute(RemoteWebElement.java:246)
	at org.openqa.selenium.remote.RemoteWebElement.click(RemoteWebElement.java:79)
	at com.YouMagicPro.LKA_tests.NotificationsCheckFieldsTest.notificationsCheckFieldsTest_C15141(NotificationsCheckFieldsTest.java:20)
	at sun.reflect.NativeMethodAccessorImpl.invoke0(Native Method)
	at sun.reflect.NativeMethodAccessorImpl.invoke(NativeMethodAccessorImpl.java:57)
	at sun.reflect.DelegatingMethodAccessorImpl.invoke(DelegatingMethodAccessorImpl.java:43)
	at java.lang.reflect.Method.invoke(Method.java:601)
	at org.testng.internal.MethodInvocationHelper.invokeMethod(MethodInvocationHelper.java:80)
	at org.testng.internal.Invoker.invokeMethod(Invoker.java:714)
	at org.testng.internal.Invoker.invokeTestMethod(Invoker.java:901)
	at org.testng.internal.Invoker.invokeTestMethods(Invoker.java:1231)
	at org.testng.internal.TestMethodWorker.invokeTestMethods(TestMethodWorker.java:127)
	at org.testng.internal.TestMethodWorker.run(TestMethodWorker.java:111)
	at org.testng.TestRunner.privateRun(TestRunner.java:767)
	at org.testng.TestRunner.run(TestRunner.java:617)
	at org.testng.SuiteRunner.runTest(SuiteRunner.java:334)
	at org.testng.SuiteRunner.runSequentially(SuiteRunner.java:329)
	at org.testng.SuiteRunner.privateRun(SuiteRunner.java:291)
	at org.testng.SuiteRunner.run(SuiteRunner.java:240)
	at org.testng.SuiteRunnerWorker.runSuite(SuiteRunnerWorker.java:52)
	at org.testng.SuiteRunnerWorker.run(SuiteRunnerWorker.java:86)
	at org.testng.TestNG.runSuitesSequentially(TestNG.java:1198)
	at org.testng.TestNG.runSuitesLocally(TestNG.java:1123)
	at org.testng.TestNG.run(TestNG.java:1031)
	at org.apache.maven.surefire.testng.TestNGExecutor.run(TestNGExecutor.java:122)
	at org.apache.maven.surefire.testng.TestNGXmlTestSuite.execute(TestNGXmlTestSuite.java:88)
	at org.apache.maven.surefire.testng.TestNGProvider.invoke(TestNGProvider.java:104)
	at sun.reflect.NativeMethodAccessorImpl.invoke0(Native Method)
	at sun.reflect.NativeMethodAccessorImpl.invoke(NativeMethodAccessorImpl.java:57)
	at sun.reflect.DelegatingMethodAccessorImpl.invoke(DelegatingMethodAccessorImpl.java:43)
	at java.lang.reflect.Method.invoke(Method.java:601)
	at org.apache.maven.surefire.booter.ProviderFactory$ClassLoaderProxy.invoke(ProviderFactory.java:103)
	at $Proxy0.invoke(Unknown Source)
	at org.apache.maven.surefire.booter.SurefireStarter.invokeProvider(SurefireStarter.java:150)
	at org.apache.maven.surefire.booter.SurefireStarter.runSuitesInProcess(SurefireStarter.java:91)
	at org.apache.maven.surefire.booter.ForkedBooter.main(ForkedBooter.java:69)
</pre></div></td>
<td>10</td>
<td>com.YouMagicPro.LKA_tests.NotificationsCheckFieldsTest@2cc29ba3</td></tr>
</table><p>
<table width='100%' border='1' class='invocation-passed'>
<tr><td colspan='4' align='center'><b>PASSED TESTS</b></td></tr>
<tr><td><b>Test method</b></td>
<td width="30%"><b>Exception</b></td>
<td width="10%"><b>Time (seconds)</b></td>
<td><b>Instance</b></td>
</tr>
<tr>
<td title='com.YouMagicPro.LKA_tests.BuyingAdditionalNumberChooseNumberCategories.BuyingAdditionalNumberChooseNumberCategories_C15105()'><b>BuyingAdditionalNumberChooseNumberCategories_C15105</b><br>Test class: com.YouMagicPro.LKA_tests.BuyingAdditionalNumberChooseNumberCategories</td>
<td></td>
<td>17</td>
<td>com.YouMagicPro.LKA_tests.BuyingAdditionalNumberChooseNumberCategories@5b2936fa</td></tr>
<tr>
<td title='com.YouMagicPro.LKA_tests.BuyingAdditionalNumberChooseNumbersFromList.BuyingAdditionalNumberChooseNumbersFromList_C15106()'><b>BuyingAdditionalNumberChooseNumbersFromList_C15106</b><br>Test class: com.YouMagicPro.LKA_tests.BuyingAdditionalNumberChooseNumbersFromList</td>
<td></td>
<td>17</td>
<td>com.YouMagicPro.LKA_tests.BuyingAdditionalNumberChooseNumbersFromList@1081350a</td></tr>
<tr>
<td title='com.YouMagicPro.LKA_tests.OrderByPickUpChangePhoneTest.OrderByPickUpChangePhoneTest_C25666()'><b>OrderByPickUpChangePhoneTest_C25666</b><br>Test class: com.YouMagicPro.LKA_tests.OrderByPickUpChangePhoneTest</td>
<td></td>
<td>11</td>
<td>com.YouMagicPro.LKA_tests.OrderByPickUpChangePhoneTest@f530ff3</td></tr>
<tr>
<td title='com.YouMagicPro.LKA_tests.SupportPhoneTest.SupportPhoneTest_C25679()'><b>SupportPhoneTest_C25679</b><br>Test class: com.YouMagicPro.LKA_tests.SupportPhoneTest</td>
<td></td>
<td>12</td>
<td>com.YouMagicPro.LKA_tests.SupportPhoneTest@4421972b</td></tr>
<tr>
<td title='com.YouMagicPro.LKA_tests.AddAndDeleteMenusTest.addAndDeleteMenusTest()'><b>addAndDeleteMenusTest</b><br>Test class: com.YouMagicPro.LKA_tests.AddAndDeleteMenusTest</td>
<td></td>
<td>56</td>
<td>com.YouMagicPro.LKA_tests.AddAndDeleteMenusTest@48774b2c</td></tr>
<tr>
<td title='com.YouMagicPro.LKA_tests.AddAndDeleteNoticesTest.addAndDeleteNoticesTest()'><b>addAndDeleteNoticesTest</b><br>Test class: com.YouMagicPro.LKA_tests.AddAndDeleteNoticesTest</td>
<td></td>
<td>25</td>
<td>com.YouMagicPro.LKA_tests.AddAndDeleteNoticesTest@5e691263</td></tr>
<tr>
<td title='com.YouMagicPro.LKA_tests.AgreementOPFTest.addAndDeleteNoticesTest()'><b>addAndDeleteNoticesTest</b><br>Test class: com.YouMagicPro.LKA_tests.AgreementOPFTest</td>
<td></td>
<td>13</td>
<td>com.YouMagicPro.LKA_tests.AgreementOPFTest@45f519ae</td></tr>
<tr>
<td title='com.YouMagicPro.LKA_tests.Buying804NumberCategoriesOfNumbers.buying804NumberCategoriesOfNumbers_C25622()'><b>buying804NumberCategoriesOfNumbers_C25622</b><br>Test class: com.YouMagicPro.LKA_tests.Buying804NumberCategoriesOfNumbers</td>
<td></td>
<td>19</td>
<td>com.YouMagicPro.LKA_tests.Buying804NumberCategoriesOfNumbers@3595ecae</td></tr>
<tr>
<td title='com.YouMagicPro.LKA_tests.Buying804NumberCostOfNumberTest.buying804NumberCostOfNumberTest_C25623()'><b>buying804NumberCostOfNumberTest_C25623</b><br>Test class: com.YouMagicPro.LKA_tests.Buying804NumberCostOfNumberTest</td>
<td></td>
<td>17</td>
<td>com.YouMagicPro.LKA_tests.Buying804NumberCostOfNumberTest@38862c65</td></tr>
<tr>
<td title='com.YouMagicPro.LKA_tests.BuyingAdditionalInternalNumberCheckCost.buyingAdditionalInternalNumberCheckCost_C15113()'><b>buyingAdditionalInternalNumberCheckCost_C15113</b><br>Test class: com.YouMagicPro.LKA_tests.BuyingAdditionalInternalNumberCheckCost</td>
<td></td>
<td>10</td>
<td>com.YouMagicPro.LKA_tests.BuyingAdditionalInternalNumberCheckCost@10bf989e</td></tr>
<tr>
<td title='com.YouMagicPro.LKA_tests.BuyingAdditionalNumberChooseCityFromList.buyingAdditionalNumberChooseCityFromList_C15103()'><b>buyingAdditionalNumberChooseCityFromList_C15103</b><br>Test class: com.YouMagicPro.LKA_tests.BuyingAdditionalNumberChooseCityFromList</td>
<td></td>
<td>17</td>
<td>com.YouMagicPro.LKA_tests.BuyingAdditionalNumberChooseCityFromList@5ae99cbb</td></tr>
<tr>
<td title='com.YouMagicPro.LKA_tests.CallForwardingPageTest.clickOnAvatarTest()'><b>clickOnAvatarTest</b><br>Test class: com.YouMagicPro.LKA_tests.CallForwardingPageTest</td>
<td></td>
<td>15</td>
<td>com.YouMagicPro.LKA_tests.CallForwardingPageTest@215bfaa5</td></tr>
<tr>
<td title='com.YouMagicPro.LKA_tests.ClickOnAvatarTest.clickOnAvatarTest()'><b>clickOnAvatarTest</b><br>Test class: com.YouMagicPro.LKA_tests.ClickOnAvatarTest</td>
<td></td>
<td>14</td>
<td>com.YouMagicPro.LKA_tests.ClickOnAvatarTest@561c2c45</td></tr>
<tr>
<td title='com.YouMagicPro.LKA_tests.ClickOnBalanceTest.clickOnBalanceTest()'><b>clickOnBalanceTest</b><br>Test class: com.YouMagicPro.LKA_tests.ClickOnBalanceTest</td>
<td></td>
<td>15</td>
<td>com.YouMagicPro.LKA_tests.ClickOnBalanceTest@3a70f2db</td></tr>
<tr>
<td title='com.YouMagicPro.LKA_tests.ClickOnContractTest.clickOnContractTest()'><b>clickOnContractTest</b><br>Test class: com.YouMagicPro.LKA_tests.ClickOnContractTest</td>
<td></td>
<td>15</td>
<td>com.YouMagicPro.LKA_tests.ClickOnContractTest@56c747e8</td></tr>
<tr>
<td title='com.YouMagicPro.LKA_tests.ClickOnDiskSpaceTest.clickOnDiskSpaceTest()'><b>clickOnDiskSpaceTest</b><br>Test class: com.YouMagicPro.LKA_tests.ClickOnDiskSpaceTest</td>
<td></td>
<td>14</td>
<td>com.YouMagicPro.LKA_tests.ClickOnDiskSpaceTest@40266966</td></tr>
<tr>
<td title='com.YouMagicPro.LKA_tests.ClickOnExitTest.clickOnExitTest()'><b>clickOnExitTest</b><br>Test class: com.YouMagicPro.LKA_tests.ClickOnExitTest</td>
<td></td>
<td>13</td>
<td>com.YouMagicPro.LKA_tests.ClickOnExitTest@2330a31</td></tr>
<tr>
<td title='com.YouMagicPro.LKA_tests.ClickOnIconTest.clickOnIconTest()'><b>clickOnIconTest</b><br>Test class: com.YouMagicPro.LKA_tests.ClickOnIconTest</td>
<td></td>
<td>12</td>
<td>com.YouMagicPro.LKA_tests.ClickOnIconTest@6c2e1e17</td></tr>
<tr>
<td title='com.YouMagicPro.LKA_tests.ClickOnInternalNumbersTest.clickOnInternalNumbersTest()'><b>clickOnInternalNumbersTest</b><br>Test class: com.YouMagicPro.LKA_tests.ClickOnInternalNumbersTest</td>
<td></td>
<td>14</td>
<td>com.YouMagicPro.LKA_tests.ClickOnInternalNumbersTest@7f2bad63</td></tr>
<tr>
<td title='com.YouMagicPro.LKA_tests.ClickOnPasswordChangeTest.clickOnPasswordChangeTest()'><b>clickOnPasswordChangeTest</b><br>Test class: com.YouMagicPro.LKA_tests.ClickOnPasswordChangeTest</td>
<td></td>
<td>15</td>
<td>com.YouMagicPro.LKA_tests.ClickOnPasswordChangeTest@18301ea4</td></tr>
<tr>
<td title='com.YouMagicPro.LKA_tests.ClickOnPersonalAccountTest.clickOnPersonalAccountTest()'><b>clickOnPersonalAccountTest</b><br>Test class: com.YouMagicPro.LKA_tests.ClickOnPersonalAccountTest</td>
<td></td>
<td>15</td>
<td>com.YouMagicPro.LKA_tests.ClickOnPersonalAccountTest@1bbe7ff5</td></tr>
<tr>
<td title='com.YouMagicPro.LKA_tests.ClickOnPromoTest.clickOnPromoTest()'><b>clickOnPromoTest</b><br>Test class: com.YouMagicPro.LKA_tests.ClickOnPromoTest</td>
<td></td>
<td>14</td>
<td>com.YouMagicPro.LKA_tests.ClickOnPromoTest@70ccb7e0</td></tr>
<tr>
<td title='com.YouMagicPro.LKA_tests.ContractBankAccountLettersAndNumbersTest.contractBankAccountLettersAndNumbersTest_C14496()'><b>contractBankAccountLettersAndNumbersTest_C14496</b><br>Test class: com.YouMagicPro.LKA_tests.ContractBankAccountLettersAndNumbersTest</td>
<td></td>
<td>15</td>
<td>com.YouMagicPro.LKA_tests.ContractBankAccountLettersAndNumbersTest@32039440</td></tr>
<tr>
<td title='com.YouMagicPro.LKA_tests.ContractBankAccountLettersInTextFieldTest.contractBankAccountLettersInTextFieldTest_C14995()'><b>contractBankAccountLettersInTextFieldTest_C14995</b><br>Test class: com.YouMagicPro.LKA_tests.ContractBankAccountLettersInTextFieldTest</td>
<td></td>
<td>15</td>
<td>com.YouMagicPro.LKA_tests.ContractBankAccountLettersInTextFieldTest@c847fcf</td></tr>
<tr>
<td title='com.YouMagicPro.LKA_tests.ContractBankAccountOneInTextFieldTest.contractBankAccountOneInTextFieldTest_C14993()'><b>contractBankAccountOneInTextFieldTest_C14993</b><br>Test class: com.YouMagicPro.LKA_tests.ContractBankAccountOneInTextFieldTest</td>
<td></td>
<td>15</td>
<td>com.YouMagicPro.LKA_tests.ContractBankAccountOneInTextFieldTest@287cbe54</td></tr>
<tr>
<td title='com.YouMagicPro.LKA_tests.ContractBankAccountSymbolsInTextFieldTest.contractBankAccountSymbolsInTextFieldTest_C14997()'><b>contractBankAccountSymbolsInTextFieldTest_C14997</b><br>Test class: com.YouMagicPro.LKA_tests.ContractBankAccountSymbolsInTextFieldTest</td>
<td></td>
<td>15</td>
<td>com.YouMagicPro.LKA_tests.ContractBankAccountSymbolsInTextFieldTest@4ee2f574</td></tr>
<tr>
<td title='com.YouMagicPro.LKA_tests.ContractBankAccountTenInTextFieldTest.contractBankAccountTenInTextFieldTest_C14994()'><b>contractBankAccountTenInTextFieldTest_C14994</b><br>Test class: com.YouMagicPro.LKA_tests.ContractBankAccountTenInTextFieldTest</td>
<td></td>
<td>15</td>
<td>com.YouMagicPro.LKA_tests.ContractBankAccountTenInTextFieldTest@44365201</td></tr>
<tr>
<td title='com.YouMagicPro.LKA_tests.ContractBikSymbolsInTextFieldTest.contractBikSymbolsInTextFieldTest_C15026()'><b>contractBikSymbolsInTextFieldTest_C15026</b><br>Test class: com.YouMagicPro.LKA_tests.ContractBikSymbolsInTextFieldTest</td>
<td></td>
<td>15</td>
<td>com.YouMagicPro.LKA_tests.ContractBikSymbolsInTextFieldTest@3541fcda</td></tr>
<tr>
<td title='com.YouMagicPro.LKA_tests.ContractBik1inTextFieldTest.contractBikTest1inTextField_C15022()'><b>contractBikTest1inTextField_C15022</b><br>Test class: com.YouMagicPro.LKA_tests.ContractBik1inTextFieldTest</td>
<td></td>
<td>14</td>
<td>com.YouMagicPro.LKA_tests.ContractBik1inTextFieldTest@77c2bc0d</td></tr>
<tr>
<td title='com.YouMagicPro.LKA_tests.ContractBikLettersInTextFieldTest.contractBikTestLettersInTextField_C15023()'><b>contractBikTestLettersInTextField_C15023</b><br>Test class: com.YouMagicPro.LKA_tests.ContractBikLettersInTextFieldTest</td>
<td></td>
<td>15</td>
<td>com.YouMagicPro.LKA_tests.ContractBikLettersInTextFieldTest@3ff9ddb5</td></tr>
<tr>
<td title='com.YouMagicPro.LKA_tests.ContractBikLettersAndNumbersInTextFieldTest.contractBikTest_C15025()'><b>contractBikTest_C15025</b><br>Test class: com.YouMagicPro.LKA_tests.ContractBikLettersAndNumbersInTextFieldTest</td>
<td></td>
<td>15</td>
<td>com.YouMagicPro.LKA_tests.ContractBikLettersAndNumbersInTextFieldTest@1f30e79e</td></tr>
<tr>
<td title='com.YouMagicPro.LKA_tests.ContractCheckDocumentTest.contractCheckDocumentTest_C14986()'><b>contractCheckDocumentTest_C14986</b><br>Test class: com.YouMagicPro.LKA_tests.ContractCheckDocumentTest</td>
<td></td>
<td>12</td>
<td>com.YouMagicPro.LKA_tests.ContractCheckDocumentTest@163c2261</td></tr>
<tr>
<td title='com.YouMagicPro.LKA_tests.ContractCorAccount19NumbersTest.contractCorAccount19NumbersTest_C15005()'><b>contractCorAccount19NumbersTest_C15005</b><br>Test class: com.YouMagicPro.LKA_tests.ContractCorAccount19NumbersTest</td>
<td></td>
<td>16</td>
<td>com.YouMagicPro.LKA_tests.ContractCorAccount19NumbersTest@539e922d</td></tr>
<tr>
<td title='com.YouMagicPro.LKA_tests.ContractCorAccountLettersInTextFieldTest.contractCorAccountLettersInTextFieldTest_C15001()'><b>contractCorAccountLettersInTextFieldTest_C15001</b><br>Test class: com.YouMagicPro.LKA_tests.ContractCorAccountLettersInTextFieldTest</td>
<td></td>
<td>15</td>
<td>com.YouMagicPro.LKA_tests.ContractCorAccountLettersInTextFieldTest@26767bef</td></tr>
<tr>
<td title='com.YouMagicPro.LKA_tests.ContractCorAccountOneInTextFieldTest.contractCorAccountOneInTextFieldTest_C14499()'><b>contractCorAccountOneInTextFieldTest_C14499</b><br>Test class: com.YouMagicPro.LKA_tests.ContractCorAccountOneInTextFieldTest</td>
<td></td>
<td>15</td>
<td>com.YouMagicPro.LKA_tests.ContractCorAccountOneInTextFieldTest@2f301b94</td></tr>
<tr>
<td title='com.YouMagicPro.LKA_tests.ContractCorAccountSymbolsInTextFieldTest.contractCorAccountSymbolsInTextFieldTest_C15003()'><b>contractCorAccountSymbolsInTextFieldTest_C15003</b><br>Test class: com.YouMagicPro.LKA_tests.ContractCorAccountSymbolsInTextFieldTest</td>
<td></td>
<td>15</td>
<td>com.YouMagicPro.LKA_tests.ContractCorAccountSymbolsInTextFieldTest@42d0850</td></tr>
<tr>
<td title='com.YouMagicPro.LKA_tests.ContractCorAccountLettersAndNumbersTextFieldTest.contractCorAccountTenInTextFieldTest_C15000()'><b>contractCorAccountTenInTextFieldTest_C15000</b><br>Test class: com.YouMagicPro.LKA_tests.ContractCorAccountLettersAndNumbersTextFieldTest</td>
<td></td>
<td>15</td>
<td>com.YouMagicPro.LKA_tests.ContractCorAccountLettersAndNumbersTextFieldTest@19d1c871</td></tr>
<tr>
<td title='com.YouMagicPro.LKA_tests.ContractEndOfPageDataTest.contractEndOfPageDataTest_C15062()'><b>contractEndOfPageDataTest_C15062</b><br>Test class: com.YouMagicPro.LKA_tests.ContractEndOfPageDataTest</td>
<td></td>
<td>12</td>
<td>com.YouMagicPro.LKA_tests.ContractEndOfPageDataTest@794baafe</td></tr>
<tr>
<td title='com.YouMagicPro.LKA_tests.ContractOgrnSymbolsTest.contractFillBankAccountTest()'><b>contractFillBankAccountTest</b><br>Test class: com.YouMagicPro.LKA_tests.ContractOgrnSymbolsTest</td>
<td></td>
<td>15</td>
<td>com.YouMagicPro.LKA_tests.ContractOgrnSymbolsTest@2a43a8b8</td></tr>
<tr>
<td title='com.YouMagicPro.LKA_tests.ContractInn6NumbersInTextFieldTest.contractInn6NumbersInTextFieldTest_C15029()'><b>contractInn6NumbersInTextFieldTest_C15029</b><br>Test class: com.YouMagicPro.LKA_tests.ContractInn6NumbersInTextFieldTest</td>
<td></td>
<td>14</td>
<td>com.YouMagicPro.LKA_tests.ContractInn6NumbersInTextFieldTest@7f62a9bf</td></tr>
<tr>
<td title='com.YouMagicPro.LKA_tests.ContractInnChooseFormTest.contractInnChooseForm_C15047()'><b>contractInnChooseForm_C15047</b><br>Test class: com.YouMagicPro.LKA_tests.ContractInnChooseFormTest</td>
<td></td>
<td>29</td>
<td>com.YouMagicPro.LKA_tests.ContractInnChooseFormTest@a5dae4f</td></tr>
<tr>
<td title='com.YouMagicPro.LKA_tests.ContractInnLettersInTextFieldTest.contractInnLettersInTextFieldTest_C15030()'><b>contractInnLettersInTextFieldTest_C15030</b><br>Test class: com.YouMagicPro.LKA_tests.ContractInnLettersInTextFieldTest</td>
<td></td>
<td>14</td>
<td>com.YouMagicPro.LKA_tests.ContractInnLettersInTextFieldTest@103c0cfb</td></tr>
<tr>
<td title='com.YouMagicPro.LKA_tests.ContractInnSymbolsInTextFieldTest.contractInnLettersInTextFieldTest_C15030()'><b>contractInnLettersInTextFieldTest_C15030</b><br>Test class: com.YouMagicPro.LKA_tests.ContractInnSymbolsInTextFieldTest</td>
<td></td>
<td>14</td>
<td>com.YouMagicPro.LKA_tests.ContractInnSymbolsInTextFieldTest@64e21817</td></tr>
<tr>
<td title='com.YouMagicPro.LKA_tests.ContractInnOneInTextFieldTest.contractInnOneInTextFieldTest_C15028()'><b>contractInnOneInTextFieldTest_C15028</b><br>Test class: com.YouMagicPro.LKA_tests.ContractInnOneInTextFieldTest</td>
<td></td>
<td>13</td>
<td>com.YouMagicPro.LKA_tests.ContractInnOneInTextFieldTest@528c40ee</td></tr>
<tr>
<td title='com.YouMagicPro.LKA_tests.ContractKppOneNumberInTextFieldTest.contractKppTest_C15048()'><b>contractKppTest_C15048</b><br>Test class: com.YouMagicPro.LKA_tests.ContractKppOneNumberInTextFieldTest</td>
<td></td>
<td>14</td>
<td>com.YouMagicPro.LKA_tests.ContractKppOneNumberInTextFieldTest@5c77399e</td></tr>
<tr>
<td title='com.YouMagicPro.LKA_tests.ContractKpp6NumbersInTextFieldTest.contractKppTest_C15049()'><b>contractKppTest_C15049</b><br>Test class: com.YouMagicPro.LKA_tests.ContractKpp6NumbersInTextFieldTest</td>
<td></td>
<td>15</td>
<td>com.YouMagicPro.LKA_tests.ContractKpp6NumbersInTextFieldTest@75faf398</td></tr>
<tr>
<td title='com.YouMagicPro.LKA_tests.ContractKppLettersTest.contractKppTest_C15050()'><b>contractKppTest_C15050</b><br>Test class: com.YouMagicPro.LKA_tests.ContractKppLettersTest</td>
<td></td>
<td>15</td>
<td>com.YouMagicPro.LKA_tests.ContractKppLettersTest@12c12bfd</td></tr>
<tr>
<td title='com.YouMagicPro.LKA_tests.ContractKppSymbolsTest.contractKppTest_C15051()'><b>contractKppTest_C15051</b><br>Test class: com.YouMagicPro.LKA_tests.ContractKppSymbolsTest</td>
<td></td>
<td>15</td>
<td>com.YouMagicPro.LKA_tests.ContractKppSymbolsTest@16daece7</td></tr>
<tr>
<td title='com.YouMagicPro.LKA_tests.ContractKppLettersAndNumbersTest.contractKppTest_C15054()'><b>contractKppTest_C15054</b><br>Test class: com.YouMagicPro.LKA_tests.ContractKppLettersAndNumbersTest</td>
<td></td>
<td>14</td>
<td>com.YouMagicPro.LKA_tests.ContractKppLettersAndNumbersTest@62d438fd</td></tr>
<tr>
<td title='com.YouMagicPro.LKA_tests.ContractOgrn6NumbersInTextFieldTest.contractOgrn6NumbersInTextFieldTest_C15055()'><b>contractOgrn6NumbersInTextFieldTest_C15055</b><br>Test class: com.YouMagicPro.LKA_tests.ContractOgrn6NumbersInTextFieldTest</td>
<td></td>
<td>14</td>
<td>com.YouMagicPro.LKA_tests.ContractOgrn6NumbersInTextFieldTest@d5f1185</td></tr>
<tr>
<td title='com.YouMagicPro.LKA_tests.ContractOgrnLettersAndNumbersInTextFieldTest.contractOgrnLettersAndNumbersInTextFieldTest_C15057()'><b>contractOgrnLettersAndNumbersInTextFieldTest_C15057</b><br>Test class: com.YouMagicPro.LKA_tests.ContractOgrnLettersAndNumbersInTextFieldTest</td>
<td></td>
<td>15</td>
<td>com.YouMagicPro.LKA_tests.ContractOgrnLettersAndNumbersInTextFieldTest@4d5825d6</td></tr>
<tr>
<td title='com.YouMagicPro.LKA_tests.ContractOgrnLettersInTextFieldTest.contractOgrnLettersInTextFieldTest_C15056()'><b>contractOgrnLettersInTextFieldTest_C15056</b><br>Test class: com.YouMagicPro.LKA_tests.ContractOgrnLettersInTextFieldTest</td>
<td></td>
<td>15</td>
<td>com.YouMagicPro.LKA_tests.ContractOgrnLettersInTextFieldTest@12bcb5a9</td></tr>
<tr>
<td title='com.YouMagicPro.LKA_tests.ContractOgrnOneNumberInTextFieldTest.contractOgrnOneNumberInTextFieldTest_C15053()'><b>contractOgrnOneNumberInTextFieldTest_C15053</b><br>Test class: com.YouMagicPro.LKA_tests.ContractOgrnOneNumberInTextFieldTest</td>
<td></td>
<td>14</td>
<td>com.YouMagicPro.LKA_tests.ContractOgrnOneNumberInTextFieldTest@379bc1bf</td></tr>
<tr>
<td title='com.YouMagicPro.LKA_tests.DetalizationPageTest.detalizationPageTest()'><b>detalizationPageTest</b><br>Test class: com.YouMagicPro.LKA_tests.DetalizationPageTest</td>
<td></td>
<td>14</td>
<td>com.YouMagicPro.LKA_tests.DetalizationPageTest@34dea091</td></tr>
<tr>
<td title='com.YouMagicPro.LKA_tests.DiscSpaceTest.discSpaceTest()'><b>discSpaceTest</b><br>Test class: com.YouMagicPro.LKA_tests.DiscSpaceTest</td>
<td></td>
<td>9</td>
<td>com.YouMagicPro.LKA_tests.DiscSpaceTest@2b86616b</td></tr>
<tr>
<td title='com.YouMagicPro.LKA_tests.EmployeesCheckInfoTest.employeesCheckInfoTest_C15252()'><b>employeesCheckInfoTest_C15252</b><br>Test class: com.YouMagicPro.LKA_tests.EmployeesCheckInfoTest</td>
<td></td>
<td>14</td>
<td>com.YouMagicPro.LKA_tests.EmployeesCheckInfoTest@1da477bf</td></tr>
<tr>
<td title='com.YouMagicPro.LKA_tests.EmployeesEditProfile2SymbolsInTextFieldTest.employeesEditProfile2SymbolsInTextFieldTest_C15253()'><b>employeesEditProfile2SymbolsInTextFieldTest_C15253</b><br>Test class: com.YouMagicPro.LKA_tests.EmployeesEditProfile2SymbolsInTextFieldTest</td>
<td></td>
<td>18</td>
<td>com.YouMagicPro.LKA_tests.EmployeesEditProfile2SymbolsInTextFieldTest@6fb05c54</td></tr>
<tr>
<td title='com.YouMagicPro.LKA_tests.EmployeesEditProfile3SymbolsInTextFieldTest.employeesEditProfile3SymbolsInTextFieldTest_C15256()'><b>employeesEditProfile3SymbolsInTextFieldTest_C15256</b><br>Test class: com.YouMagicPro.LKA_tests.EmployeesEditProfile3SymbolsInTextFieldTest</td>
<td></td>
<td>17</td>
<td>com.YouMagicPro.LKA_tests.EmployeesEditProfile3SymbolsInTextFieldTest@4f8ef33e</td></tr>
<tr>
<td title='com.YouMagicPro.LKA_tests.EmployeesEditProfileFillInDataTest.employeesEditProfileFillInDataTest_C15253()'><b>employeesEditProfileFillInDataTest_C15253</b><br>Test class: com.YouMagicPro.LKA_tests.EmployeesEditProfileFillInDataTest</td>
<td></td>
<td>23</td>
<td>com.YouMagicPro.LKA_tests.EmployeesEditProfileFillInDataTest@621c6849</td></tr>
<tr>
<td title='com.YouMagicPro.LKA_tests.EmployeesAddEmployeeTest.employeesEditProfileTest_C15253()'><b>employeesEditProfileTest_C15253</b><br>Test class: com.YouMagicPro.LKA_tests.EmployeesAddEmployeeTest</td>
<td></td>
<td>17</td>
<td>com.YouMagicPro.LKA_tests.EmployeesAddEmployeeTest@18b1abcd</td></tr>
<tr>
<td title='com.YouMagicPro.LKA_tests.EmployeesEditProfileTest.employeesEditProfileTest_C15253()'><b>employeesEditProfileTest_C15253</b><br>Test class: com.YouMagicPro.LKA_tests.EmployeesEditProfileTest</td>
<td></td>
<td>17</td>
<td>com.YouMagicPro.LKA_tests.EmployeesEditProfileTest@f50fa46</td></tr>
<tr>
<td title='com.YouMagicPro.LKA_tests.ExpenseStructureChooseAdditionalNumbersTest.expenseStructureChooseAdditionalNumbersTest_C15100()'><b>expenseStructureChooseAdditionalNumbersTest_C15100</b><br>Test class: com.YouMagicPro.LKA_tests.ExpenseStructureChooseAdditionalNumbersTest</td>
<td></td>
<td>11</td>
<td>com.YouMagicPro.LKA_tests.ExpenseStructureChooseAdditionalNumbersTest@1ba5cfae</td></tr>
<tr>
<td title='com.YouMagicPro.LKA_tests.ExpenseStructureChooseIntNumbersPageTest.expenseStructureChooseIntNumbersPageTest_C15102()'><b>expenseStructureChooseIntNumbersPageTest_C15102</b><br>Test class: com.YouMagicPro.LKA_tests.ExpenseStructureChooseIntNumbersPageTest</td>
<td></td>
<td>16</td>
<td>com.YouMagicPro.LKA_tests.ExpenseStructureChooseIntNumbersPageTest@2e8ebcab</td></tr>
<tr>
<td title='com.YouMagicPro.LKA_tests.ExpenseStructureInternalNumbersFeeTest.expenseStructureInternalNumbersFeeTest_C15101()'><b>expenseStructureInternalNumbersFeeTest_C15101</b><br>Test class: com.YouMagicPro.LKA_tests.ExpenseStructureInternalNumbersFeeTest</td>
<td></td>
<td>9</td>
<td>com.YouMagicPro.LKA_tests.ExpenseStructureInternalNumbersFeeTest@590937cb</td></tr>
<tr>
<td title='com.YouMagicPro.LKA_tests.ExpenseStructureRentalFeeTest.expenseStructureRentalFeeTest_C15096()'><b>expenseStructureRentalFeeTest_C15096</b><br>Test class: com.YouMagicPro.LKA_tests.ExpenseStructureRentalFeeTest</td>
<td></td>
<td>9</td>
<td>com.YouMagicPro.LKA_tests.ExpenseStructureRentalFeeTest@c5ec9da</td></tr>
<tr>
<td title='com.YouMagicPro.LKA_tests.OrderDeliveryOfContractDropdownListTest.expenseStructureTest()'><b>expenseStructureTest</b><br>Test class: com.YouMagicPro.LKA_tests.OrderDeliveryOfContractDropdownListTest</td>
<td></td>
<td>10</td>
<td>com.YouMagicPro.LKA_tests.OrderDeliveryOfContractDropdownListTest@365ce20</td></tr>
<tr>
<td title='com.YouMagicPro.LKA_tests.FaxPageTest.faxPageTest()'><b>faxPageTest</b><br>Test class: com.YouMagicPro.LKA_tests.FaxPageTest</td>
<td></td>
<td>16</td>
<td>com.YouMagicPro.LKA_tests.FaxPageTest@233a73db</td></tr>
<tr>
<td title='com.YouMagicPro.LKA_tests.FeedbackPageTest.feedbackPageTest()'><b>feedbackPageTest</b><br>Test class: com.YouMagicPro.LKA_tests.FeedbackPageTest</td>
<td></td>
<td>17</td>
<td>com.YouMagicPro.LKA_tests.FeedbackPageTest@1660bb22</td></tr>
<tr>
<td title='com.YouMagicPro.LKA_tests.FilesFreeSpacePageTest.filesFreeSpaceTest()'><b>filesFreeSpaceTest</b><br>Test class: com.YouMagicPro.LKA_tests.FilesFreeSpacePageTest</td>
<td></td>
<td>16</td>
<td>com.YouMagicPro.LKA_tests.FilesFreeSpacePageTest@2d4ab6e3</td></tr>
<tr>
<td title='com.YouMagicPro.LKA_tests.ContractFillInDataTest.fillInContractDataTest_C14998()'><b>fillInContractDataTest_C14998</b><br>Test class: com.YouMagicPro.LKA_tests.ContractFillInDataTest</td>
<td></td>
<td>18</td>
<td>com.YouMagicPro.LKA_tests.ContractFillInDataTest@7cd3f7a0</td></tr>
<tr>
<td title='com.YouMagicPro.LKA_tests.OrderByEmailCancelButtonTest.orderByEmailCancelButtonTest_C15141()'><b>orderByEmailCancelButtonTest_C15141</b><br>Test class: com.YouMagicPro.LKA_tests.OrderByEmailCancelButtonTest</td>
<td></td>
<td>10</td>
<td>com.YouMagicPro.LKA_tests.OrderByEmailCancelButtonTest@19e0f99e</td></tr>
<tr>
<td title='com.YouMagicPro.LKA_tests.OrderByEmailChangeEmailTest.orderByEmailChangeEmailTest_C25653()'><b>orderByEmailChangeEmailTest_C25653</b><br>Test class: com.YouMagicPro.LKA_tests.OrderByEmailChangeEmailTest</td>
<td></td>
<td>11</td>
<td>com.YouMagicPro.LKA_tests.OrderByEmailChangeEmailTest@4a41e2a3</td></tr>
<tr>
<td title='com.YouMagicPro.LKA_tests.OrderByEmailChangeNameTest.orderByEmailChangeNameTest_C25671()'><b>orderByEmailChangeNameTest_C25671</b><br>Test class: com.YouMagicPro.LKA_tests.OrderByEmailChangeNameTest</td>
<td></td>
<td>10</td>
<td>com.YouMagicPro.LKA_tests.OrderByEmailChangeNameTest@237dc815</td></tr>
<tr>
<td title='com.YouMagicPro.LKA_tests.OrderByEmailOrderWithoutDocTypeCheckedTest.orderByEmailOrderWithoutDocTypeCheckedTest_C25656()'><b>orderByEmailOrderWithoutDocTypeCheckedTest_C25656</b><br>Test class: com.YouMagicPro.LKA_tests.OrderByEmailOrderWithoutDocTypeCheckedTest</td>
<td></td>
<td>12</td>
<td>com.YouMagicPro.LKA_tests.OrderByEmailOrderWithoutDocTypeCheckedTest@5e5aefe</td></tr>
<tr>
<td title='com.YouMagicPro.LKA_tests.OrderByPickUpCancelButtonTest.orderByPickUpCancelButtonTest_C25664()'><b>orderByPickUpCancelButtonTest_C25664</b><br>Test class: com.YouMagicPro.LKA_tests.OrderByPickUpCancelButtonTest</td>
<td></td>
<td>10</td>
<td>com.YouMagicPro.LKA_tests.OrderByPickUpCancelButtonTest@43b64611</td></tr>
<tr>
<td title='com.YouMagicPro.LKA_tests.OrderByPickUpChangeNameTest.orderByPickUpChangeNameTest_C25668()'><b>orderByPickUpChangeNameTest_C25668</b><br>Test class: com.YouMagicPro.LKA_tests.OrderByPickUpChangeNameTest</td>
<td></td>
<td>11</td>
<td>com.YouMagicPro.LKA_tests.OrderByPickUpChangeNameTest@6ed885d7</td></tr>
<tr>
<td title='com.YouMagicPro.LKA_tests.OrderByPickUpOrderWithoutDocTypeCheckedTest.orderByPickUpOrderWithoutDocTypeCheckedTest_C25663()'><b>orderByPickUpOrderWithoutDocTypeCheckedTest_C25663</b><br>Test class: com.YouMagicPro.LKA_tests.OrderByPickUpOrderWithoutDocTypeCheckedTest</td>
<td></td>
<td>12</td>
<td>com.YouMagicPro.LKA_tests.OrderByPickUpOrderWithoutDocTypeCheckedTest@8fa0f67</td></tr>
<tr>
<td title='com.YouMagicPro.LKA_tests.OrderDeliveryOfContractCancelButtonTest.orderDeliveryOfContractCancelButtonTest()'><b>orderDeliveryOfContractCancelButtonTest</b><br>Test class: com.YouMagicPro.LKA_tests.OrderDeliveryOfContractCancelButtonTest</td>
<td></td>
<td>10</td>
<td>com.YouMagicPro.LKA_tests.OrderDeliveryOfContractCancelButtonTest@fe85adf</td></tr>
<tr>
<td title='com.YouMagicPro.LKA_tests.OrderToAdressCancelButtonClickTest.orderToAdressCancelButtonClickTest_C25675()'><b>orderToAdressCancelButtonClickTest_C25675</b><br>Test class: com.YouMagicPro.LKA_tests.OrderToAdressCancelButtonClickTest</td>
<td></td>
<td>16</td>
<td>com.YouMagicPro.LKA_tests.OrderToAdressCancelButtonClickTest@482ef8a9</td></tr>
<tr>
<td title='com.YouMagicPro.LKA_tests.OrderToAdressChangeNameTest.orderToAdressChangeNameTest_C25672()'><b>orderToAdressChangeNameTest_C25672</b><br>Test class: com.YouMagicPro.LKA_tests.OrderToAdressChangeNameTest</td>
<td></td>
<td>11</td>
<td>com.YouMagicPro.LKA_tests.OrderToAdressChangeNameTest@3c74445</td></tr>
<tr>
<td title='com.YouMagicPro.LKA_tests.OrderToAdressChangePhoneTest.orderToAdressChangePhoneTest_C25677()'><b>orderToAdressChangePhoneTest_C25677</b><br>Test class: com.YouMagicPro.LKA_tests.OrderToAdressChangePhoneTest</td>
<td></td>
<td>11</td>
<td>com.YouMagicPro.LKA_tests.OrderToAdressChangePhoneTest@22e5b6b0</td></tr>
<tr>
<td title='com.YouMagicPro.LKA_tests.PaymentsPageTest.soundFilesTest()'><b>soundFilesTest</b><br>Test class: com.YouMagicPro.LKA_tests.PaymentsPageTest</td>
<td></td>
<td>14</td>
<td>com.YouMagicPro.LKA_tests.PaymentsPageTest@6f8cc276</td></tr>
<tr>
<td title='com.YouMagicPro.LKA_tests.SoundFilesPageTest.soundFilesTest()'><b>soundFilesTest</b><br>Test class: com.YouMagicPro.LKA_tests.SoundFilesPageTest</td>
<td></td>
<td>20</td>
<td>com.YouMagicPro.LKA_tests.SoundFilesPageTest@7f3f6786</td></tr>
<tr>
<td title='com.YouMagicPro.LKA_tests.VoiceFillNAmeTextFieldTest.voiceFillNAmeTextFieldTest_C15293()'><b>voiceFillNAmeTextFieldTest_C15293</b><br>Test class: com.YouMagicPro.LKA_tests.VoiceFillNAmeTextFieldTest</td>
<td></td>
<td>22</td>
<td>com.YouMagicPro.LKA_tests.VoiceFillNAmeTextFieldTest@6d5bd16</td></tr>
<tr>
<td title='com.YouMagicPro.LKA_tests.VoiceMenuFillNAmeTextFieldTest.voiceFillNAmeTextFieldTest_C15293()'><b>voiceFillNAmeTextFieldTest_C15293</b><br>Test class: com.YouMagicPro.LKA_tests.VoiceMenuFillNAmeTextFieldTest</td>
<td></td>
<td>15</td>
<td>com.YouMagicPro.LKA_tests.VoiceMenuFillNAmeTextFieldTest@47b9af7d</td></tr>
<tr>
<td title='com.YouMagicPro.LKA_tests.VoiceMailChooseSoundTest.voiceMailChooseSoundTest_C15294()'><b>voiceMailChooseSoundTest_C15294</b><br>Test class: com.YouMagicPro.LKA_tests.VoiceMailChooseSoundTest</td>
<td></td>
<td>23</td>
<td>com.YouMagicPro.LKA_tests.VoiceMailChooseSoundTest@493b1f1b</td></tr>
<tr>
<td title='com.YouMagicPro.LKA_tests.VoiceMenuChooseSoundTest.voiceMailChooseSoundTest_C15294()'><b>voiceMailChooseSoundTest_C15294</b><br>Test class: com.YouMagicPro.LKA_tests.VoiceMenuChooseSoundTest</td>
<td></td>
<td>23</td>
<td>com.YouMagicPro.LKA_tests.VoiceMenuChooseSoundTest@40199011</td></tr>
<tr>
<td title='com.YouMagicPro.LKA_tests.VoiceMailEmptyNameTextFieldTest.voiceMailEmptyNameTextFieldTest_C19851()'><b>voiceMailEmptyNameTextFieldTest_C19851</b><br>Test class: com.YouMagicPro.LKA_tests.VoiceMailEmptyNameTextFieldTest</td>
<td></td>
<td>17</td>
<td>com.YouMagicPro.LKA_tests.VoiceMailEmptyNameTextFieldTest@73b228d1</td></tr>
<tr>
<td title='com.YouMagicPro.LKA_tests.VoiceMenuEmptyNameTextFieldTest.voiceMailEmptyNameTextFieldTest_C19851()'><b>voiceMailEmptyNameTextFieldTest_C19851</b><br>Test class: com.YouMagicPro.LKA_tests.VoiceMenuEmptyNameTextFieldTest</td>
<td></td>
<td>17</td>
<td>com.YouMagicPro.LKA_tests.VoiceMenuEmptyNameTextFieldTest@173ceeb6</td></tr>
<tr>
<td title='com.YouMagicPro.LKA_tests.VoiceMailPageTest.voiceMailPageTest()'><b>voiceMailPageTest</b><br>Test class: com.YouMagicPro.LKA_tests.VoiceMailPageTest</td>
<td></td>
<td>16</td>
<td>com.YouMagicPro.LKA_tests.VoiceMailPageTest@52ccff1e</td></tr>
<tr>
<td title='com.YouMagicPro.LKA_tests.VoiceMenuAddTest.voiceMenuAddTest_C15292()'><b>voiceMenuAddTest_C15292</b><br>Test class: com.YouMagicPro.LKA_tests.VoiceMenuAddTest</td>
<td></td>
<td>15</td>
<td>com.YouMagicPro.LKA_tests.VoiceMenuAddTest@1240158</td></tr>
<tr>
<td title='com.YouMagicPro.LKA_tests.YourNumbersTest.yourNumbersTest()'><b>yourNumbersTest</b><br>Test class: com.YouMagicPro.LKA_tests.YourNumbersTest</td>
<td></td>
<td>20</td>
<td>com.YouMagicPro.LKA_tests.YourNumbersTest@56783b10</td></tr>
</table><p>
</body>
</html>